[ INFO       | Trader.py: 107		] 2018-10-01 09:15:04,055 > 프로그램이 시작되었습니다.
[ DEBUG      | Trader.py: 570		] 2018-10-01 09:15:06,533 > etf,etn리스트 저장
[ DEBUG      | Trader.py: 317		] 2018-10-01 09:15:12,311 > 잔고조회
[ DEBUG      | Trader.py: 317		] 2018-10-01 09:15:25,215 > 잔고조회
[ DEBUG      | Trader.py: 317		] 2018-10-01 09:15:36,135 > 잔고조회
[ DEBUG      | Trader.py: 215		] 2018-10-01 09:15:37,051 > 매도 알고리즘 실행
[ DEBUG      | Trader.py: 539		] 2018-10-01 09:15:37,223 > 보유종목현황
[ INFO       | Trader.py: 362		] 2018-10-01 09:15:38,710 > 매수전략1 실행/중지
[ DEBUG      | Trader.py: 211		] 2018-10-01 09:16:04,049 > 거래량조회 알고리즘 실행
[ DEBUG      | Trader.py: 215		] 2018-10-01 09:16:10,051 > 매도 알고리즘 실행
[ DEBUG      | Trader.py: 539		] 2018-10-01 09:16:10,285 > 보유종목현황
[ DEBUG      | Trader.py: 211		] 2018-10-01 09:16:34,043 > 거래량조회 알고리즘 실행
[ DEBUG      | Trader.py: 215		] 2018-10-01 09:16:43,047 > 매도 알고리즘 실행
[ DEBUG      | Trader.py: 539		] 2018-10-01 09:16:43,203 > 보유종목현황
[ DEBUG      | Trader.py: 211		] 2018-10-01 09:17:04,053 > 거래량조회 알고리즘 실행
[ DEBUG      | Trader.py: 215		] 2018-10-01 09:17:16,047 > 매도 알고리즘 실행
[ DEBUG      | Trader.py: 539		] 2018-10-01 09:17:16,125 > 보유종목현황
[ DEBUG      | Trader.py: 211		] 2018-10-01 09:17:34,054 > 거래량조회 알고리즘 실행
[ DEBUG      | Trader.py: 215		] 2018-10-01 09:17:49,059 > 매도 알고리즘 실행
[ DEBUG      | Trader.py: 539		] 2018-10-01 09:17:49,137 > 보유종목현황
[ DEBUG      | Trader.py: 211		] 2018-10-01 09:18:04,066 > 거래량조회 알고리즘 실행
[ DEBUG      | Trader.py: 215		] 2018-10-01 09:18:22,072 > 매도 알고리즘 실행
[ DEBUG      | Trader.py: 539		] 2018-10-01 09:18:22,603 > 보유종목현황
[ DEBUG      | Trader.py: 211		] 2018-10-01 09:18:34,060 > 거래량조회 알고리즘 실행
[ DEBUG      | Trader.py: 215		] 2018-10-01 09:18:55,067 > 매도 알고리즘 실행
[ DEBUG      | Trader.py: 539		] 2018-10-01 09:18:55,145 > 보유종목현황
[ DEBUG      | Trader.py: 211		] 2018-10-01 09:19:04,072 > 거래량조회 알고리즘 실행
[ DEBUG      | Trader.py: 215		] 2018-10-01 09:19:28,070 > 매도 알고리즘 실행
[ DEBUG      | Trader.py: 539		] 2018-10-01 09:19:28,179 > 보유종목현황
[ DEBUG      | Trader.py: 544		] 2018-10-01 09:19:28,179 > 이익실현매도
[ CRITICAL   | Trader.py: 390		] 2018-10-01 09:19:29,211 > 주문실행
[ DEBUG      | Trader.py: 211		] 2018-10-01 09:19:34,057 > 거래량조회 알고리즘 실행
[ DEBUG      | Trader.py: 215		] 2018-10-01 09:20:01,066 > 매도 알고리즘 실행
[ DEBUG      | Trader.py: 211		] 2018-10-01 09:20:04,067 > 거래량조회 알고리즘 실행
[ DEBUG      | Trader.py: 215		] 2018-10-01 09:20:34,068 > 매도 알고리즘 실행
[ DEBUG      | Trader.py: 211		] 2018-10-01 09:20:34,068 > 거래량조회 알고리즘 실행
[ DEBUG      | Trader.py: 211		] 2018-10-01 09:21:04,061 > 거래량조회 알고리즘 실행
[ DEBUG      | Trader.py: 215		] 2018-10-01 09:21:07,062 > 매도 알고리즘 실행
[ DEBUG      | Trader.py: 211		] 2018-10-01 09:21:34,071 > 거래량조회 알고리즘 실행
[ DEBUG      | Trader.py: 215		] 2018-10-01 09:21:40,057 > 매도 알고리즘 실행
[ DEBUG      | Trader.py: 211		] 2018-10-01 09:22:04,066 > 거래량조회 알고리즘 실행
[ DEBUG      | Trader.py: 215		] 2018-10-01 09:22:13,069 > 매도 알고리즘 실행
[ DEBUG      | Trader.py: 211		] 2018-10-01 09:22:34,060 > 거래량조회 알고리즘 실행
[ DEBUG      | Trader.py: 215		] 2018-10-01 09:22:46,064 > 매도 알고리즘 실행
[ DEBUG      | Trader.py: 211		] 2018-10-01 09:23:04,069 > 거래량조회 알고리즘 실행
[ DEBUG      | Trader.py: 215		] 2018-10-01 09:23:19,059 > 매도 알고리즘 실행
[ DEBUG      | Trader.py: 211		] 2018-10-01 09:23:34,063 > 거래량조회 알고리즘 실행
[ DEBUG      | Trader.py: 215		] 2018-10-01 09:23:52,070 > 매도 알고리즘 실행
[ DEBUG      | Trader.py: 211		] 2018-10-01 09:24:04,059 > 거래량조회 알고리즘 실행
[ DEBUG      | Trader.py: 215		] 2018-10-01 09:24:25,066 > 매도 알고리즘 실행
[ DEBUG      | Trader.py: 211		] 2018-10-01 09:24:34,069 > 거래량조회 알고리즘 실행
[ DEBUG      | Trader.py: 215		] 2018-10-01 09:24:58,061 > 매도 알고리즘 실행
[ DEBUG      | Trader.py: 211		] 2018-10-01 09:25:04,063 > 거래량조회 알고리즘 실행
[ DEBUG      | Trader.py: 215		] 2018-10-01 09:25:31,072 > 매도 알고리즘 실행
[ DEBUG      | Trader.py: 211		] 2018-10-01 09:25:34,057 > 거래량조회 알고리즘 실행
[ DEBUG      | Trader.py: 215		] 2018-10-01 09:26:04,070 > 매도 알고리즘 실행
[ DEBUG      | Trader.py: 211		] 2018-10-01 09:26:04,070 > 거래량조회 알고리즘 실행
[ DEBUG      | Trader.py: 211		] 2018-10-01 09:26:34,065 > 거래량조회 알고리즘 실행
[ DEBUG      | Trader.py: 215		] 2018-10-01 09:26:37,067 > 매도 알고리즘 실행
[ DEBUG      | Trader.py: 211		] 2018-10-01 09:27:04,060 > 거래량조회 알고리즘 실행
[ DEBUG      | Trader.py: 215		] 2018-10-01 09:27:10,063 > 매도 알고리즘 실행
[ DEBUG      | Trader.py: 211		] 2018-10-01 09:27:34,070 > 거래량조회 알고리즘 실행
[ DEBUG      | Trader.py: 215		] 2018-10-01 09:27:43,058 > 매도 알고리즘 실행
[ DEBUG      | Trader.py: 211		] 2018-10-01 09:28:04,066 > 거래량조회 알고리즘 실행
[ DEBUG      | Trader.py: 215		] 2018-10-01 09:28:16,070 > 매도 알고리즘 실행
[ DEBUG      | Trader.py: 211		] 2018-10-01 09:28:34,060 > 거래량조회 알고리즘 실행
[ DEBUG      | Trader.py: 215		] 2018-10-01 09:28:49,065 > 매도 알고리즘 실행
[ DEBUG      | Trader.py: 211		] 2018-10-01 09:29:04,070 > 거래량조회 알고리즘 실행
[ DEBUG      | Trader.py: 215		] 2018-10-01 09:29:22,060 > 매도 알고리즘 실행
[ DEBUG      | Trader.py: 211		] 2018-10-01 09:29:34,064 > 거래량조회 알고리즘 실행
[ DEBUG      | Trader.py: 215		] 2018-10-01 09:29:55,072 > 매도 알고리즘 실행
[ DEBUG      | Trader.py: 211		] 2018-10-01 09:30:04,059 > 거래량조회 알고리즘 실행
[ DEBUG      | Trader.py: 215		] 2018-10-01 09:30:28,067 > 매도 알고리즘 실행
[ DEBUG      | Trader.py: 211		] 2018-10-01 09:30:34,069 > 거래량조회 알고리즘 실행
[ DEBUG      | Trader.py: 215		] 2018-10-01 09:31:01,062 > 매도 알고리즘 실행
[ DEBUG      | Trader.py: 211		] 2018-10-01 09:31:04,063 > 거래량조회 알고리즘 실행
[ DEBUG      | Trader.py: 215		] 2018-10-01 09:31:34,057 > 매도 알고리즘 실행
[ DEBUG      | Trader.py: 211		] 2018-10-01 09:31:34,057 > 거래량조회 알고리즘 실행
[ DEBUG      | Trader.py: 211		] 2018-10-01 09:32:04,067 > 거래량조회 알고리즘 실행
[ DEBUG      | Trader.py: 215		] 2018-10-01 09:32:07,068 > 매도 알고리즘 실행
[ DEBUG      | Trader.py: 211		] 2018-10-01 09:32:34,061 > 거래량조회 알고리즘 실행
[ DEBUG      | Trader.py: 480		] 2018-10-01 09:32:35,014 > 바이리스트 주문을 시작함
[ CRITICAL   | Trader.py: 493		] 2018-10-01 09:32:35,092 > 주문실행
[ CRITICAL   | Trader.py: 390		] 2018-10-01 09:32:36,624 > 주문실행
[ DEBUG      | Trader.py: 215		] 2018-10-01 09:32:40,063 > 매도 알고리즘 실행
[ DEBUG      | Trader.py: 539		] 2018-10-01 09:32:40,142 > 보유종목현황
[ DEBUG      | Trader.py: 211		] 2018-10-01 09:33:04,072 > 거래량조회 알고리즘 실행
[ DEBUG      | Trader.py: 215		] 2018-10-01 09:33:13,059 > 매도 알고리즘 실행
[ DEBUG      | Trader.py: 539		] 2018-10-01 09:33:13,215 > 보유종목현황
[ DEBUG      | Trader.py: 211		] 2018-10-01 09:33:34,066 > 거래량조회 알고리즘 실행
[ DEBUG      | Trader.py: 215		] 2018-10-01 09:33:46,071 > 매도 알고리즘 실행
[ DEBUG      | Trader.py: 539		] 2018-10-01 09:33:46,149 > 보유종목현황
[ DEBUG      | Trader.py: 211		] 2018-10-01 09:34:04,061 > 거래량조회 알고리즘 실행
[ DEBUG      | Trader.py: 215		] 2018-10-01 09:34:19,065 > 매도 알고리즘 실행
[ DEBUG      | Trader.py: 539		] 2018-10-01 09:34:19,144 > 보유종목현황
[ DEBUG      | Trader.py: 211		] 2018-10-01 09:34:34,071 > 거래량조회 알고리즘 실행
[ DEBUG      | Trader.py: 215		] 2018-10-01 09:34:52,061 > 매도 알고리즘 실행
[ DEBUG      | Trader.py: 539		] 2018-10-01 09:34:52,139 > 보유종목현황
[ DEBUG      | Trader.py: 211		] 2018-10-01 09:35:04,065 > 거래량조회 알고리즘 실행
[ DEBUG      | Trader.py: 215		] 2018-10-01 09:35:25,072 > 매도 알고리즘 실행
[ DEBUG      | Trader.py: 539		] 2018-10-01 09:35:25,150 > 보유종목현황
[ DEBUG      | Trader.py: 211		] 2018-10-01 09:35:34,059 > 거래량조회 알고리즘 실행
[ DEBUG      | Trader.py: 215		] 2018-10-01 09:35:58,067 > 매도 알고리즘 실행
[ DEBUG      | Trader.py: 539		] 2018-10-01 09:35:58,145 > 보유종목현황
[ DEBUG      | Trader.py: 211		] 2018-10-01 09:36:04,069 > 거래량조회 알고리즘 실행
[ DEBUG      | Trader.py: 215		] 2018-10-01 09:36:31,140 > 매도 알고리즘 실행
[ DEBUG      | Trader.py: 539		] 2018-10-01 09:36:31,218 > 보유종목현황
[ DEBUG      | Trader.py: 211		] 2018-10-01 09:36:34,063 > 거래량조회 알고리즘 실행
[ DEBUG      | Trader.py: 211		] 2018-10-01 09:37:04,058 > 거래량조회 알고리즘 실행
[ DEBUG      | Trader.py: 215		] 2018-10-01 09:37:04,933 > 매도 알고리즘 실행
[ DEBUG      | Trader.py: 539		] 2018-10-01 09:37:05,074 > 보유종목현황
[ DEBUG      | Trader.py: 211		] 2018-10-01 09:37:34,069 > 거래량조회 알고리즘 실행
[ DEBUG      | Trader.py: 215		] 2018-10-01 09:37:37,148 > 매도 알고리즘 실행
[ DEBUG      | Trader.py: 539		] 2018-10-01 09:37:37,226 > 보유종목현황
[ DEBUG      | Trader.py: 556		] 2018-10-01 09:37:37,226 > 손절매도
[ CRITICAL   | Trader.py: 390		] 2018-10-01 09:37:38,258 > 주문실행
[ DEBUG      | Trader.py: 211		] 2018-10-01 09:38:04,064 > 거래량조회 알고리즘 실행
[ DEBUG      | Trader.py: 215		] 2018-10-01 09:38:10,144 > 매도 알고리즘 실행
[ DEBUG      | Trader.py: 211		] 2018-10-01 09:38:34,059 > 거래량조회 알고리즘 실행
[ DEBUG      | Trader.py: 215		] 2018-10-01 09:38:43,140 > 매도 알고리즘 실행
[ DEBUG      | Trader.py: 211		] 2018-10-01 09:39:04,069 > 거래량조회 알고리즘 실행
[ DEBUG      | Trader.py: 215		] 2018-10-01 09:39:16,135 > 매도 알고리즘 실행
[ DEBUG      | Trader.py: 211		] 2018-10-01 09:39:34,062 > 거래량조회 알고리즘 실행
[ DEBUG      | Trader.py: 215		] 2018-10-01 09:39:49,145 > 매도 알고리즘 실행
[ DEBUG      | Trader.py: 211		] 2018-10-01 09:40:04,072 > 거래량조회 알고리즘 실행
[ DEBUG      | Trader.py: 215		] 2018-10-01 09:40:22,140 > 매도 알고리즘 실행
[ DEBUG      | Trader.py: 211		] 2018-10-01 09:40:34,097 > 거래량조회 알고리즘 실행
[ DEBUG      | Trader.py: 215		] 2018-10-01 09:40:55,135 > 매도 알고리즘 실행
[ DEBUG      | Trader.py: 211		] 2018-10-01 09:41:04,091 > 거래량조회 알고리즘 실행
[ DEBUG      | Trader.py: 215		] 2018-10-01 09:41:28,135 > 매도 알고리즘 실행
[ DEBUG      | Trader.py: 211		] 2018-10-01 09:41:34,090 > 거래량조회 알고리즘 실행
[ DEBUG      | Trader.py: 215		] 2018-10-01 09:42:01,145 > 매도 알고리즘 실행
[ DEBUG      | Trader.py: 211		] 2018-10-01 09:42:04,100 > 거래량조회 알고리즘 실행
[ DEBUG      | Trader.py: 211		] 2018-10-01 09:42:34,094 > 거래량조회 알고리즘 실행
[ DEBUG      | Trader.py: 215		] 2018-10-01 09:42:34,984 > 매도 알고리즘 실행
[ DEBUG      | Trader.py: 211		] 2018-10-01 09:43:04,089 > 거래량조회 알고리즘 실행
[ DEBUG      | Trader.py: 215		] 2018-10-01 09:43:07,137 > 매도 알고리즘 실행
[ DEBUG      | Trader.py: 211		] 2018-10-01 09:43:34,100 > 거래량조회 알고리즘 실행
[ DEBUG      | Trader.py: 215		] 2018-10-01 09:43:40,148 > 매도 알고리즘 실행
[ DEBUG      | Trader.py: 211		] 2018-10-01 09:44:04,095 > 거래량조회 알고리즘 실행
[ DEBUG      | Trader.py: 215		] 2018-10-01 09:44:13,144 > 매도 알고리즘 실행
[ DEBUG      | Trader.py: 211		] 2018-10-01 09:44:34,089 > 거래량조회 알고리즘 실행
[ DEBUG      | Trader.py: 215		] 2018-10-01 09:44:46,140 > 매도 알고리즘 실행
[ DEBUG      | Trader.py: 252		] 2018-10-01 09:45:04,067 > 중간보고
[ DEBUG      | Trader.py: 211		] 2018-10-01 09:45:04,099 > 거래량조회 알고리즘 실행
[ DEBUG      | Trader.py: 215		] 2018-10-01 09:45:19,135 > 매도 알고리즘 실행
[ DEBUG      | Trader.py: 211		] 2018-10-01 09:45:34,093 > 거래량조회 알고리즘 실행
[ DEBUG      | Trader.py: 215		] 2018-10-01 09:45:52,146 > 매도 알고리즘 실행
[ DEBUG      | Trader.py: 211		] 2018-10-01 09:46:04,088 > 거래량조회 알고리즘 실행
[ DEBUG      | Trader.py: 317		] 2018-10-01 09:46:17,296 > 잔고조회
[ DEBUG      | Trader.py: 215		] 2018-10-01 09:46:25,149 > 매도 알고리즘 실행
[ DEBUG      | Trader.py: 211		] 2018-10-01 09:46:34,089 > 거래량조회 알고리즘 실행
[ DEBUG      | Trader.py: 480		] 2018-10-01 09:46:35,043 > 바이리스트 주문을 시작함
[ CRITICAL   | Trader.py: 493		] 2018-10-01 09:46:35,184 > 주문실행
[ CRITICAL   | Trader.py: 390		] 2018-10-01 09:46:36,731 > 주문실행
[ DEBUG      | Trader.py: 215		] 2018-10-01 09:46:58,145 > 매도 알고리즘 실행
[ DEBUG      | Trader.py: 539		] 2018-10-01 09:46:58,223 > 보유종목현황
[ DEBUG      | Trader.py: 211		] 2018-10-01 09:47:04,100 > 거래량조회 알고리즘 실행
[ DEBUG      | Trader.py: 215		] 2018-10-01 09:47:31,140 > 매도 알고리즘 실행
[ DEBUG      | Trader.py: 539		] 2018-10-01 09:47:31,218 > 보유종목현황
[ DEBUG      | Trader.py: 211		] 2018-10-01 09:47:34,095 > 거래량조회 알고리즘 실행
[ DEBUG      | Trader.py: 211		] 2018-10-01 09:48:04,092 > 거래량조회 알고리즘 실행
[ DEBUG      | Trader.py: 215		] 2018-10-01 09:48:05,045 > 매도 알고리즘 실행
[ DEBUG      | Trader.py: 539		] 2018-10-01 09:48:05,139 > 보유종목현황
[ DEBUG      | Trader.py: 211		] 2018-10-01 09:48:34,102 > 거래량조회 알고리즘 실행
[ DEBUG      | Trader.py: 215		] 2018-10-01 09:48:37,135 > 매도 알고리즘 실행
[ DEBUG      | Trader.py: 539		] 2018-10-01 09:48:37,354 > 보유종목현황
[ DEBUG      | Trader.py: 211		] 2018-10-01 09:49:04,092 > 거래량조회 알고리즘 실행
[ DEBUG      | Trader.py: 215		] 2018-10-01 09:49:10,140 > 매도 알고리즘 실행
[ DEBUG      | Trader.py: 539		] 2018-10-01 09:49:10,219 > 보유종목현황
[ DEBUG      | Trader.py: 211		] 2018-10-01 09:49:34,096 > 거래량조회 알고리즘 실행
[ DEBUG      | Trader.py: 215		] 2018-10-01 09:49:43,149 > 매도 알고리즘 실행
[ DEBUG      | Trader.py: 539		] 2018-10-01 09:49:43,227 > 보유종목현황
[ DEBUG      | Trader.py: 211		] 2018-10-01 09:50:04,093 > 거래량조회 알고리즘 실행
[ DEBUG      | Trader.py: 215		] 2018-10-01 09:50:16,140 > 매도 알고리즘 실행
[ DEBUG      | Trader.py: 539		] 2018-10-01 09:50:16,218 > 보유종목현황
[ DEBUG      | Trader.py: 211		] 2018-10-01 09:50:34,102 > 거래량조회 알고리즘 실행
[ DEBUG      | Trader.py: 215		] 2018-10-01 09:50:49,149 > 매도 알고리즘 실행
[ DEBUG      | Trader.py: 539		] 2018-10-01 09:50:49,227 > 보유종목현황
[ DEBUG      | Trader.py: 211		] 2018-10-01 09:51:04,093 > 거래량조회 알고리즘 실행
[ DEBUG      | Trader.py: 480		] 2018-10-01 09:51:04,953 > 바이리스트 주문을 시작함
[ CRITICAL   | Trader.py: 493		] 2018-10-01 09:51:05,109 > 주문실행
[ CRITICAL   | Trader.py: 390		] 2018-10-01 09:51:06,641 > 주문실행
[ DEBUG      | Trader.py: 215		] 2018-10-01 09:51:22,142 > 매도 알고리즘 실행
[ DEBUG      | Trader.py: 539		] 2018-10-01 09:51:22,220 > 보유종목현황
[ DEBUG      | Trader.py: 211		] 2018-10-01 09:51:34,095 > 거래량조회 알고리즘 실행
[ DEBUG      | Trader.py: 215		] 2018-10-01 09:51:55,146 > 매도 알고리즘 실행
[ DEBUG      | Trader.py: 539		] 2018-10-01 09:51:55,224 > 보유종목현황
[ DEBUG      | Trader.py: 211		] 2018-10-01 09:52:04,102 > 거래량조회 알고리즘 실행
[ DEBUG      | Trader.py: 215		] 2018-10-01 09:52:28,137 > 매도 알고리즘 실행
[ DEBUG      | Trader.py: 539		] 2018-10-01 09:52:28,216 > 보유종목현황
[ DEBUG      | Trader.py: 211		] 2018-10-01 09:52:34,098 > 거래량조회 알고리즘 실행
[ DEBUG      | Trader.py: 215		] 2018-10-01 09:53:01,142 > 매도 알고리즘 실행
[ DEBUG      | Trader.py: 539		] 2018-10-01 09:53:01,220 > 보유종목현황
[ DEBUG      | Trader.py: 211		] 2018-10-01 09:53:04,092 > 거래량조회 알고리즘 실행
[ DEBUG      | Trader.py: 211		] 2018-10-01 09:53:34,098 > 거래량조회 알고리즘 실행
[ DEBUG      | Trader.py: 215		] 2018-10-01 09:53:35,004 > 매도 알고리즘 실행
[ DEBUG      | Trader.py: 539		] 2018-10-01 09:53:35,082 > 보유종목현황
[ DEBUG      | Trader.py: 211		] 2018-10-01 09:54:04,095 > 거래량조회 알고리즘 실행
[ DEBUG      | Trader.py: 215		] 2018-10-01 09:54:07,145 > 매도 알고리즘 실행
[ DEBUG      | Trader.py: 539		] 2018-10-01 09:54:07,223 > 보유종목현황
[ DEBUG      | Trader.py: 211		] 2018-10-01 09:54:34,094 > 거래량조회 알고리즘 실행
[ DEBUG      | Trader.py: 215		] 2018-10-01 09:54:40,142 > 매도 알고리즘 실행
[ DEBUG      | Trader.py: 539		] 2018-10-01 09:54:40,252 > 보유종목현황
[ DEBUG      | Trader.py: 211		] 2018-10-01 09:55:04,092 > 거래량조회 알고리즘 실행
[ DEBUG      | Trader.py: 215		] 2018-10-01 09:55:13,141 > 매도 알고리즘 실행
[ DEBUG      | Trader.py: 539		] 2018-10-01 09:55:13,220 > 보유종목현황
[ DEBUG      | Trader.py: 211		] 2018-10-01 09:55:34,095 > 거래량조회 알고리즘 실행
[ DEBUG      | Trader.py: 215		] 2018-10-01 09:55:46,147 > 매도 알고리즘 실행
[ DEBUG      | Trader.py: 539		] 2018-10-01 09:55:46,225 > 보유종목현황
[ DEBUG      | Trader.py: 211		] 2018-10-01 09:56:04,093 > 거래량조회 알고리즘 실행
[ DEBUG      | Trader.py: 215		] 2018-10-01 09:56:19,142 > 매도 알고리즘 실행
[ DEBUG      | Trader.py: 539		] 2018-10-01 09:56:19,220 > 보유종목현황
[ DEBUG      | Trader.py: 211		] 2018-10-01 09:56:34,092 > 거래량조회 알고리즘 실행
[ DEBUG      | Trader.py: 215		] 2018-10-01 09:56:52,141 > 매도 알고리즘 실행
[ DEBUG      | Trader.py: 539		] 2018-10-01 09:56:52,234 > 보유종목현황
[ DEBUG      | Trader.py: 211		] 2018-10-01 09:57:04,094 > 거래량조회 알고리즘 실행
[ DEBUG      | Trader.py: 215		] 2018-10-01 09:57:25,140 > 매도 알고리즘 실행
[ DEBUG      | Trader.py: 539		] 2018-10-01 09:57:25,296 > 보유종목현황
[ DEBUG      | Trader.py: 211		] 2018-10-01 09:57:34,092 > 거래량조회 알고리즘 실행
[ DEBUG      | Trader.py: 215		] 2018-10-01 09:57:58,149 > 매도 알고리즘 실행
[ DEBUG      | Trader.py: 539		] 2018-10-01 09:57:58,228 > 보유종목현황
[ DEBUG      | Trader.py: 211		] 2018-10-01 09:58:04,100 > 거래량조회 알고리즘 실행
[ DEBUG      | Trader.py: 215		] 2018-10-01 09:58:31,149 > 매도 알고리즘 실행
[ DEBUG      | Trader.py: 539		] 2018-10-01 09:58:31,227 > 보유종목현황
[ DEBUG      | Trader.py: 211		] 2018-10-01 09:58:34,098 > 거래량조회 알고리즘 실행
[ DEBUG      | Trader.py: 211		] 2018-10-01 09:59:04,095 > 거래량조회 알고리즘 실행
[ DEBUG      | Trader.py: 215		] 2018-10-01 09:59:04,970 > 매도 알고리즘 실행
[ DEBUG      | Trader.py: 539		] 2018-10-01 09:59:05,049 > 보유종목현황
[ DEBUG      | Trader.py: 211		] 2018-10-01 09:59:34,098 > 거래량조회 알고리즘 실행
[ DEBUG      | Trader.py: 480		] 2018-10-01 09:59:34,973 > 바이리스트 주문을 시작함
[ CRITICAL   | Trader.py: 493		] 2018-10-01 09:59:35,082 > 주문실행
[ CRITICAL   | Trader.py: 390		] 2018-10-01 09:59:36,615 > 주문실행
[ DEBUG      | Trader.py: 215		] 2018-10-01 09:59:37,146 > 매도 알고리즘 실행
[ DEBUG      | Trader.py: 539		] 2018-10-01 09:59:37,224 > 보유종목현황
[ DEBUG      | Trader.py: 211		] 2018-10-01 10:00:04,094 > 거래량조회 알고리즘 실행
[ DEBUG      | Trader.py: 215		] 2018-10-01 10:00:10,143 > 매도 알고리즘 실행
[ DEBUG      | Trader.py: 539		] 2018-10-01 10:00:10,252 > 보유종목현황
[ DEBUG      | Trader.py: 211		] 2018-10-01 10:00:34,088 > 거래량조회 알고리즘 실행
[ DEBUG      | Trader.py: 215		] 2018-10-01 10:00:43,138 > 매도 알고리즘 실행
[ DEBUG      | Trader.py: 539		] 2018-10-01 10:00:43,294 > 보유종목현황
[ DEBUG      | Trader.py: 211		] 2018-10-01 10:01:04,100 > 거래량조회 알고리즘 실행
[ DEBUG      | Trader.py: 215		] 2018-10-01 10:01:16,136 > 매도 알고리즘 실행
[ DEBUG      | Trader.py: 539		] 2018-10-01 10:01:16,214 > 보유종목현황
[ DEBUG      | Trader.py: 211		] 2018-10-01 10:01:34,094 > 거래량조회 알고리즘 실행
[ DEBUG      | Trader.py: 215		] 2018-10-01 10:01:49,150 > 매도 알고리즘 실행
[ DEBUG      | Trader.py: 539		] 2018-10-01 10:01:49,290 > 보유종목현황
[ DEBUG      | Trader.py: 211		] 2018-10-01 10:02:04,102 > 거래량조회 알고리즘 실행
[ DEBUG      | Trader.py: 215		] 2018-10-01 10:02:22,150 > 매도 알고리즘 실행
[ DEBUG      | Trader.py: 539		] 2018-10-01 10:02:22,228 > 보유종목현황
[ DEBUG      | Trader.py: 211		] 2018-10-01 10:02:34,089 > 거래량조회 알고리즘 실행
[ DEBUG      | Trader.py: 215		] 2018-10-01 10:02:55,135 > 매도 알고리즘 실행
[ DEBUG      | Trader.py: 539		] 2018-10-01 10:02:55,213 > 보유종목현황
[ DEBUG      | Trader.py: 211		] 2018-10-01 10:03:04,102 > 거래량조회 알고리즘 실행
[ DEBUG      | Trader.py: 215		] 2018-10-01 10:03:28,149 > 매도 알고리즘 실행
[ DEBUG      | Trader.py: 539		] 2018-10-01 10:03:28,227 > 보유종목현황
[ DEBUG      | Trader.py: 211		] 2018-10-01 10:03:34,095 > 거래량조회 알고리즘 실행
[ DEBUG      | Trader.py: 317		] 2018-10-01 10:03:40,444 > 잔고조회
[ DEBUG      | Trader.py: 215		] 2018-10-01 10:04:01,146 > 매도 알고리즘 실행
[ DEBUG      | Trader.py: 539		] 2018-10-01 10:04:01,239 > 보유종목현황
[ DEBUG      | Trader.py: 556		] 2018-10-01 10:04:01,239 > 손절매도
[ CRITICAL   | Trader.py: 390		] 2018-10-01 10:04:02,271 > 주문실행
[ DEBUG      | Trader.py: 211		] 2018-10-01 10:04:04,100 > 거래량조회 알고리즘 실행
[ DEBUG      | Trader.py: 480		] 2018-10-01 10:04:05,022 > 바이리스트 주문을 시작함
[ CRITICAL   | Trader.py: 493		] 2018-10-01 10:04:05,147 > 주문실행
[ CRITICAL   | Trader.py: 390		] 2018-10-01 10:04:06,679 > 주문실행
[ DEBUG      | Trader.py: 211		] 2018-10-01 10:04:34,095 > 거래량조회 알고리즘 실행
[ DEBUG      | Trader.py: 215		] 2018-10-01 10:04:35,032 > 매도 알고리즘 실행
[ DEBUG      | Trader.py: 539		] 2018-10-01 10:04:35,267 > 보유종목현황
[ DEBUG      | Trader.py: 556		] 2018-10-01 10:04:35,267 > 손절매도
[ CRITICAL   | Trader.py: 390		] 2018-10-01 10:04:36,298 > 주문실행
[ DEBUG      | Trader.py: 211		] 2018-10-01 10:05:04,105 > 거래량조회 알고리즘 실행
[ DEBUG      | Trader.py: 215		] 2018-10-01 10:05:07,137 > 매도 알고리즘 실행
[ DEBUG      | Trader.py: 539		] 2018-10-01 10:05:07,262 > 보유종목현황
[ DEBUG      | Trader.py: 556		] 2018-10-01 10:05:07,262 > 손절매도
[ CRITICAL   | Trader.py: 390		] 2018-10-01 10:05:08,294 > 주문실행
[ DEBUG      | Trader.py: 211		] 2018-10-01 10:05:34,115 > 거래량조회 알고리즘 실행
[ DEBUG      | Trader.py: 215		] 2018-10-01 10:05:40,149 > 매도 알고리즘 실행
[ DEBUG      | Trader.py: 539		] 2018-10-01 10:05:40,305 > 보유종목현황
[ DEBUG      | Trader.py: 211		] 2018-10-01 10:06:04,110 > 거래량조회 알고리즘 실행
[ DEBUG      | Trader.py: 215		] 2018-10-01 10:06:13,144 > 매도 알고리즘 실행
[ DEBUG      | Trader.py: 539		] 2018-10-01 10:06:13,223 > 보유종목현황
[ DEBUG      | Trader.py: 211		] 2018-10-01 10:06:34,120 > 거래량조회 알고리즘 실행
[ DEBUG      | Trader.py: 215		] 2018-10-01 10:06:46,140 > 매도 알고리즘 실행
[ DEBUG      | Trader.py: 539		] 2018-10-01 10:06:46,359 > 보유종목현황
[ DEBUG      | Trader.py: 211		] 2018-10-01 10:07:04,130 > 거래량조회 알고리즘 실행
[ DEBUG      | Trader.py: 215		] 2018-10-01 10:07:19,137 > 매도 알고리즘 실행
[ DEBUG      | Trader.py: 539		] 2018-10-01 10:07:19,356 > 보유종목현황
[ DEBUG      | Trader.py: 211		] 2018-10-01 10:07:34,127 > 거래량조회 알고리즘 실행
[ DEBUG      | Trader.py: 215		] 2018-10-01 10:07:52,149 > 매도 알고리즘 실행
[ DEBUG      | Trader.py: 539		] 2018-10-01 10:07:52,227 > 보유종목현황
[ DEBUG      | Trader.py: 544		] 2018-10-01 10:07:52,227 > 이익실현매도
[ CRITICAL   | Trader.py: 390		] 2018-10-01 10:07:53,259 > 주문실행
[ DEBUG      | Trader.py: 211		] 2018-10-01 10:08:04,122 > 거래량조회 알고리즘 실행
[ DEBUG      | Trader.py: 215		] 2018-10-01 10:08:25,146 > 매도 알고리즘 실행
[ DEBUG      | Trader.py: 539		] 2018-10-01 10:08:25,224 > 보유종목현황
[ DEBUG      | Trader.py: 211		] 2018-10-01 10:08:34,148 > 거래량조회 알고리즘 실행
[ DEBUG      | Trader.py: 215		] 2018-10-01 10:08:58,140 > 매도 알고리즘 실행
[ DEBUG      | Trader.py: 539		] 2018-10-01 10:08:58,218 > 보유종목현황
[ DEBUG      | Trader.py: 211		] 2018-10-01 10:09:04,142 > 거래량조회 알고리즘 실행
[ DEBUG      | Trader.py: 215		] 2018-10-01 10:09:31,136 > 매도 알고리즘 실행
[ DEBUG      | Trader.py: 539		] 2018-10-01 10:09:31,276 > 보유종목현황
[ DEBUG      | Trader.py: 211		] 2018-10-01 10:09:34,137 > 거래량조회 알고리즘 실행
[ DEBUG      | Trader.py: 215		] 2018-10-01 10:10:04,148 > 매도 알고리즘 실행
[ DEBUG      | Trader.py: 211		] 2018-10-01 10:10:04,148 > 거래량조회 알고리즘 실행
[ DEBUG      | Trader.py: 539		] 2018-10-01 10:10:05,070 > 보유종목현황
[ DEBUG      | Trader.py: 211		] 2018-10-01 10:10:34,144 > 거래량조회 알고리즘 실행
[ DEBUG      | Trader.py: 215		] 2018-10-01 10:10:37,145 > 매도 알고리즘 실행
[ DEBUG      | Trader.py: 539		] 2018-10-01 10:10:37,332 > 보유종목현황
[ DEBUG      | Trader.py: 211		] 2018-10-01 10:11:04,139 > 거래량조회 알고리즘 실행
[ DEBUG      | Trader.py: 215		] 2018-10-01 10:11:10,141 > 매도 알고리즘 실행
[ DEBUG      | Trader.py: 539		] 2018-10-01 10:11:10,219 > 보유종목현황
[ DEBUG      | Trader.py: 211		] 2018-10-01 10:11:34,150 > 거래량조회 알고리즘 실행
[ DEBUG      | Trader.py: 215		] 2018-10-01 10:11:43,137 > 매도 알고리즘 실행
[ DEBUG      | Trader.py: 539		] 2018-10-01 10:11:43,231 > 보유종목현황
[ DEBUG      | Trader.py: 211		] 2018-10-01 10:12:04,144 > 거래량조회 알고리즘 실행
[ DEBUG      | Trader.py: 215		] 2018-10-01 10:12:16,149 > 매도 알고리즘 실행
[ DEBUG      | Trader.py: 539		] 2018-10-01 10:12:16,258 > 보유종목현황
[ DEBUG      | Trader.py: 211		] 2018-10-01 10:12:34,136 > 거래량조회 알고리즘 실행
[ DEBUG      | Trader.py: 215		] 2018-10-01 10:12:49,142 > 매도 알고리즘 실행
[ DEBUG      | Trader.py: 539		] 2018-10-01 10:12:49,219 > 보유종목현황
[ DEBUG      | Trader.py: 211		] 2018-10-01 10:13:04,146 > 거래량조회 알고리즘 실행
[ DEBUG      | Trader.py: 215		] 2018-10-01 10:13:22,137 > 매도 알고리즘 실행
[ DEBUG      | Trader.py: 539		] 2018-10-01 10:13:22,215 > 보유종목현황
[ DEBUG      | Trader.py: 211		] 2018-10-01 10:13:34,141 > 거래량조회 알고리즘 실행
[ DEBUG      | Trader.py: 215		] 2018-10-01 10:13:55,148 > 매도 알고리즘 실행
[ DEBUG      | Trader.py: 539		] 2018-10-01 10:13:55,288 > 보유종목현황
[ DEBUG      | Trader.py: 211		] 2018-10-01 10:14:04,135 > 거래량조회 알고리즘 실행
[ DEBUG      | Trader.py: 215		] 2018-10-01 10:14:28,142 > 매도 알고리즘 실행
[ DEBUG      | Trader.py: 539		] 2018-10-01 10:14:28,439 > 보유종목현황
[ DEBUG      | Trader.py: 211		] 2018-10-01 10:14:34,145 > 거래량조회 알고리즘 실행
[ DEBUG      | Trader.py: 215		] 2018-10-01 10:15:01,140 > 매도 알고리즘 실행
[ DEBUG      | Trader.py: 539		] 2018-10-01 10:15:01,217 > 보유종목현황
[ DEBUG      | Trader.py: 252		] 2018-10-01 10:15:04,063 > 중간보고
[ DEBUG      | Trader.py: 211		] 2018-10-01 10:15:04,140 > 거래량조회 알고리즘 실행
[ DEBUG      | Trader.py: 215		] 2018-10-01 10:15:34,135 > 매도 알고리즘 실행
[ DEBUG      | Trader.py: 211		] 2018-10-01 10:15:34,135 > 거래량조회 알고리즘 실행
[ DEBUG      | Trader.py: 539		] 2018-10-01 10:15:34,995 > 보유종목현황
[ DEBUG      | Trader.py: 211		] 2018-10-01 10:16:04,145 > 거래량조회 알고리즘 실행
[ DEBUG      | Trader.py: 215		] 2018-10-01 10:16:07,146 > 매도 알고리즘 실행
[ DEBUG      | Trader.py: 539		] 2018-10-01 10:16:07,224 > 보유종목현황
[ DEBUG      | Trader.py: 211		] 2018-10-01 10:16:34,140 > 거래량조회 알고리즘 실행
[ DEBUG      | Trader.py: 215		] 2018-10-01 10:16:40,142 > 매도 알고리즘 실행
[ DEBUG      | Trader.py: 539		] 2018-10-01 10:16:40,220 > 보유종목현황
[ DEBUG      | Trader.py: 211		] 2018-10-01 10:17:04,150 > 거래량조회 알고리즘 실행
[ DEBUG      | Trader.py: 215		] 2018-10-01 10:17:13,137 > 매도 알고리즘 실행
[ DEBUG      | Trader.py: 539		] 2018-10-01 10:17:13,215 > 보유종목현황
[ DEBUG      | Trader.py: 211		] 2018-10-01 10:17:34,144 > 거래량조회 알고리즘 실행
[ DEBUG      | Trader.py: 215		] 2018-10-01 10:17:46,148 > 매도 알고리즘 실행
[ DEBUG      | Trader.py: 539		] 2018-10-01 10:17:46,226 > 보유종목현황
[ DEBUG      | Trader.py: 211		] 2018-10-01 10:18:04,139 > 거래량조회 알고리즘 실행
[ DEBUG      | Trader.py: 215		] 2018-10-01 10:18:19,145 > 매도 알고리즘 실행
[ DEBUG      | Trader.py: 539		] 2018-10-01 10:18:19,223 > 보유종목현황
[ DEBUG      | Trader.py: 211		] 2018-10-01 10:18:34,149 > 거래량조회 알고리즘 실행
[ DEBUG      | Trader.py: 215		] 2018-10-01 10:18:52,140 > 매도 알고리즘 실행
[ DEBUG      | Trader.py: 539		] 2018-10-01 10:18:52,218 > 보유종목현황
[ DEBUG      | Trader.py: 211		] 2018-10-01 10:19:04,144 > 거래량조회 알고리즘 실행
[ DEBUG      | Trader.py: 215		] 2018-10-01 10:19:25,135 > 매도 알고리즘 실행
[ DEBUG      | Trader.py: 539		] 2018-10-01 10:19:25,213 > 보유종목현황
[ DEBUG      | Trader.py: 211		] 2018-10-01 10:19:34,138 > 거래량조회 알고리즘 실행
[ DEBUG      | Trader.py: 215		] 2018-10-01 10:19:58,148 > 매도 알고리즘 실행
[ DEBUG      | Trader.py: 539		] 2018-10-01 10:19:58,226 > 보유종목현황
[ DEBUG      | Trader.py: 211		] 2018-10-01 10:20:04,135 > 거래량조회 알고리즘 실행
[ DEBUG      | Trader.py: 215		] 2018-10-01 10:20:31,143 > 매도 알고리즘 실행
[ DEBUG      | Trader.py: 539		] 2018-10-01 10:20:31,221 > 보유종목현황
[ DEBUG      | Trader.py: 211		] 2018-10-01 10:20:34,144 > 거래량조회 알고리즘 실행
[ DEBUG      | Trader.py: 215		] 2018-10-01 10:21:04,139 > 매도 알고리즘 실행
[ DEBUG      | Trader.py: 211		] 2018-10-01 10:21:04,139 > 거래량조회 알고리즘 실행
[ DEBUG      | Trader.py: 539		] 2018-10-01 10:21:05,014 > 보유종목현황
[ DEBUG      | Trader.py: 211		] 2018-10-01 10:21:34,148 > 거래량조회 알고리즘 실행
[ DEBUG      | Trader.py: 215		] 2018-10-01 10:21:37,149 > 매도 알고리즘 실행
[ DEBUG      | Trader.py: 539		] 2018-10-01 10:21:37,337 > 보유종목현황
[ DEBUG      | Trader.py: 211		] 2018-10-01 10:22:04,142 > 거래량조회 알고리즘 실행
[ DEBUG      | Trader.py: 215		] 2018-10-01 10:22:10,144 > 매도 알고리즘 실행
[ DEBUG      | Trader.py: 539		] 2018-10-01 10:22:10,222 > 보유종목현황
[ DEBUG      | Trader.py: 211		] 2018-10-01 10:22:34,135 > 거래량조회 알고리즘 실행
[ DEBUG      | Trader.py: 215		] 2018-10-01 10:22:43,138 > 매도 알고리즘 실행
[ DEBUG      | Trader.py: 539		] 2018-10-01 10:22:43,310 > 보유종목현황
[ DEBUG      | Trader.py: 211		] 2018-10-01 10:23:04,145 > 거래량조회 알고리즘 실행
[ DEBUG      | Trader.py: 215		] 2018-10-01 10:23:16,149 > 매도 알고리즘 실행
[ DEBUG      | Trader.py: 539		] 2018-10-01 10:23:16,227 > 보유종목현황
[ DEBUG      | Trader.py: 211		] 2018-10-01 10:23:34,140 > 거래량조회 알고리즘 실행
[ DEBUG      | Trader.py: 215		] 2018-10-01 10:23:49,145 > 매도 알고리즘 실행
[ DEBUG      | Trader.py: 539		] 2018-10-01 10:23:49,254 > 보유종목현황
[ DEBUG      | Trader.py: 211		] 2018-10-01 10:24:04,150 > 거래량조회 알고리즘 실행
[ DEBUG      | Trader.py: 215		] 2018-10-01 10:24:22,140 > 매도 알고리즘 실행
[ DEBUG      | Trader.py: 539		] 2018-10-01 10:24:22,218 > 보유종목현황
[ DEBUG      | Trader.py: 211		] 2018-10-01 10:24:34,144 > 거래량조회 알고리즘 실행
[ DEBUG      | Trader.py: 215		] 2018-10-01 10:24:55,135 > 매도 알고리즘 실행
[ DEBUG      | Trader.py: 539		] 2018-10-01 10:24:55,213 > 보유종목현황
[ DEBUG      | Trader.py: 211		] 2018-10-01 10:25:04,138 > 거래량조회 알고리즘 실행
[ DEBUG      | Trader.py: 215		] 2018-10-01 10:25:28,146 > 매도 알고리즘 실행
[ DEBUG      | Trader.py: 539		] 2018-10-01 10:25:28,365 > 보유종목현황
[ DEBUG      | Trader.py: 211		] 2018-10-01 10:25:34,148 > 거래량조회 알고리즘 실행
[ DEBUG      | Trader.py: 215		] 2018-10-01 10:26:01,143 > 매도 알고리즘 실행
[ DEBUG      | Trader.py: 539		] 2018-10-01 10:26:01,408 > 보유종목현황
[ DEBUG      | Trader.py: 211		] 2018-10-01 10:26:04,144 > 거래량조회 알고리즘 실행
[ DEBUG      | Trader.py: 215		] 2018-10-01 10:26:34,137 > 매도 알고리즘 실행
[ DEBUG      | Trader.py: 211		] 2018-10-01 10:26:34,137 > 거래량조회 알고리즘 실행
[ DEBUG      | Trader.py: 539		] 2018-10-01 10:26:35,012 > 보유종목현황
[ DEBUG      | Trader.py: 211		] 2018-10-01 10:27:04,147 > 거래량조회 알고리즘 실행
[ DEBUG      | Trader.py: 215		] 2018-10-01 10:27:07,140 > 매도 알고리즘 실행
[ DEBUG      | Trader.py: 539		] 2018-10-01 10:27:07,218 > 보유종목현황
[ DEBUG      | Trader.py: 211		] 2018-10-01 10:27:34,149 > 거래량조회 알고리즘 실행
[ DEBUG      | Trader.py: 215		] 2018-10-01 10:27:40,136 > 매도 알고리즘 실행
[ DEBUG      | Trader.py: 539		] 2018-10-01 10:27:40,323 > 보유종목현황
[ DEBUG      | Trader.py: 211		] 2018-10-01 10:28:04,143 > 거래량조회 알고리즘 실행
[ DEBUG      | Trader.py: 215		] 2018-10-01 10:28:13,146 > 매도 알고리즘 실행
[ DEBUG      | Trader.py: 539		] 2018-10-01 10:28:13,287 > 보유종목현황
[ DEBUG      | Trader.py: 211		] 2018-10-01 10:28:34,137 > 거래량조회 알고리즘 실행
[ DEBUG      | Trader.py: 215		] 2018-10-01 10:28:46,141 > 매도 알고리즘 실행
[ DEBUG      | Trader.py: 539		] 2018-10-01 10:28:46,219 > 보유종목현황
[ DEBUG      | Trader.py: 211		] 2018-10-01 10:29:04,147 > 거래량조회 알고리즘 실행
[ DEBUG      | Trader.py: 215		] 2018-10-01 10:29:19,137 > 매도 알고리즘 실행
[ DEBUG      | Trader.py: 539		] 2018-10-01 10:29:19,215 > 보유종목현황
[ DEBUG      | Trader.py: 211		] 2018-10-01 10:29:34,142 > 거래량조회 알고리즘 실행
[ DEBUG      | Trader.py: 215		] 2018-10-01 10:29:52,148 > 매도 알고리즘 실행
[ DEBUG      | Trader.py: 539		] 2018-10-01 10:29:52,226 > 보유종목현황
[ DEBUG      | Trader.py: 211		] 2018-10-01 10:30:04,136 > 거래량조회 알고리즘 실행
[ DEBUG      | Trader.py: 215		] 2018-10-01 10:30:25,143 > 매도 알고리즘 실행
[ DEBUG      | Trader.py: 539		] 2018-10-01 10:30:25,284 > 보유종목현황
[ DEBUG      | Trader.py: 211		] 2018-10-01 10:30:34,146 > 거래량조회 알고리즘 실행
[ DEBUG      | Trader.py: 480		] 2018-10-01 10:30:35,068 > 바이리스트 주문을 시작함
[ CRITICAL   | Trader.py: 493		] 2018-10-01 10:30:35,178 > 주문실행
[ CRITICAL   | Trader.py: 390		] 2018-10-01 10:30:36,711 > 주문실행
[ DEBUG      | Trader.py: 215		] 2018-10-01 10:30:58,140 > 매도 알고리즘 실행
[ DEBUG      | Trader.py: 539		] 2018-10-01 10:30:58,280 > 보유종목현황
[ DEBUG      | Trader.py: 544		] 2018-10-01 10:30:58,280 > 이익실현매도
[ CRITICAL   | Trader.py: 390		] 2018-10-01 10:30:59,312 > 주문실행
[ DEBUG      | Trader.py: 211		] 2018-10-01 10:31:04,142 > 거래량조회 알고리즘 실행
[ DEBUG      | Trader.py: 215		] 2018-10-01 10:31:31,135 > 매도 알고리즘 실행
[ DEBUG      | Trader.py: 539		] 2018-10-01 10:31:31,291 > 보유종목현황
[ DEBUG      | Trader.py: 211		] 2018-10-01 10:31:34,136 > 거래량조회 알고리즘 실행
[ DEBUG      | Trader.py: 215		] 2018-10-01 10:32:04,147 > 매도 알고리즘 실행
[ DEBUG      | Trader.py: 211		] 2018-10-01 10:32:04,147 > 거래량조회 알고리즘 실행
[ DEBUG      | Trader.py: 539		] 2018-10-01 10:32:05,069 > 보유종목현황
[ DEBUG      | Trader.py: 211		] 2018-10-01 10:32:34,142 > 거래량조회 알고리즘 실행
[ DEBUG      | Trader.py: 480		] 2018-10-01 10:32:35,001 > 바이리스트 주문을 시작함
[ CRITICAL   | Trader.py: 493		] 2018-10-01 10:32:35,111 > 주문실행
[ CRITICAL   | Trader.py: 390		] 2018-10-01 10:32:36,643 > 주문실행
[ DEBUG      | Trader.py: 215		] 2018-10-01 10:32:37,158 > 매도 알고리즘 실행
[ DEBUG      | Trader.py: 539		] 2018-10-01 10:32:37,252 > 보유종목현황
[ DEBUG      | Trader.py: 211		] 2018-10-01 10:33:04,136 > 거래량조회 알고리즘 실행
[ DEBUG      | Trader.py: 215		] 2018-10-01 10:33:10,137 > 매도 알고리즘 실행
[ DEBUG      | Trader.py: 539		] 2018-10-01 10:33:10,215 > 보유종목현황
[ DEBUG      | Trader.py: 211		] 2018-10-01 10:33:34,146 > 거래량조회 알고리즘 실행
[ DEBUG      | Trader.py: 215		] 2018-10-01 10:33:43,149 > 매도 알고리즘 실행
[ DEBUG      | Trader.py: 539		] 2018-10-01 10:33:43,227 > 보유종목현황
[ DEBUG      | Trader.py: 556		] 2018-10-01 10:33:43,227 > 손절매도
[ CRITICAL   | Trader.py: 390		] 2018-10-01 10:33:44,259 > 주문실행
[ DEBUG      | Trader.py: 211		] 2018-10-01 10:34:04,141 > 거래량조회 알고리즘 실행
[ DEBUG      | Trader.py: 215		] 2018-10-01 10:34:16,145 > 매도 알고리즘 실행
[ DEBUG      | Trader.py: 539		] 2018-10-01 10:34:16,223 > 보유종목현황
[ DEBUG      | Trader.py: 211		] 2018-10-01 10:34:34,135 > 거래량조회 알고리즘 실행
[ DEBUG      | Trader.py: 215		] 2018-10-01 10:34:49,140 > 매도 알고리즘 실행
[ DEBUG      | Trader.py: 539		] 2018-10-01 10:34:49,218 > 보유종목현황
[ DEBUG      | Trader.py: 211		] 2018-10-01 10:35:04,145 > 거래량조회 알고리즘 실행
[ DEBUG      | Trader.py: 215		] 2018-10-01 10:35:22,135 > 매도 알고리즘 실행
[ DEBUG      | Trader.py: 539		] 2018-10-01 10:35:22,212 > 보유종목현황
[ DEBUG      | Trader.py: 211		] 2018-10-01 10:35:34,138 > 거래량조회 알고리즘 실행
[ DEBUG      | Trader.py: 215		] 2018-10-01 10:35:55,145 > 매도 알고리즘 실행
[ DEBUG      | Trader.py: 539		] 2018-10-01 10:35:55,223 > 보유종목현황
[ DEBUG      | Trader.py: 211		] 2018-10-01 10:36:04,148 > 거래량조회 알고리즘 실행
[ DEBUG      | Trader.py: 215		] 2018-10-01 10:36:28,140 > 매도 알고리즘 실행
[ DEBUG      | Trader.py: 539		] 2018-10-01 10:36:28,219 > 보유종목현황
[ DEBUG      | Trader.py: 211		] 2018-10-01 10:36:34,143 > 거래량조회 알고리즘 실행
[ DEBUG      | Trader.py: 215		] 2018-10-01 10:37:01,135 > 매도 알고리즘 실행
[ DEBUG      | Trader.py: 539		] 2018-10-01 10:37:01,213 > 보유종목현황
[ DEBUG      | Trader.py: 211		] 2018-10-01 10:37:04,136 > 거래량조회 알고리즘 실행
[ DEBUG      | Trader.py: 215		] 2018-10-01 10:37:34,146 > 매도 알고리즘 실행
[ DEBUG      | Trader.py: 211		] 2018-10-01 10:37:34,146 > 거래량조회 알고리즘 실행
[ DEBUG      | Trader.py: 539		] 2018-10-01 10:37:35,053 > 보유종목현황
[ DEBUG      | Trader.py: 211		] 2018-10-01 10:38:04,140 > 거래량조회 알고리즘 실행
[ DEBUG      | Trader.py: 215		] 2018-10-01 10:38:07,141 > 매도 알고리즘 실행
[ DEBUG      | Trader.py: 539		] 2018-10-01 10:38:07,219 > 보유종목현황
[ DEBUG      | Trader.py: 211		] 2018-10-01 10:38:34,149 > 거래량조회 알고리즘 실행
[ DEBUG      | Trader.py: 215		] 2018-10-01 10:38:40,136 > 매도 알고리즘 실행
[ DEBUG      | Trader.py: 539		] 2018-10-01 10:38:40,261 > 보유종목현황
[ DEBUG      | Trader.py: 211		] 2018-10-01 10:39:04,143 > 거래량조회 알고리즘 실행
[ DEBUG      | Trader.py: 215		] 2018-10-01 10:39:13,146 > 매도 알고리즘 실행
[ DEBUG      | Trader.py: 539		] 2018-10-01 10:39:13,272 > 보유종목현황
[ DEBUG      | Trader.py: 211		] 2018-10-01 10:39:34,138 > 거래량조회 알고리즘 실행
[ DEBUG      | Trader.py: 215		] 2018-10-01 10:39:46,142 > 매도 알고리즘 실행
[ DEBUG      | Trader.py: 539		] 2018-10-01 10:39:46,220 > 보유종목현황
[ DEBUG      | Trader.py: 211		] 2018-10-01 10:40:04,148 > 거래량조회 알고리즘 실행
[ DEBUG      | Trader.py: 215		] 2018-10-01 10:40:19,137 > 매도 알고리즘 실행
[ DEBUG      | Trader.py: 539		] 2018-10-01 10:40:19,215 > 보유종목현황
[ DEBUG      | Trader.py: 211		] 2018-10-01 10:40:34,141 > 거래량조회 알고리즘 실행
[ DEBUG      | Trader.py: 215		] 2018-10-01 10:40:52,148 > 매도 알고리즘 실행
[ DEBUG      | Trader.py: 539		] 2018-10-01 10:40:52,351 > 보유종목현황
[ DEBUG      | Trader.py: 211		] 2018-10-01 10:41:04,135 > 거래량조회 알고리즘 실행
[ DEBUG      | Trader.py: 215		] 2018-10-01 10:41:25,142 > 매도 알고리즘 실행
[ DEBUG      | Trader.py: 539		] 2018-10-01 10:41:25,642 > 보유종목현황
[ DEBUG      | Trader.py: 211		] 2018-10-01 10:41:34,145 > 거래량조회 알고리즘 실행
[ DEBUG      | Trader.py: 215		] 2018-10-01 10:41:58,137 > 매도 알고리즘 실행
[ DEBUG      | Trader.py: 539		] 2018-10-01 10:41:58,294 > 보유종목현황
[ DEBUG      | Trader.py: 211		] 2018-10-01 10:42:04,139 > 거래량조회 알고리즘 실행
[ DEBUG      | Trader.py: 215		] 2018-10-01 10:42:31,148 > 매도 알고리즘 실행
[ DEBUG      | Trader.py: 539		] 2018-10-01 10:42:31,288 > 보유종목현황
[ DEBUG      | Trader.py: 211		] 2018-10-01 10:42:34,138 > 거래량조회 알고리즘 실행
[ DEBUG      | Trader.py: 215		] 2018-10-01 10:43:04,138 > 매도 알고리즘 실행
[ DEBUG      | Trader.py: 211		] 2018-10-01 10:43:04,138 > 거래량조회 알고리즘 실행
[ DEBUG      | Trader.py: 539		] 2018-10-01 10:43:05,091 > 보유종목현황
[ DEBUG      | Trader.py: 211		] 2018-10-01 10:43:34,150 > 거래량조회 알고리즘 실행
[ DEBUG      | Trader.py: 215		] 2018-10-01 10:43:37,135 > 매도 알고리즘 실행
[ DEBUG      | Trader.py: 539		] 2018-10-01 10:43:37,213 > 보유종목현황
[ DEBUG      | Trader.py: 556		] 2018-10-01 10:43:37,213 > 손절매도
[ CRITICAL   | Trader.py: 390		] 2018-10-01 10:43:38,245 > 주문실행
[ DEBUG      | Trader.py: 211		] 2018-10-01 10:44:04,144 > 거래량조회 알고리즘 실행
[ DEBUG      | Trader.py: 215		] 2018-10-01 10:44:10,146 > 매도 알고리즘 실행
[ DEBUG      | Trader.py: 539		] 2018-10-01 10:44:10,224 > 보유종목현황
[ DEBUG      | Trader.py: 556		] 2018-10-01 10:44:10,224 > 손절매도
[ CRITICAL   | Trader.py: 390		] 2018-10-01 10:44:11,255 > 주문실행
[ DEBUG      | Trader.py: 211		] 2018-10-01 10:44:34,138 > 거래량조회 알고리즘 실행
[ DEBUG      | Trader.py: 215		] 2018-10-01 10:44:43,141 > 매도 알고리즘 실행
[ DEBUG      | Trader.py: 539		] 2018-10-01 10:44:43,219 > 보유종목현황
[ DEBUG      | Trader.py: 252		] 2018-10-01 10:45:04,070 > 중간보고
[ DEBUG      | Trader.py: 211		] 2018-10-01 10:45:05,648 > 거래량조회 알고리즘 실행
[ DEBUG      | Trader.py: 215		] 2018-10-01 10:45:16,136 > 매도 알고리즘 실행
[ DEBUG      | Trader.py: 539		] 2018-10-01 10:45:16,214 > 보유종목현황
[ DEBUG      | Trader.py: 556		] 2018-10-01 10:45:16,214 > 손절매도
[ CRITICAL   | Trader.py: 390		] 2018-10-01 10:45:17,245 > 주문실행
[ DEBUG      | Trader.py: 211		] 2018-10-01 10:45:34,142 > 거래량조회 알고리즘 실행
[ DEBUG      | Trader.py: 215		] 2018-10-01 10:45:49,147 > 매도 알고리즘 실행
[ DEBUG      | Trader.py: 539		] 2018-10-01 10:45:49,256 > 보유종목현황
[ DEBUG      | Trader.py: 211		] 2018-10-01 10:46:04,136 > 거래량조회 알고리즘 실행
[ DEBUG      | Trader.py: 215		] 2018-10-01 10:46:22,142 > 매도 알고리즘 실행
[ DEBUG      | Trader.py: 539		] 2018-10-01 10:46:22,221 > 보유종목현황
[ DEBUG      | Trader.py: 211		] 2018-10-01 10:46:34,146 > 거래량조회 알고리즘 실행
[ DEBUG      | Trader.py: 215		] 2018-10-01 10:46:55,139 > 매도 알고리즘 실행
[ DEBUG      | Trader.py: 539		] 2018-10-01 10:46:55,233 > 보유종목현황
[ DEBUG      | Trader.py: 211		] 2018-10-01 10:47:04,142 > 거래량조회 알고리즘 실행
[ DEBUG      | Trader.py: 215		] 2018-10-01 10:47:28,150 > 매도 알고리즘 실행
[ DEBUG      | Trader.py: 539		] 2018-10-01 10:47:28,290 > 보유종목현황
[ DEBUG      | Trader.py: 211		] 2018-10-01 10:47:34,136 > 거래량조회 알고리즘 실행
[ DEBUG      | Trader.py: 215		] 2018-10-01 10:48:01,145 > 매도 알고리즘 실행
[ DEBUG      | Trader.py: 539		] 2018-10-01 10:48:01,411 > 보유종목현황
[ DEBUG      | Trader.py: 211		] 2018-10-01 10:48:04,147 > 거래량조회 알고리즘 실행
[ DEBUG      | Trader.py: 215		] 2018-10-01 10:48:34,141 > 매도 알고리즘 실행
[ DEBUG      | Trader.py: 211		] 2018-10-01 10:48:34,141 > 거래량조회 알고리즘 실행
[ DEBUG      | Trader.py: 539		] 2018-10-01 10:48:35,031 > 보유종목현황
[ DEBUG      | Trader.py: 211		] 2018-10-01 10:49:04,135 > 거래량조회 알고리즘 실행
[ DEBUG      | Trader.py: 215		] 2018-10-01 10:49:07,136 > 매도 알고리즘 실행
[ DEBUG      | Trader.py: 539		] 2018-10-01 10:49:07,214 > 보유종목현황
[ DEBUG      | Trader.py: 211		] 2018-10-01 10:49:34,145 > 거래량조회 알고리즘 실행
[ DEBUG      | Trader.py: 215		] 2018-10-01 10:49:40,147 > 매도 알고리즘 실행
[ DEBUG      | Trader.py: 539		] 2018-10-01 10:49:40,225 > 보유종목현황
[ DEBUG      | Trader.py: 211		] 2018-10-01 10:50:04,139 > 거래량조회 알고리즘 실행
[ DEBUG      | Trader.py: 215		] 2018-10-01 10:50:13,142 > 매도 알고리즘 실행
[ DEBUG      | Trader.py: 539		] 2018-10-01 10:50:13,549 > 보유종목현황
[ DEBUG      | Trader.py: 211		] 2018-10-01 10:50:34,149 > 거래량조회 알고리즘 실행
[ DEBUG      | Trader.py: 215		] 2018-10-01 10:50:46,138 > 매도 알고리즘 실행
[ DEBUG      | Trader.py: 539		] 2018-10-01 10:50:46,232 > 보유종목현황
[ DEBUG      | Trader.py: 211		] 2018-10-01 10:51:04,144 > 거래량조회 알고리즘 실행
[ DEBUG      | Trader.py: 215		] 2018-10-01 10:51:19,150 > 매도 알고리즘 실행
[ DEBUG      | Trader.py: 539		] 2018-10-01 10:51:19,259 > 보유종목현황
[ DEBUG      | Trader.py: 211		] 2018-10-01 10:51:34,139 > 거래량조회 알고리즘 실행
[ DEBUG      | Trader.py: 215		] 2018-10-01 10:51:52,144 > 매도 알고리즘 실행
[ DEBUG      | Trader.py: 539		] 2018-10-01 10:51:52,238 > 보유종목현황
[ DEBUG      | Trader.py: 211		] 2018-10-01 10:52:04,148 > 거래량조회 알고리즘 실행
[ DEBUG      | Trader.py: 215		] 2018-10-01 10:52:25,140 > 매도 알고리즘 실행
[ DEBUG      | Trader.py: 539		] 2018-10-01 10:52:25,374 > 보유종목현황
[ DEBUG      | Trader.py: 211		] 2018-10-01 10:52:34,143 > 거래량조회 알고리즘 실행
[ DEBUG      | Trader.py: 215		] 2018-10-01 10:52:58,137 > 매도 알고리즘 실행
[ DEBUG      | Trader.py: 539		] 2018-10-01 10:52:58,215 > 보유종목현황
[ DEBUG      | Trader.py: 211		] 2018-10-01 10:53:04,145 > 거래량조회 알고리즘 실행
[ DEBUG      | Trader.py: 215		] 2018-10-01 10:53:31,141 > 매도 알고리즘 실행
[ DEBUG      | Trader.py: 539		] 2018-10-01 10:53:31,235 > 보유종목현황
[ DEBUG      | Trader.py: 211		] 2018-10-01 10:53:34,142 > 거래량조회 알고리즘 실행
