[ INFO       | Trader 0.4.3.py: 106		] 2018-09-30 01:42:50,233 > 프로그램이 시작되었습니다.
[ DEBUG      | Trader 0.4.3.py: 569		] 2018-09-30 01:42:52,988 > etf,etn리스트 저장
[ DEBUG      | Trader 0.4.3.py: 317		] 2018-09-30 01:42:58,546 > 계좌조회
[ DEBUG      | Trader 0.4.3.py: 252		] 2018-09-30 01:43:12,786 > 중간보고
[ DEBUG      | Trader 0.4.3.py: 215		] 2018-09-30 01:43:23,224 > 매도 알고리즘 실행
[ DEBUG      | Trader 0.4.3.py: 215		] 2018-09-30 01:43:56,229 > 매도 알고리즘 실행
[ DEBUG      | Trader 0.4.3.py: 215		] 2018-09-30 01:44:29,233 > 매도 알고리즘 실행
[ DEBUG      | Trader 0.4.3.py: 215		] 2018-09-30 01:45:02,223 > 매도 알고리즘 실행
[ DEBUG      | Trader 0.4.3.py: 206		] 2018-09-30 01:45:20,248 > 계좌정보 실시간 조회
[ DEBUG      | Trader 0.4.3.py: 317		] 2018-09-30 01:45:20,248 > 계좌조회
[ DEBUG      | Trader 0.4.3.py: 215		] 2018-09-30 01:45:35,230 > 매도 알고리즘 실행
[ INFO       | Trader 0.4.3.py: 362		] 2018-09-30 01:45:40,179 > 거래량급증 버튼 클릭
[ DEBUG      | Trader 0.4.3.py: 206		] 2018-09-30 01:45:45,819 > 계좌정보 실시간 조회
[ DEBUG      | Trader 0.4.3.py: 317		] 2018-09-30 01:45:45,820 > 계좌조회
[ DEBUG      | Trader 0.4.3.py: 211		] 2018-09-30 01:45:50,223 > 거래량조회 알고리즘 실행
[ DEBUG      | Trader 0.4.3.py: 215		] 2018-09-30 01:46:08,234 > 매도 알고리즘 실행
[ DEBUG      | Trader 0.4.3.py: 206		] 2018-09-30 01:46:10,236 > 계좌정보 실시간 조회
[ DEBUG      | Trader 0.4.3.py: 317		] 2018-09-30 01:46:10,236 > 계좌조회
[ DEBUG      | Trader 0.4.3.py: 211		] 2018-09-30 01:46:20,227 > 거래량조회 알고리즘 실행
[ DEBUG      | Trader 0.4.3.py: 206		] 2018-09-30 01:46:35,248 > 계좌정보 실시간 조회
[ DEBUG      | Trader 0.4.3.py: 317		] 2018-09-30 01:46:35,248 > 계좌조회
[ DEBUG      | Trader 0.4.3.py: 215		] 2018-09-30 01:46:41,221 > 매도 알고리즘 실행
[ DEBUG      | Trader 0.4.3.py: 211		] 2018-09-30 01:46:50,221 > 거래량조회 알고리즘 실행
[ DEBUG      | Trader 0.4.3.py: 206		] 2018-09-30 01:47:00,245 > 계좌정보 실시간 조회
[ DEBUG      | Trader 0.4.3.py: 317		] 2018-09-30 01:47:00,245 > 계좌조회
[ DEBUG      | Trader 0.4.3.py: 215		] 2018-09-30 01:47:14,232 > 매도 알고리즘 실행
[ DEBUG      | Trader 0.4.3.py: 211		] 2018-09-30 01:47:20,226 > 거래량조회 알고리즘 실행
[ DEBUG      | Trader 0.4.3.py: 206		] 2018-09-30 01:47:25,239 > 계좌정보 실시간 조회
[ DEBUG      | Trader 0.4.3.py: 317		] 2018-09-30 01:47:25,239 > 계좌조회
[ INFO       | Trader 0.4.3.py: 113		] 2018-09-30 01:47:28,708 > 프로그램이 종료되었습니다.
[ INFO       | Trader 0.4.3.py: 362		] 2018-09-30 01:47:28,708 > 거래량급증 버튼 클릭
