[ INFO       | Trader.py: 107		] 2018-10-01 09:08:56,057 > 프로그램이 시작되었습니다.
[ DEBUG      | Trader.py: 570		] 2018-10-01 09:08:58,567 > etf,etn리스트 저장
[ DEBUG      | Trader.py: 317		] 2018-10-01 09:09:05,501 > 잔고조회
[ INFO       | Trader.py: 362		] 2018-10-01 09:09:08,101 > 매수전략1 실행/중지
[ DEBUG      | Trader.py: 211		] 2018-10-01 09:09:26,069 > 거래량조회 알고리즘 실행
[ DEBUG      | Trader.py: 215		] 2018-10-01 09:09:29,070 > 매도 알고리즘 실행
[ DEBUG      | Trader.py: 539		] 2018-10-01 09:09:29,321 > 보유종목현황
[ DEBUG      | Trader.py: 544		] 2018-10-01 09:09:29,321 > 이익실현매도
[ CRITICAL   | Trader.py: 390		] 2018-10-01 09:09:30,352 > 주문실행
[ DEBUG      | Trader.py: 556		] 2018-10-01 09:09:30,853 > 손절매도
[ CRITICAL   | Trader.py: 390		] 2018-10-01 09:09:31,884 > 주문실행
[ DEBUG      | Trader.py: 211		] 2018-10-01 09:09:56,065 > 거래량조회 알고리즘 실행
[ DEBUG      | Trader.py: 215		] 2018-10-01 09:10:02,067 > 매도 알고리즘 실행
[ DEBUG      | Trader.py: 539		] 2018-10-01 09:10:02,176 > 보유종목현황
[ DEBUG      | Trader.py: 544		] 2018-10-01 09:10:02,176 > 이익실현매도
[ CRITICAL   | Trader.py: 390		] 2018-10-01 09:10:03,208 > 주문실행
[ DEBUG      | Trader.py: 556		] 2018-10-01 09:10:03,709 > 손절매도
[ CRITICAL   | Trader.py: 390		] 2018-10-01 09:10:04,741 > 주문실행
[ DEBUG      | Trader.py: 211		] 2018-10-01 09:10:26,060 > 거래량조회 알고리즘 실행
[ DEBUG      | Trader.py: 215		] 2018-10-01 09:10:35,063 > 매도 알고리즘 실행
[ DEBUG      | Trader.py: 539		] 2018-10-01 09:10:35,172 > 보유종목현황
[ DEBUG      | Trader.py: 544		] 2018-10-01 09:10:35,172 > 이익실현매도
[ CRITICAL   | Trader.py: 390		] 2018-10-01 09:10:36,204 > 주문실행
[ DEBUG      | Trader.py: 556		] 2018-10-01 09:10:36,704 > 손절매도
[ CRITICAL   | Trader.py: 390		] 2018-10-01 09:10:37,736 > 주문실행
[ DEBUG      | Trader.py: 211		] 2018-10-01 09:10:56,071 > 거래량조회 알고리즘 실행
[ DEBUG      | Trader.py: 215		] 2018-10-01 09:11:08,059 > 매도 알고리즘 실행
[ DEBUG      | Trader.py: 539		] 2018-10-01 09:11:08,169 > 보유종목현황
[ DEBUG      | Trader.py: 544		] 2018-10-01 09:11:08,169 > 이익실현매도
[ CRITICAL   | Trader.py: 390		] 2018-10-01 09:11:09,201 > 주문실행
[ DEBUG      | Trader.py: 556		] 2018-10-01 09:11:09,701 > 손절매도
[ CRITICAL   | Trader.py: 390		] 2018-10-01 09:11:10,748 > 주문실행
[ DEBUG      | Trader.py: 211		] 2018-10-01 09:11:26,067 > 거래량조회 알고리즘 실행
[ DEBUG      | Trader.py: 215		] 2018-10-01 09:11:41,059 > 매도 알고리즘 실행
[ DEBUG      | Trader.py: 539		] 2018-10-01 09:11:41,169 > 보유종목현황
[ DEBUG      | Trader.py: 544		] 2018-10-01 09:11:41,169 > 이익실현매도
[ CRITICAL   | Trader.py: 390		] 2018-10-01 09:11:42,200 > 주문실행
[ DEBUG      | Trader.py: 556		] 2018-10-01 09:11:42,700 > 손절매도
[ CRITICAL   | Trader.py: 390		] 2018-10-01 09:11:43,732 > 주문실행
[ DEBUG      | Trader.py: 211		] 2018-10-01 09:11:56,069 > 거래량조회 알고리즘 실행
[ DEBUG      | Trader.py: 215		] 2018-10-01 09:12:14,057 > 매도 알고리즘 실행
[ DEBUG      | Trader.py: 539		] 2018-10-01 09:12:14,150 > 보유종목현황
[ DEBUG      | Trader.py: 544		] 2018-10-01 09:12:14,150 > 이익실현매도
[ CRITICAL   | Trader.py: 390		] 2018-10-01 09:12:15,182 > 주문실행
[ DEBUG      | Trader.py: 556		] 2018-10-01 09:12:15,683 > 손절매도
[ CRITICAL   | Trader.py: 390		] 2018-10-01 09:12:16,714 > 주문실행
[ DEBUG      | Trader.py: 211		] 2018-10-01 09:12:26,067 > 거래량조회 알고리즘 실행
[ DEBUG      | Trader.py: 215		] 2018-10-01 09:12:47,062 > 매도 알고리즘 실행
[ DEBUG      | Trader.py: 539		] 2018-10-01 09:12:47,172 > 보유종목현황
[ DEBUG      | Trader.py: 544		] 2018-10-01 09:12:47,172 > 이익실현매도
[ CRITICAL   | Trader.py: 390		] 2018-10-01 09:12:48,203 > 주문실행
[ DEBUG      | Trader.py: 556		] 2018-10-01 09:12:48,703 > 손절매도
[ CRITICAL   | Trader.py: 390		] 2018-10-01 09:12:49,734 > 주문실행
[ DEBUG      | Trader.py: 211		] 2018-10-01 09:12:56,069 > 거래량조회 알고리즘 실행
[ DEBUG      | Trader.py: 215		] 2018-10-01 09:13:20,058 > 매도 알고리즘 실행
[ DEBUG      | Trader.py: 539		] 2018-10-01 09:13:20,151 > 보유종목현황
[ DEBUG      | Trader.py: 544		] 2018-10-01 09:13:20,151 > 이익실현매도
[ CRITICAL   | Trader.py: 390		] 2018-10-01 09:13:21,183 > 주문실행
[ DEBUG      | Trader.py: 556		] 2018-10-01 09:13:22,277 > 손절매도
[ CRITICAL   | Trader.py: 390		] 2018-10-01 09:13:23,293 > 주문실행
[ DEBUG      | Trader.py: 211		] 2018-10-01 09:13:26,059 > 거래량조회 알고리즘 실행
[ DEBUG      | Trader.py: 215		] 2018-10-01 09:13:53,057 > 매도 알고리즘 실행
[ DEBUG      | Trader.py: 539		] 2018-10-01 09:13:53,151 > 보유종목현황
[ DEBUG      | Trader.py: 544		] 2018-10-01 09:13:53,151 > 이익실현매도
[ CRITICAL   | Trader.py: 390		] 2018-10-01 09:13:54,182 > 주문실행
[ DEBUG      | Trader.py: 556		] 2018-10-01 09:13:54,686 > 손절매도
[ CRITICAL   | Trader.py: 390		] 2018-10-01 09:13:55,702 > 주문실행
[ DEBUG      | Trader.py: 211		] 2018-10-01 09:13:56,218 > 거래량조회 알고리즘 실행
[ DEBUG      | Trader.py: 215		] 2018-10-01 09:14:26,065 > 매도 알고리즘 실행
[ DEBUG      | Trader.py: 211		] 2018-10-01 09:14:26,065 > 거래량조회 알고리즘 실행
[ DEBUG      | Trader.py: 539		] 2018-10-01 09:14:26,925 > 보유종목현황
[ DEBUG      | Trader.py: 556		] 2018-10-01 09:14:26,925 > 손절매도
[ CRITICAL   | Trader.py: 390		] 2018-10-01 09:14:27,956 > 주문실행
[ INFO       | Trader.py: 114		] 2018-10-01 09:14:47,526 > 프로그램이 종료되었습니다.
[ INFO       | Trader.py: 362		] 2018-10-01 09:14:47,526 > 매수전략1 실행/중지
