[ INFO       | Trader.py: 110		] 2018-10-02 08:38:45,528 > 프로그램이 시작되었습니다.
[ DEBUG      | Trader.py: 587		] 2018-10-02 08:38:48,016 > etf,etn리스트 저장
[ DEBUG      | Trader.py: 320		] 2018-10-02 08:39:12,154 > 잔고조회
[ DEBUG      | Trader.py: 218		] 2018-10-02 08:39:18,520 > 매도 알고리즘 실행
[ DEBUG      | Trader.py: 542		] 2018-10-02 08:39:18,661 > 보유종목현황
[ DEBUG      | Trader.py: 218		] 2018-10-02 08:39:51,531 > 매도 알고리즘 실행
[ DEBUG      | Trader.py: 542		] 2018-10-02 08:39:51,609 > 보유종목현황
[ DEBUG      | Trader.py: 218		] 2018-10-02 08:40:24,526 > 매도 알고리즘 실행
[ DEBUG      | Trader.py: 542		] 2018-10-02 08:40:24,604 > 보유종목현황
[ DEBUG      | Trader.py: 218		] 2018-10-02 08:40:57,524 > 매도 알고리즘 실행
[ DEBUG      | Trader.py: 542		] 2018-10-02 08:40:57,602 > 보유종목현황
[ DEBUG      | Trader.py: 218		] 2018-10-02 08:41:30,519 > 매도 알고리즘 실행
[ DEBUG      | Trader.py: 542		] 2018-10-02 08:41:30,722 > 보유종목현황
[ DEBUG      | Trader.py: 218		] 2018-10-02 08:42:03,516 > 매도 알고리즘 실행
[ DEBUG      | Trader.py: 542		] 2018-10-02 08:42:03,595 > 보유종목현황
[ DEBUG      | Trader.py: 218		] 2018-10-02 08:42:36,528 > 매도 알고리즘 실행
[ DEBUG      | Trader.py: 542		] 2018-10-02 08:42:36,606 > 보유종목현황
[ DEBUG      | Trader.py: 218		] 2018-10-02 08:43:09,524 > 매도 알고리즘 실행
[ DEBUG      | Trader.py: 542		] 2018-10-02 08:43:09,602 > 보유종목현황
[ DEBUG      | Trader.py: 218		] 2018-10-02 08:43:42,520 > 매도 알고리즘 실행
[ DEBUG      | Trader.py: 542		] 2018-10-02 08:43:42,629 > 보유종목현황
[ DEBUG      | Trader.py: 218		] 2018-10-02 08:44:15,516 > 매도 알고리즘 실행
[ DEBUG      | Trader.py: 542		] 2018-10-02 08:44:15,594 > 보유종목현황
[ DEBUG      | Trader.py: 218		] 2018-10-02 08:44:48,527 > 매도 알고리즘 실행
[ DEBUG      | Trader.py: 542		] 2018-10-02 08:44:48,621 > 보유종목현황
[ DEBUG      | Trader.py: 218		] 2018-10-02 08:45:21,523 > 매도 알고리즘 실행
[ DEBUG      | Trader.py: 542		] 2018-10-02 08:45:21,601 > 보유종목현황
[ DEBUG      | Trader.py: 218		] 2018-10-02 08:45:54,520 > 매도 알고리즘 실행
[ DEBUG      | Trader.py: 542		] 2018-10-02 08:45:55,036 > 보유종목현황
[ DEBUG      | Trader.py: 218		] 2018-10-02 08:46:27,531 > 매도 알고리즘 실행
[ DEBUG      | Trader.py: 542		] 2018-10-02 08:46:27,609 > 보유종목현황
[ DEBUG      | Trader.py: 218		] 2018-10-02 08:47:00,559 > 매도 알고리즘 실행
[ DEBUG      | Trader.py: 542		] 2018-10-02 08:47:00,684 > 보유종목현황
[ DEBUG      | Trader.py: 218		] 2018-10-02 08:47:33,554 > 매도 알고리즘 실행
[ DEBUG      | Trader.py: 542		] 2018-10-02 08:47:33,648 > 보유종목현황
[ DEBUG      | Trader.py: 218		] 2018-10-02 08:48:06,552 > 매도 알고리즘 실행
[ DEBUG      | Trader.py: 542		] 2018-10-02 08:48:06,630 > 보유종목현황
[ DEBUG      | Trader.py: 218		] 2018-10-02 08:48:39,547 > 매도 알고리즘 실행
[ DEBUG      | Trader.py: 542		] 2018-10-02 08:48:39,938 > 보유종목현황
[ DEBUG      | Trader.py: 218		] 2018-10-02 08:49:12,559 > 매도 알고리즘 실행
[ DEBUG      | Trader.py: 542		] 2018-10-02 08:49:12,652 > 보유종목현황
[ DEBUG      | Trader.py: 218		] 2018-10-02 08:49:45,572 > 매도 알고리즘 실행
[ DEBUG      | Trader.py: 542		] 2018-10-02 08:49:45,666 > 보유종목현황
[ DEBUG      | Trader.py: 218		] 2018-10-02 08:50:18,569 > 매도 알고리즘 실행
[ DEBUG      | Trader.py: 542		] 2018-10-02 08:50:18,662 > 보유종목현황
[ DEBUG      | Trader.py: 218		] 2018-10-02 08:50:51,565 > 매도 알고리즘 실행
[ DEBUG      | Trader.py: 542		] 2018-10-02 08:50:51,722 > 보유종목현황
[ DEBUG      | Trader.py: 218		] 2018-10-02 08:51:24,577 > 매도 알고리즘 실행
[ DEBUG      | Trader.py: 542		] 2018-10-02 08:51:24,655 > 보유종목현황
[ DEBUG      | Trader.py: 218		] 2018-10-02 08:51:57,571 > 매도 알고리즘 실행
[ DEBUG      | Trader.py: 542		] 2018-10-02 08:51:57,649 > 보유종목현황
[ DEBUG      | Trader.py: 218		] 2018-10-02 08:52:30,568 > 매도 알고리즘 실행
[ DEBUG      | Trader.py: 542		] 2018-10-02 08:52:30,677 > 보유종목현황
[ DEBUG      | Trader.py: 218		] 2018-10-02 08:53:03,564 > 매도 알고리즘 실행
[ DEBUG      | Trader.py: 542		] 2018-10-02 08:53:03,642 > 보유종목현황
[ DEBUG      | Trader.py: 218		] 2018-10-02 08:53:36,576 > 매도 알고리즘 실행
[ DEBUG      | Trader.py: 542		] 2018-10-02 08:53:36,669 > 보유종목현황
[ DEBUG      | Trader.py: 218		] 2018-10-02 08:54:09,573 > 매도 알고리즘 실행
[ DEBUG      | Trader.py: 542		] 2018-10-02 08:54:09,651 > 보유종목현황
[ DEBUG      | Trader.py: 218		] 2018-10-02 08:54:42,568 > 매도 알고리즘 실행
[ DEBUG      | Trader.py: 542		] 2018-10-02 08:54:42,646 > 보유종목현황
[ DEBUG      | Trader.py: 218		] 2018-10-02 08:55:15,563 > 매도 알고리즘 실행
[ DEBUG      | Trader.py: 542		] 2018-10-02 08:55:15,673 > 보유종목현황
[ DEBUG      | Trader.py: 218		] 2018-10-02 08:55:48,574 > 매도 알고리즘 실행
[ DEBUG      | Trader.py: 542		] 2018-10-02 08:55:48,668 > 보유종목현황
[ DEBUG      | Trader.py: 218		] 2018-10-02 08:56:21,570 > 매도 알고리즘 실행
[ DEBUG      | Trader.py: 542		] 2018-10-02 08:56:21,680 > 보유종목현황
[ DEBUG      | Trader.py: 218		] 2018-10-02 08:56:54,566 > 매도 알고리즘 실행
[ DEBUG      | Trader.py: 542		] 2018-10-02 08:56:54,644 > 보유종목현황
[ DEBUG      | Trader.py: 218		] 2018-10-02 08:57:27,577 > 매도 알고리즘 실행
[ DEBUG      | Trader.py: 542		] 2018-10-02 08:57:27,672 > 보유종목현황
[ DEBUG      | Trader.py: 218		] 2018-10-02 08:58:00,573 > 매도 알고리즘 실행
[ DEBUG      | Trader.py: 542		] 2018-10-02 08:58:00,682 > 보유종목현황
[ DEBUG      | Trader.py: 218		] 2018-10-02 08:58:33,569 > 매도 알고리즘 실행
[ DEBUG      | Trader.py: 542		] 2018-10-02 08:58:33,663 > 보유종목현황
[ DEBUG      | Trader.py: 218		] 2018-10-02 08:59:06,564 > 매도 알고리즘 실행
[ DEBUG      | Trader.py: 542		] 2018-10-02 08:59:06,658 > 보유종목현황
[ DEBUG      | Trader.py: 218		] 2018-10-02 08:59:39,576 > 매도 알고리즘 실행
[ DEBUG      | Trader.py: 542		] 2018-10-02 08:59:39,654 > 보유종목현황
[ INFO       | Trader.py: 184		] 2018-10-02 09:00:00,646 > 장 시작 알림
[ DEBUG      | Trader.py: 218		] 2018-10-02 09:00:12,572 > 매도 알고리즘 실행
[ DEBUG      | Trader.py: 542		] 2018-10-02 09:00:12,853 > 보유종목현황
[ DEBUG      | Trader.py: 218		] 2018-10-02 09:00:45,568 > 매도 알고리즘 실행
[ DEBUG      | Trader.py: 542		] 2018-10-02 09:00:45,677 > 보유종목현황
[ DEBUG      | Trader.py: 218		] 2018-10-02 09:01:18,563 > 매도 알고리즘 실행
[ DEBUG      | Trader.py: 542		] 2018-10-02 09:01:18,767 > 보유종목현황
[ DEBUG      | Trader.py: 218		] 2018-10-02 09:01:51,576 > 매도 알고리즘 실행
[ DEBUG      | Trader.py: 542		] 2018-10-02 09:01:51,670 > 보유종목현황
[ DEBUG      | Trader.py: 218		] 2018-10-02 09:02:24,572 > 매도 알고리즘 실행
[ DEBUG      | Trader.py: 542		] 2018-10-02 09:02:24,665 > 보유종목현황
[ DEBUG      | Trader.py: 218		] 2018-10-02 09:02:57,568 > 매도 알고리즘 실행
[ DEBUG      | Trader.py: 542		] 2018-10-02 09:02:57,677 > 보유종목현황
[ INFO       | Trader.py: 231		] 2018-10-02 09:03:00,569 > 장이 시작되어 매수알고리즘 실행
[ INFO       | Trader.py: 365		] 2018-10-02 09:03:01,069 > 매수전략1 실행/중지
[ DEBUG      | Trader.py: 214		] 2018-10-02 09:03:15,526 > 거래량조회 알고리즘 실행
[ DEBUG      | Trader.py: 218		] 2018-10-02 09:03:30,563 > 매도 알고리즘 실행
[ DEBUG      | Trader.py: 542		] 2018-10-02 09:03:30,781 > 보유종목현황
[ DEBUG      | Trader.py: 214		] 2018-10-02 09:03:45,521 > 거래량조회 알고리즘 실행
[ DEBUG      | Trader.py: 218		] 2018-10-02 09:04:03,574 > 매도 알고리즘 실행
[ DEBUG      | Trader.py: 542		] 2018-10-02 09:04:03,667 > 보유종목현황
[ DEBUG      | Trader.py: 214		] 2018-10-02 09:04:15,516 > 거래량조회 알고리즘 실행
[ DEBUG      | Trader.py: 218		] 2018-10-02 09:04:36,570 > 매도 알고리즘 실행
[ DEBUG      | Trader.py: 542		] 2018-10-02 09:04:36,664 > 보유종목현황
[ DEBUG      | Trader.py: 214		] 2018-10-02 09:04:45,526 > 거래량조회 알고리즘 실행
[ DEBUG      | Trader.py: 218		] 2018-10-02 09:05:09,564 > 매도 알고리즘 실행
[ DEBUG      | Trader.py: 542		] 2018-10-02 09:05:09,643 > 보유종목현황
[ DEBUG      | Trader.py: 214		] 2018-10-02 09:05:15,519 > 거래량조회 알고리즘 실행
[ DEBUG      | Trader.py: 218		] 2018-10-02 09:05:42,575 > 매도 알고리즘 실행
[ DEBUG      | Trader.py: 542		] 2018-10-02 09:05:42,778 > 보유종목현황
[ DEBUG      | Trader.py: 214		] 2018-10-02 09:05:45,529 > 거래량조회 알고리즘 실행
[ DEBUG      | Trader.py: 214		] 2018-10-02 09:06:15,524 > 거래량조회 알고리즘 실행
[ DEBUG      | Trader.py: 218		] 2018-10-02 09:06:16,431 > 매도 알고리즘 실행
[ DEBUG      | Trader.py: 542		] 2018-10-02 09:06:16,540 > 보유종목현황
[ DEBUG      | Trader.py: 214		] 2018-10-02 09:06:45,519 > 거래량조회 알고리즘 실행
[ DEBUG      | Trader.py: 218		] 2018-10-02 09:06:48,567 > 매도 알고리즘 실행
[ DEBUG      | Trader.py: 542		] 2018-10-02 09:06:48,848 > 보유종목현황
[ DEBUG      | Trader.py: 214		] 2018-10-02 09:07:15,529 > 거래량조회 알고리즘 실행
[ DEBUG      | Trader.py: 218		] 2018-10-02 09:07:21,563 > 매도 알고리즘 실행
[ DEBUG      | Trader.py: 542		] 2018-10-02 09:07:21,672 > 보유종목현황
[ DEBUG      | Trader.py: 214		] 2018-10-02 09:07:45,524 > 거래량조회 알고리즘 실행
[ DEBUG      | Trader.py: 218		] 2018-10-02 09:07:54,575 > 매도 알고리즘 실행
[ DEBUG      | Trader.py: 542		] 2018-10-02 09:07:54,668 > 보유종목현황
[ DEBUG      | Trader.py: 214		] 2018-10-02 09:08:15,519 > 거래량조회 알고리즘 실행
[ DEBUG      | Trader.py: 218		] 2018-10-02 09:08:27,570 > 매도 알고리즘 실행
[ DEBUG      | Trader.py: 542		] 2018-10-02 09:08:27,664 > 보유종목현황
[ DEBUG      | Trader.py: 255		] 2018-10-02 09:08:45,529 > 중간보고
[ DEBUG      | Trader.py: 214		] 2018-10-02 09:08:45,529 > 거래량조회 알고리즘 실행
[ DEBUG      | Trader.py: 218		] 2018-10-02 09:09:00,565 > 매도 알고리즘 실행
[ DEBUG      | Trader.py: 542		] 2018-10-02 09:09:00,799 > 보유종목현황
[ DEBUG      | Trader.py: 214		] 2018-10-02 09:09:15,523 > 거래량조회 알고리즘 실행
[ DEBUG      | Trader.py: 218		] 2018-10-02 09:09:33,576 > 매도 알고리즘 실행
[ DEBUG      | Trader.py: 542		] 2018-10-02 09:09:33,654 > 보유종목현황
[ DEBUG      | Trader.py: 214		] 2018-10-02 09:09:45,518 > 거래량조회 알고리즘 실행
[ DEBUG      | Trader.py: 218		] 2018-10-02 09:10:06,571 > 매도 알고리즘 실행
[ DEBUG      | Trader.py: 542		] 2018-10-02 09:10:06,665 > 보유종목현황
[ DEBUG      | Trader.py: 214		] 2018-10-02 09:10:15,528 > 거래량조회 알고리즘 실행
[ DEBUG      | Trader.py: 218		] 2018-10-02 09:10:39,567 > 매도 알고리즘 실행
[ DEBUG      | Trader.py: 542		] 2018-10-02 09:10:39,660 > 보유종목현황
[ DEBUG      | Trader.py: 214		] 2018-10-02 09:10:45,522 > 거래량조회 알고리즘 실행
[ DEBUG      | Trader.py: 218		] 2018-10-02 09:11:12,577 > 매도 알고리즘 실행
[ DEBUG      | Trader.py: 542		] 2018-10-02 09:11:12,671 > 보유종목현황
[ DEBUG      | Trader.py: 214		] 2018-10-02 09:11:15,516 > 거래량조회 알고리즘 실행
[ DEBUG      | Trader.py: 214		] 2018-10-02 09:11:45,526 > 거래량조회 알고리즘 실행
[ DEBUG      | Trader.py: 483		] 2018-10-02 09:11:46,463 > 바이리스트 주문을 시작함
[ DEBUG      | Trader.py: 218		] 2018-10-02 09:11:46,479 > 매도 알고리즘 실행
[ DEBUG      | Trader.py: 542		] 2018-10-02 09:11:46,557 > 보유종목현황
[ DEBUG      | Trader.py: 218		] 2018-10-02 09:12:18,565 > 매도 알고리즘 실행
[ DEBUG      | Trader.py: 542		] 2018-10-02 09:12:18,658 > 보유종목현황
[ DEBUG      | Trader.py: 218		] 2018-10-02 09:12:51,576 > 매도 알고리즘 실행
[ DEBUG      | Trader.py: 542		] 2018-10-02 09:12:51,889 > 보유종목현황
[ DEBUG      | Trader.py: 218		] 2018-10-02 09:13:24,572 > 매도 알고리즘 실행
[ DEBUG      | Trader.py: 542		] 2018-10-02 09:13:24,681 > 보유종목현황
[ DEBUG      | Trader.py: 218		] 2018-10-02 09:13:57,567 > 매도 알고리즘 실행
[ DEBUG      | Trader.py: 542		] 2018-10-02 09:13:57,786 > 보유종목현황
[ DEBUG      | Trader.py: 218		] 2018-10-02 09:14:30,578 > 매도 알고리즘 실행
[ DEBUG      | Trader.py: 542		] 2018-10-02 09:14:30,781 > 보유종목현황
[ DEBUG      | Trader.py: 218		] 2018-10-02 09:15:03,573 > 매도 알고리즘 실행
[ DEBUG      | Trader.py: 542		] 2018-10-02 09:15:03,823 > 보유종목현황
[ DEBUG      | Trader.py: 218		] 2018-10-02 09:15:36,568 > 매도 알고리즘 실행
[ DEBUG      | Trader.py: 542		] 2018-10-02 09:15:36,771 > 보유종목현황
[ DEBUG      | Trader.py: 218		] 2018-10-02 09:16:09,563 > 매도 알고리즘 실행
[ DEBUG      | Trader.py: 542		] 2018-10-02 09:16:09,907 > 보유종목현황
[ DEBUG      | Trader.py: 218		] 2018-10-02 09:16:42,573 > 매도 알고리즘 실행
[ DEBUG      | Trader.py: 542		] 2018-10-02 09:16:42,667 > 보유종목현황
[ DEBUG      | Trader.py: 218		] 2018-10-02 09:17:15,578 > 매도 알고리즘 실행
[ DEBUG      | Trader.py: 542		] 2018-10-02 09:17:15,796 > 보유종목현황
[ DEBUG      | Trader.py: 218		] 2018-10-02 09:17:48,574 > 매도 알고리즘 실행
[ DEBUG      | Trader.py: 542		] 2018-10-02 09:17:48,668 > 보유종목현황
[ DEBUG      | Trader.py: 218		] 2018-10-02 09:18:21,569 > 매도 알고리즘 실행
[ DEBUG      | Trader.py: 542		] 2018-10-02 09:18:21,741 > 보유종목현황
[ DEBUG      | Trader.py: 218		] 2018-10-02 09:18:54,565 > 매도 알고리즘 실행
[ DEBUG      | Trader.py: 542		] 2018-10-02 09:18:54,658 > 보유종목현황
[ DEBUG      | Trader.py: 218		] 2018-10-02 09:19:27,575 > 매도 알고리즘 실행
[ DEBUG      | Trader.py: 542		] 2018-10-02 09:19:27,668 > 보유종목현황
[ DEBUG      | Trader.py: 218		] 2018-10-02 09:20:00,570 > 매도 알고리즘 실행
[ DEBUG      | Trader.py: 542		] 2018-10-02 09:20:00,758 > 보유종목현황
[ DEBUG      | Trader.py: 218		] 2018-10-02 09:20:33,566 > 매도 알고리즘 실행
[ DEBUG      | Trader.py: 542		] 2018-10-02 09:20:33,801 > 보유종목현황
[ DEBUG      | Trader.py: 218		] 2018-10-02 09:21:06,565 > 매도 알고리즘 실행
[ DEBUG      | Trader.py: 542		] 2018-10-02 09:21:06,659 > 보유종목현황
[ DEBUG      | Trader.py: 218		] 2018-10-02 09:21:39,563 > 매도 알고리즘 실행
[ DEBUG      | Trader.py: 542		] 2018-10-02 09:21:39,654 > 보유종목현황
[ DEBUG      | Trader.py: 218		] 2018-10-02 09:22:12,566 > 매도 알고리즘 실행
[ DEBUG      | Trader.py: 542		] 2018-10-02 09:22:12,651 > 보유종목현황
[ DEBUG      | Trader.py: 218		] 2018-10-02 09:22:45,566 > 매도 알고리즘 실행
[ DEBUG      | Trader.py: 542		] 2018-10-02 09:22:45,644 > 보유종목현황
[ DEBUG      | Trader.py: 218		] 2018-10-02 09:23:18,564 > 매도 알고리즘 실행
[ DEBUG      | Trader.py: 542		] 2018-10-02 09:23:18,681 > 보유종목현황
[ DEBUG      | Trader.py: 218		] 2018-10-02 09:23:51,566 > 매도 알고리즘 실행
[ DEBUG      | Trader.py: 542		] 2018-10-02 09:23:51,650 > 보유종목현황
[ DEBUG      | Trader.py: 218		] 2018-10-02 09:24:24,565 > 매도 알고리즘 실행
[ DEBUG      | Trader.py: 542		] 2018-10-02 09:24:25,095 > 보유종목현황
[ INFO       | Trader.py: 365		] 2018-10-02 09:24:52,729 > 매수전략1 실행/중지
[ DEBUG      | Trader.py: 218		] 2018-10-02 09:24:57,563 > 매도 알고리즘 실행
[ DEBUG      | Trader.py: 542		] 2018-10-02 09:24:57,664 > 보유종목현황
[ INFO       | Trader.py: 365		] 2018-10-02 09:24:58,846 > 매수전략1 실행/중지
[ DEBUG      | Trader.py: 483		] 2018-10-02 09:25:00,278 > 바이리스트 주문을 시작함
[ CRITICAL   | Trader.py: 496		] 2018-10-02 09:25:00,405 > 주문실행
[ CRITICAL   | Trader.py: 393		] 2018-10-02 09:25:01,931 > 주문실행
[ CRITICAL   | Trader.py: 393		] 2018-10-02 09:25:04,037 > 주문실행
[ CRITICAL   | Trader.py: 393		] 2018-10-02 09:25:06,089 > 주문실행
[ CRITICAL   | Trader.py: 393		] 2018-10-02 09:25:08,117 > 주문실행
[ CRITICAL   | Trader.py: 393		] 2018-10-02 09:25:10,615 > 주문실행
[ DEBUG      | Trader.py: 218		] 2018-10-02 09:25:30,564 > 매도 알고리즘 실행
[ DEBUG      | Trader.py: 542		] 2018-10-02 09:25:30,722 > 보유종목현황
[ DEBUG      | Trader.py: 218		] 2018-10-02 09:26:03,566 > 매도 알고리즘 실행
[ DEBUG      | Trader.py: 542		] 2018-10-02 09:26:03,808 > 보유종목현황
[ DEBUG      | Trader.py: 218		] 2018-10-02 09:26:36,566 > 매도 알고리즘 실행
[ DEBUG      | Trader.py: 542		] 2018-10-02 09:26:36,665 > 보유종목현황
[ DEBUG      | Trader.py: 218		] 2018-10-02 09:27:09,563 > 매도 알고리즘 실행
[ DEBUG      | Trader.py: 542		] 2018-10-02 09:27:09,660 > 보유종목현황
[ DEBUG      | Trader.py: 218		] 2018-10-02 09:27:42,564 > 매도 알고리즘 실행
[ DEBUG      | Trader.py: 542		] 2018-10-02 09:27:42,662 > 보유종목현황
[ DEBUG      | Trader.py: 218		] 2018-10-02 09:28:15,575 > 매도 알고리즘 실행
[ DEBUG      | Trader.py: 542		] 2018-10-02 09:28:15,826 > 보유종목현황
[ DEBUG      | Trader.py: 218		] 2018-10-02 09:28:48,570 > 매도 알고리즘 실행
[ DEBUG      | Trader.py: 542		] 2018-10-02 09:28:48,664 > 보유종목현황
[ DEBUG      | Trader.py: 218		] 2018-10-02 09:29:21,566 > 매도 알고리즘 실행
[ DEBUG      | Trader.py: 542		] 2018-10-02 09:29:21,707 > 보유종목현황
[ DEBUG      | Trader.py: 218		] 2018-10-02 09:29:54,578 > 매도 알고리즘 실행
[ DEBUG      | Trader.py: 542		] 2018-10-02 09:29:54,781 > 보유종목현황
[ DEBUG      | Trader.py: 572		] 2018-10-02 09:29:54,781 > 손절매도
[ CRITICAL   | Trader.py: 393		] 2018-10-02 09:29:54,781 > 주문실행
[ DEBUG      | Trader.py: 218		] 2018-10-02 09:30:27,573 > 매도 알고리즘 실행
[ DEBUG      | Trader.py: 542		] 2018-10-02 09:30:27,870 > 보유종목현황
[ DEBUG      | Trader.py: 218		] 2018-10-02 09:31:00,569 > 매도 알고리즘 실행
[ DEBUG      | Trader.py: 542		] 2018-10-02 09:31:00,772 > 보유종목현황
[ DEBUG      | Trader.py: 218		] 2018-10-02 09:31:33,565 > 매도 알고리즘 실행
[ DEBUG      | Trader.py: 542		] 2018-10-02 09:31:33,690 > 보유종목현황
[ DEBUG      | Trader.py: 218		] 2018-10-02 09:32:06,576 > 매도 알고리즘 실행
[ DEBUG      | Trader.py: 542		] 2018-10-02 09:32:06,795 > 보유종목현황
[ DEBUG      | Trader.py: 218		] 2018-10-02 09:32:39,571 > 매도 알고리즘 실행
[ DEBUG      | Trader.py: 542		] 2018-10-02 09:32:39,712 > 보유종목현황
[ DEBUG      | Trader.py: 218		] 2018-10-02 09:33:12,570 > 매도 알고리즘 실행
[ DEBUG      | Trader.py: 542		] 2018-10-02 09:33:12,664 > 보유종목현황
[ DEBUG      | Trader.py: 218		] 2018-10-02 09:33:45,566 > 매도 알고리즘 실행
[ DEBUG      | Trader.py: 542		] 2018-10-02 09:33:45,691 > 보유종목현황
[ DEBUG      | Trader.py: 218		] 2018-10-02 09:34:18,578 > 매도 알고리즘 실행
[ DEBUG      | Trader.py: 542		] 2018-10-02 09:34:18,671 > 보유종목현황
[ DEBUG      | Trader.py: 218		] 2018-10-02 09:34:51,575 > 매도 알고리즘 실행
[ DEBUG      | Trader.py: 542		] 2018-10-02 09:34:51,668 > 보유종목현황
[ DEBUG      | Trader.py: 218		] 2018-10-02 09:35:24,570 > 매도 알고리즘 실행
[ DEBUG      | Trader.py: 542		] 2018-10-02 09:35:24,648 > 보유종목현황
[ DEBUG      | Trader.py: 218		] 2018-10-02 09:35:57,566 > 매도 알고리즘 실행
[ DEBUG      | Trader.py: 542		] 2018-10-02 09:35:57,644 > 보유종목현황
[ DEBUG      | Trader.py: 218		] 2018-10-02 09:36:30,563 > 매도 알고리즘 실행
[ DEBUG      | Trader.py: 542		] 2018-10-02 09:36:30,718 > 보유종목현황
[ DEBUG      | Trader.py: 218		] 2018-10-02 09:37:03,566 > 매도 알고리즘 실행
[ DEBUG      | Trader.py: 542		] 2018-10-02 09:37:03,767 > 보유종목현황
[ DEBUG      | Trader.py: 218		] 2018-10-02 09:37:36,564 > 매도 알고리즘 실행
[ DEBUG      | Trader.py: 542		] 2018-10-02 09:37:36,647 > 보유종목현황
[ DEBUG      | Trader.py: 218		] 2018-10-02 09:38:09,565 > 매도 알고리즘 실행
[ DEBUG      | Trader.py: 542		] 2018-10-02 09:38:09,653 > 보유종목현황
[ DEBUG      | Trader.py: 218		] 2018-10-02 09:38:42,566 > 매도 알고리즘 실행
[ DEBUG      | Trader.py: 542		] 2018-10-02 09:38:42,658 > 보유종목현황
[ DEBUG      | Trader.py: 255		] 2018-10-02 09:38:45,516 > 중간보고
[ DEBUG      | Trader.py: 218		] 2018-10-02 09:39:15,564 > 매도 알고리즘 실행
[ DEBUG      | Trader.py: 542		] 2018-10-02 09:39:15,744 > 보유종목현황
[ DEBUG      | Trader.py: 320		] 2018-10-02 09:39:36,430 > 잔고조회
[ INFO       | Trader.py: 117		] 2018-10-02 09:39:43,197 > 프로그램이 종료되었습니다.
[ INFO       | Trader.py: 365		] 2018-10-02 09:39:43,198 > 매수전략1 실행/중지
[ CRITICAL   | Trader.py: 496		] 2018-10-02 09:39:48,492 > 주문실행
