[ INFO       | Trader.py: 110		] 2018-10-02 10:28:47,836 > 프로그램이 시작되었습니다.
[ DEBUG      | Trader.py: 587		] 2018-10-02 10:28:50,297 > etf,etn리스트 저장
[ DEBUG      | Trader.py: 320		] 2018-10-02 10:29:04,185 > 잔고조회
[ INFO       | Trader.py: 365		] 2018-10-02 10:29:07,185 > 매수전략1 실행/중지
[ DEBUG      | Trader.py: 214		] 2018-10-02 10:29:17,832 > 거래량조회 알고리즘 실행
[ DEBUG      | Trader.py: 218		] 2018-10-02 10:29:20,830 > 매도 알고리즘 실행
[ DEBUG      | Trader.py: 542		] 2018-10-02 10:29:20,926 > 보유종목현황
[ DEBUG      | Trader.py: 214		] 2018-10-02 10:29:47,830 > 거래량조회 알고리즘 실행
[ DEBUG      | Trader.py: 218		] 2018-10-02 10:29:53,829 > 매도 알고리즘 실행
[ DEBUG      | Trader.py: 542		] 2018-10-02 10:29:53,958 > 보유종목현황
[ DEBUG      | Trader.py: 214		] 2018-10-02 10:30:17,829 > 거래량조회 알고리즘 실행
[ DEBUG      | Trader.py: 218		] 2018-10-02 10:30:26,831 > 매도 알고리즘 실행
[ DEBUG      | Trader.py: 542		] 2018-10-02 10:30:26,921 > 보유종목현황
[ DEBUG      | Trader.py: 214		] 2018-10-02 10:30:47,831 > 거래량조회 알고리즘 실행
[ DEBUG      | Trader.py: 218		] 2018-10-02 10:30:59,833 > 매도 알고리즘 실행
[ DEBUG      | Trader.py: 542		] 2018-10-02 10:30:59,923 > 보유종목현황
[ DEBUG      | Trader.py: 214		] 2018-10-02 10:31:17,829 > 거래량조회 알고리즘 실행
[ DEBUG      | Trader.py: 218		] 2018-10-02 10:31:32,833 > 매도 알고리즘 실행
[ DEBUG      | Trader.py: 542		] 2018-10-02 10:31:32,922 > 보유종목현황
[ DEBUG      | Trader.py: 214		] 2018-10-02 10:31:47,828 > 거래량조회 알고리즘 실행
[ DEBUG      | Trader.py: 218		] 2018-10-02 10:32:05,829 > 매도 알고리즘 실행
[ DEBUG      | Trader.py: 542		] 2018-10-02 10:32:05,984 > 보유종목현황
[ DEBUG      | Trader.py: 214		] 2018-10-02 10:32:17,838 > 거래량조회 알고리즘 실행
[ DEBUG      | Trader.py: 218		] 2018-10-02 10:32:38,830 > 매도 알고리즘 실행
[ DEBUG      | Trader.py: 542		] 2018-10-02 10:32:39,064 > 보유종목현황
[ DEBUG      | Trader.py: 214		] 2018-10-02 10:32:47,849 > 거래량조회 알고리즘 실행
[ DEBUG      | Trader.py: 218		] 2018-10-02 10:33:11,841 > 매도 알고리즘 실행
[ DEBUG      | Trader.py: 542		] 2018-10-02 10:33:12,106 > 보유종목현황
[ DEBUG      | Trader.py: 214		] 2018-10-02 10:33:17,858 > 거래량조회 알고리즘 실행
[ DEBUG      | Trader.py: 218		] 2018-10-02 10:33:44,852 > 매도 알고리즘 실행
[ DEBUG      | Trader.py: 542		] 2018-10-02 10:33:45,273 > 보유종목현황
[ DEBUG      | Trader.py: 214		] 2018-10-02 10:33:47,853 > 거래량조회 알고리즘 실행
[ DEBUG      | Trader.py: 218		] 2018-10-02 10:34:17,864 > 매도 알고리즘 실행
[ DEBUG      | Trader.py: 214		] 2018-10-02 10:34:17,864 > 거래량조회 알고리즘 실행
[ DEBUG      | Trader.py: 542		] 2018-10-02 10:34:18,770 > 보유종목현황
[ DEBUG      | Trader.py: 214		] 2018-10-02 10:34:47,864 > 거래량조회 알고리즘 실행
[ DEBUG      | Trader.py: 218		] 2018-10-02 10:34:50,865 > 매도 알고리즘 실행
[ DEBUG      | Trader.py: 542		] 2018-10-02 10:34:50,959 > 보유종목현황
[ DEBUG      | Trader.py: 214		] 2018-10-02 10:35:17,874 > 거래량조회 알고리즘 실행
[ DEBUG      | Trader.py: 218		] 2018-10-02 10:35:23,861 > 매도 알고리즘 실행
[ DEBUG      | Trader.py: 542		] 2018-10-02 10:35:24,142 > 보유종목현황
[ DEBUG      | Trader.py: 214		] 2018-10-02 10:35:47,869 > 거래량조회 알고리즘 실행
[ DEBUG      | Trader.py: 483		] 2018-10-02 10:35:48,776 > 바이리스트 주문을 시작함
[ CRITICAL   | Trader.py: 496		] 2018-10-02 10:35:48,901 > 주문실행
[ CRITICAL   | Trader.py: 393		] 2018-10-02 10:35:50,417 > 주문실행
[ DEBUG      | Trader.py: 218		] 2018-10-02 10:35:56,872 > 매도 알고리즘 실행
[ DEBUG      | Trader.py: 542		] 2018-10-02 10:35:56,966 > 보유종목현황
[ DEBUG      | Trader.py: 214		] 2018-10-02 10:36:17,869 > 거래량조회 알고리즘 실행
[ DEBUG      | Trader.py: 218		] 2018-10-02 10:36:29,871 > 매도 알고리즘 실행
[ DEBUG      | Trader.py: 542		] 2018-10-02 10:36:29,965 > 보유종목현황
[ DEBUG      | Trader.py: 214		] 2018-10-02 10:36:47,861 > 거래량조회 알고리즘 실행
[ DEBUG      | Trader.py: 218		] 2018-10-02 10:37:02,866 > 매도 알고리즘 실행
[ DEBUG      | Trader.py: 542		] 2018-10-02 10:37:02,960 > 보유종목현황
[ DEBUG      | Trader.py: 214		] 2018-10-02 10:37:17,866 > 거래량조회 알고리즘 실행
[ DEBUG      | Trader.py: 218		] 2018-10-02 10:37:35,872 > 매도 알고리즘 실행
[ DEBUG      | Trader.py: 542		] 2018-10-02 10:37:36,075 > 보유종목현황
[ DEBUG      | Trader.py: 572		] 2018-10-02 10:37:36,075 > 손절매도
[ CRITICAL   | Trader.py: 393		] 2018-10-02 10:37:36,075 > 주문실행
[ DEBUG      | Trader.py: 214		] 2018-10-02 10:37:47,861 > 거래량조회 알고리즘 실행
[ DEBUG      | Trader.py: 218		] 2018-10-02 10:38:08,868 > 매도 알고리즘 실행
[ DEBUG      | Trader.py: 542		] 2018-10-02 10:38:08,962 > 보유종목현황
[ DEBUG      | Trader.py: 214		] 2018-10-02 10:38:17,871 > 거래량조회 알고리즘 실행
[ DEBUG      | Trader.py: 218		] 2018-10-02 10:38:41,864 > 매도 알고리즘 실행
[ DEBUG      | Trader.py: 542		] 2018-10-02 10:38:41,958 > 보유종목현황
[ DEBUG      | Trader.py: 214		] 2018-10-02 10:38:47,866 > 거래량조회 알고리즘 실행
[ DEBUG      | Trader.py: 218		] 2018-10-02 10:39:14,861 > 매도 알고리즘 실행
[ DEBUG      | Trader.py: 542		] 2018-10-02 10:39:15,111 > 보유종목현황
[ DEBUG      | Trader.py: 214		] 2018-10-02 10:39:17,862 > 거래량조회 알고리즘 실행
[ DEBUG      | Trader.py: 218		] 2018-10-02 10:39:47,873 > 매도 알고리즘 실행
[ DEBUG      | Trader.py: 214		] 2018-10-02 10:39:47,873 > 거래량조회 알고리즘 실행
[ DEBUG      | Trader.py: 542		] 2018-10-02 10:39:48,670 > 보유종목현황
[ DEBUG      | Trader.py: 214		] 2018-10-02 10:40:17,868 > 거래량조회 알고리즘 실행
[ DEBUG      | Trader.py: 218		] 2018-10-02 10:40:20,869 > 매도 알고리즘 실행
[ DEBUG      | Trader.py: 542		] 2018-10-02 10:40:20,978 > 보유종목현황
[ DEBUG      | Trader.py: 214		] 2018-10-02 10:40:47,863 > 거래량조회 알고리즘 실행
[ DEBUG      | Trader.py: 218		] 2018-10-02 10:40:53,865 > 매도 알고리즘 실행
[ DEBUG      | Trader.py: 542		] 2018-10-02 10:40:54,006 > 보유종목현황
[ DEBUG      | Trader.py: 214		] 2018-10-02 10:41:17,859 > 거래량조회 알고리즘 실행
[ DEBUG      | Trader.py: 218		] 2018-10-02 10:41:26,862 > 매도 알고리즘 실행
[ DEBUG      | Trader.py: 542		] 2018-10-02 10:41:26,956 > 보유종목현황
[ DEBUG      | Trader.py: 214		] 2018-10-02 10:41:47,870 > 거래량조회 알고리즘 실행
[ DEBUG      | Trader.py: 483		] 2018-10-02 10:41:48,839 > 바이리스트 주문을 시작함
[ CRITICAL   | Trader.py: 496		] 2018-10-02 10:41:48,964 > 주문실행
[ CRITICAL   | Trader.py: 393		] 2018-10-02 10:41:50,496 > 주문실행
[ DEBUG      | Trader.py: 218		] 2018-10-02 10:41:59,859 > 매도 알고리즘 실행
[ DEBUG      | Trader.py: 542		] 2018-10-02 10:41:59,953 > 보유종목현황
[ DEBUG      | Trader.py: 214		] 2018-10-02 10:42:17,865 > 거래량조회 알고리즘 실행
[ DEBUG      | Trader.py: 218		] 2018-10-02 10:42:32,871 > 매도 알고리즘 실행
[ DEBUG      | Trader.py: 542		] 2018-10-02 10:42:33,043 > 보유종목현황
[ DEBUG      | Trader.py: 214		] 2018-10-02 10:42:47,861 > 거래량조회 알고리즘 실행
[ DEBUG      | Trader.py: 218		] 2018-10-02 10:43:05,867 > 매도 알고리즘 실행
[ DEBUG      | Trader.py: 542		] 2018-10-02 10:43:05,961 > 보유종목현황
[ DEBUG      | Trader.py: 214		] 2018-10-02 10:43:17,872 > 거래량조회 알고리즘 실행
[ DEBUG      | Trader.py: 218		] 2018-10-02 10:43:38,863 > 매도 알고리즘 실행
[ DEBUG      | Trader.py: 542		] 2018-10-02 10:43:38,957 > 보유종목현황
[ DEBUG      | Trader.py: 214		] 2018-10-02 10:43:47,867 > 거래량조회 알고리즘 실행
[ DEBUG      | Trader.py: 218		] 2018-10-02 10:44:11,859 > 매도 알고리즘 실행
[ DEBUG      | Trader.py: 542		] 2018-10-02 10:44:12,047 > 보유종목현황
[ DEBUG      | Trader.py: 214		] 2018-10-02 10:44:17,861 > 거래량조회 알고리즘 실행
[ DEBUG      | Trader.py: 218		] 2018-10-02 10:44:44,870 > 매도 알고리즘 실행
[ DEBUG      | Trader.py: 542		] 2018-10-02 10:44:44,964 > 보유종목현황
[ DEBUG      | Trader.py: 214		] 2018-10-02 10:44:47,871 > 거래량조회 알고리즘 실행
[ DEBUG      | Trader.py: 218		] 2018-10-02 10:45:17,874 > 매도 알고리즘 실행
[ DEBUG      | Trader.py: 214		] 2018-10-02 10:45:17,874 > 거래량조회 알고리즘 실행
[ DEBUG      | Trader.py: 542		] 2018-10-02 10:45:18,780 > 보유종목현황
[ DEBUG      | Trader.py: 214		] 2018-10-02 10:45:47,899 > 거래량조회 알고리즘 실행
[ DEBUG      | Trader.py: 218		] 2018-10-02 10:45:50,901 > 매도 알고리즘 실행
[ DEBUG      | Trader.py: 542		] 2018-10-02 10:45:51,104 > 보유종목현황
[ DEBUG      | Trader.py: 572		] 2018-10-02 10:45:51,104 > 손절매도
[ CRITICAL   | Trader.py: 393		] 2018-10-02 10:45:51,104 > 주문실행
