[ INFO       | Trader_0.4.3.py: 107		] 2018-09-30 13:26:25,135 > 프로그램이 시작되었습니다.
[ DEBUG      | Trader_0.4.3.py: 570		] 2018-09-30 13:26:27,713 > etf,etn리스트 저장
[ DEBUG      | Trader_0.4.3.py: 317		] 2018-09-30 13:26:43,936 > 잔고조회
[ DEBUG      | Trader_0.4.3.py: 215		] 2018-09-30 13:26:58,133 > 매도 알고리즘 실행
[ DEBUG      | Trader_0.4.3.py: 539		] 2018-09-30 13:26:58,232 > 보유종목현황
[ DEBUG      | Trader_0.4.3.py: 215		] 2018-09-30 13:27:31,127 > 매도 알고리즘 실행
[ DEBUG      | Trader_0.4.3.py: 539		] 2018-09-30 13:27:31,297 > 보유종목현황
[ DEBUG      | Trader_0.4.3.py: 215		] 2018-09-30 13:28:04,132 > 매도 알고리즘 실행
[ DEBUG      | Trader_0.4.3.py: 539		] 2018-09-30 13:28:04,246 > 보유종목현황
[ DEBUG      | Trader_0.4.3.py: 215		] 2018-09-30 13:28:37,135 > 매도 알고리즘 실행
[ DEBUG      | Trader_0.4.3.py: 539		] 2018-09-30 13:28:37,241 > 보유종목현황
[ DEBUG      | Trader_0.4.3.py: 215		] 2018-09-30 13:29:10,130 > 매도 알고리즘 실행
[ DEBUG      | Trader_0.4.3.py: 539		] 2018-09-30 13:29:10,240 > 보유종목현황
[ DEBUG      | Trader_0.4.3.py: 215		] 2018-09-30 13:29:43,134 > 매도 알고리즘 실행
[ DEBUG      | Trader_0.4.3.py: 539		] 2018-09-30 13:29:43,240 > 보유종목현황
[ DEBUG      | Trader_0.4.3.py: 317		] 2018-09-30 13:29:45,130 > 잔고조회
[ DEBUG      | Trader_0.4.3.py: 317		] 2018-09-30 13:30:10,127 > 잔고조회
[ DEBUG      | Trader_0.4.3.py: 215		] 2018-09-30 13:30:16,129 > 매도 알고리즘 실행
[ DEBUG      | Trader_0.4.3.py: 539		] 2018-09-30 13:30:16,235 > 보유종목현황
[ DEBUG      | Trader_0.4.3.py: 317		] 2018-09-30 13:30:35,127 > 잔고조회
[ DEBUG      | Trader_0.4.3.py: 215		] 2018-09-30 13:30:49,134 > 매도 알고리즘 실행
[ DEBUG      | Trader_0.4.3.py: 539		] 2018-09-30 13:30:49,242 > 보유종목현황
[ DEBUG      | Trader_0.4.3.py: 317		] 2018-09-30 13:31:00,127 > 잔고조회
[ DEBUG      | Trader_0.4.3.py: 215		] 2018-09-30 13:31:22,135 > 매도 알고리즘 실행
[ DEBUG      | Trader_0.4.3.py: 539		] 2018-09-30 13:31:22,241 > 보유종목현황
[ DEBUG      | Trader_0.4.3.py: 317		] 2018-09-30 13:31:25,130 > 잔고조회
[ DEBUG      | Trader_0.4.3.py: 317		] 2018-09-30 13:31:50,127 > 잔고조회
[ DEBUG      | Trader_0.4.3.py: 215		] 2018-09-30 13:31:55,128 > 매도 알고리즘 실행
[ DEBUG      | Trader_0.4.3.py: 539		] 2018-09-30 13:31:55,240 > 보유종목현황
[ DEBUG      | Trader_0.4.3.py: 317		] 2018-09-30 13:31:55,703 > 잔고조회
[ DEBUG      | Trader_0.4.3.py: 252		] 2018-09-30 13:31:58,853 > 중간보고
[ INFO       | Trader_0.4.3.py: 362		] 2018-09-30 13:32:04,766 > 매수전략1 실행/중지
[ DEBUG      | Trader_0.4.3.py: 317		] 2018-09-30 13:32:15,127 > 잔고조회
[ DEBUG      | Trader_0.4.3.py: 211		] 2018-09-30 13:32:25,129 > 거래량조회 알고리즘 실행
[ DEBUG      | Trader_0.4.3.py: 215		] 2018-09-30 13:32:28,140 > 매도 알고리즘 실행
[ DEBUG      | Trader_0.4.3.py: 539		] 2018-09-30 13:32:28,242 > 보유종목현황
[ DEBUG      | Trader_0.4.3.py: 317		] 2018-09-30 13:32:40,130 > 잔고조회
[ DEBUG      | Trader_0.4.3.py: 211		] 2018-09-30 13:32:55,127 > 거래량조회 알고리즘 실행
[ DEBUG      | Trader_0.4.3.py: 215		] 2018-09-30 13:33:01,134 > 매도 알고리즘 실행
[ DEBUG      | Trader_0.4.3.py: 539		] 2018-09-30 13:33:01,247 > 보유종목현황
[ DEBUG      | Trader_0.4.3.py: 317		] 2018-09-30 13:33:05,129 > 잔고조회
[ DEBUG      | Trader_0.4.3.py: 211		] 2018-09-30 13:33:25,127 > 거래량조회 알고리즘 실행
[ DEBUG      | Trader_0.4.3.py: 317		] 2018-09-30 13:33:30,128 > 잔고조회
[ DEBUG      | Trader_0.4.3.py: 215		] 2018-09-30 13:33:34,130 > 매도 알고리즘 실행
[ DEBUG      | Trader_0.4.3.py: 539		] 2018-09-30 13:33:34,230 > 보유종목현황
[ INFO       | Trader_0.4.3.py: 114		] 2018-09-30 13:33:46,542 > 프로그램이 종료되었습니다.
[ INFO       | Trader_0.4.3.py: 362		] 2018-09-30 13:33:46,542 > 매수전략1 실행/중지
