[ INFO       | Trader 0.4.3.py: 106		] 2018-09-30 01:55:48,020 > 프로그램이 시작되었습니다.
[ DEBUG      | Trader 0.4.3.py: 569		] 2018-09-30 01:55:50,671 > etf,etn리스트 저장
[ DEBUG      | Trader 0.4.3.py: 316		] 2018-09-30 01:56:00,714 > 잔고조회
[ DEBUG      | Trader 0.4.3.py: 251		] 2018-09-30 01:56:02,224 > 중간보고
[ INFO       | Trader 0.4.3.py: 361		] 2018-09-30 01:56:12,069 > 매수전략1 실행/중지
[ DEBUG      | Trader 0.4.3.py: 210		] 2018-09-30 01:56:18,028 > 거래량조회 알고리즘 실행
[ DEBUG      | Trader 0.4.3.py: 214		] 2018-09-30 01:56:21,021 > 매도 알고리즘 실행
[ DEBUG      | Trader 0.4.3.py: 210		] 2018-09-30 01:56:48,024 > 거래량조회 알고리즘 실행
[ DEBUG      | Trader 0.4.3.py: 214		] 2018-09-30 01:56:54,020 > 매도 알고리즘 실행
[ DEBUG      | Trader 0.4.3.py: 210		] 2018-09-30 01:57:18,030 > 거래량조회 알고리즘 실행
[ DEBUG      | Trader 0.4.3.py: 214		] 2018-09-30 01:57:27,030 > 매도 알고리즘 실행
[ DEBUG      | Trader 0.4.3.py: 316		] 2018-09-30 01:57:47,871 > 잔고조회
[ DEBUG      | Trader 0.4.3.py: 210		] 2018-09-30 01:57:48,022 > 거래량조회 알고리즘 실행
[ DEBUG      | Trader 0.4.3.py: 316		] 2018-09-30 01:57:52,194 > 잔고조회
[ DEBUG      | Trader 0.4.3.py: 251		] 2018-09-30 01:57:54,446 > 중간보고
[ DEBUG      | Trader 0.4.3.py: 214		] 2018-09-30 01:58:00,019 > 매도 알고리즘 실행
[ DEBUG      | Trader 0.4.3.py: 210		] 2018-09-30 01:58:18,030 > 거래량조회 알고리즘 실행
[ DEBUG      | Trader 0.4.3.py: 214		] 2018-09-30 01:58:33,022 > 매도 알고리즘 실행
[ DEBUG      | Trader 0.4.3.py: 210		] 2018-09-30 01:58:48,026 > 거래량조회 알고리즘 실행
[ DEBUG      | Trader 0.4.3.py: 214		] 2018-09-30 01:59:06,025 > 매도 알고리즘 실행
[ DEBUG      | Trader 0.4.3.py: 210		] 2018-09-30 01:59:18,021 > 거래량조회 알고리즘 실행
[ DEBUG      | Trader 0.4.3.py: 214		] 2018-09-30 01:59:39,032 > 매도 알고리즘 실행
[ DEBUG      | Trader 0.4.3.py: 210		] 2018-09-30 01:59:48,029 > 거래량조회 알고리즘 실행
[ DEBUG      | Trader 0.4.3.py: 214		] 2018-09-30 02:00:12,028 > 매도 알고리즘 실행
[ DEBUG      | Trader 0.4.3.py: 210		] 2018-09-30 02:00:18,033 > 거래량조회 알고리즘 실행
[ DEBUG      | Trader 0.4.3.py: 214		] 2018-09-30 02:00:45,032 > 매도 알고리즘 실행
[ DEBUG      | Trader 0.4.3.py: 210		] 2018-09-30 02:00:48,041 > 거래량조회 알고리즘 실행
[ DEBUG      | Trader 0.4.3.py: 214		] 2018-09-30 02:01:18,019 > 매도 알고리즘 실행
[ DEBUG      | Trader 0.4.3.py: 210		] 2018-09-30 02:01:18,035 > 거래량조회 알고리즘 실행
[ DEBUG      | Trader 0.4.3.py: 210		] 2018-09-30 02:01:48,045 > 거래량조회 알고리즘 실행
[ DEBUG      | Trader 0.4.3.py: 214		] 2018-09-30 02:01:51,029 > 매도 알고리즘 실행
[ DEBUG      | Trader 0.4.3.py: 210		] 2018-09-30 02:02:18,042 > 거래량조회 알고리즘 실행
[ DEBUG      | Trader 0.4.3.py: 214		] 2018-09-30 02:02:24,030 > 매도 알고리즘 실행
[ DEBUG      | Trader 0.4.3.py: 210		] 2018-09-30 02:02:48,035 > 거래량조회 알고리즘 실행
[ DEBUG      | Trader 0.4.3.py: 214		] 2018-09-30 02:02:57,033 > 매도 알고리즘 실행
[ DEBUG      | Trader 0.4.3.py: 210		] 2018-09-30 02:03:18,045 > 거래량조회 알고리즘 실행
[ DEBUG      | Trader 0.4.3.py: 214		] 2018-09-30 02:03:30,035 > 매도 알고리즘 실행
[ DEBUG      | Trader 0.4.3.py: 210		] 2018-09-30 02:03:48,038 > 거래량조회 알고리즘 실행
[ DEBUG      | Trader 0.4.3.py: 214		] 2018-09-30 02:04:03,037 > 매도 알고리즘 실행
[ DEBUG      | Trader 0.4.3.py: 210		] 2018-09-30 02:04:18,037 > 거래량조회 알고리즘 실행
[ DEBUG      | Trader 0.4.3.py: 214		] 2018-09-30 02:04:36,041 > 매도 알고리즘 실행
[ DEBUG      | Trader 0.4.3.py: 210		] 2018-09-30 02:04:48,040 > 거래량조회 알고리즘 실행
[ DEBUG      | Trader 0.4.3.py: 214		] 2018-09-30 02:05:09,037 > 매도 알고리즘 실행
[ DEBUG      | Trader 0.4.3.py: 210		] 2018-09-30 02:05:18,041 > 거래량조회 알고리즘 실행
[ DEBUG      | Trader 0.4.3.py: 214		] 2018-09-30 02:05:42,035 > 매도 알고리즘 실행
[ DEBUG      | Trader 0.4.3.py: 210		] 2018-09-30 02:05:48,043 > 거래량조회 알고리즘 실행
[ DEBUG      | Trader 0.4.3.py: 214		] 2018-09-30 02:06:15,045 > 매도 알고리즘 실행
[ DEBUG      | Trader 0.4.3.py: 210		] 2018-09-30 02:06:18,038 > 거래량조회 알고리즘 실행
[ DEBUG      | Trader 0.4.3.py: 214		] 2018-09-30 02:06:48,040 > 매도 알고리즘 실행
[ DEBUG      | Trader 0.4.3.py: 210		] 2018-09-30 02:06:48,044 > 거래량조회 알고리즘 실행
[ DEBUG      | Trader 0.4.3.py: 210		] 2018-09-30 02:07:18,033 > 거래량조회 알고리즘 실행
[ DEBUG      | Trader 0.4.3.py: 214		] 2018-09-30 02:07:21,041 > 매도 알고리즘 실행
[ DEBUG      | Trader 0.4.3.py: 210		] 2018-09-30 02:07:48,041 > 거래량조회 알고리즘 실행
[ DEBUG      | Trader 0.4.3.py: 214		] 2018-09-30 02:07:54,047 > 매도 알고리즘 실행
[ DEBUG      | Trader 0.4.3.py: 210		] 2018-09-30 02:08:18,042 > 거래량조회 알고리즘 실행
[ DEBUG      | Trader 0.4.3.py: 214		] 2018-09-30 02:08:27,045 > 매도 알고리즘 실행
[ DEBUG      | Trader 0.4.3.py: 316		] 2018-09-30 02:08:39,111 > 잔고조회
[ DEBUG      | Trader 0.4.3.py: 210		] 2018-09-30 02:08:48,038 > 거래량조회 알고리즘 실행
[ DEBUG      | Trader 0.4.3.py: 214		] 2018-09-30 02:09:00,041 > 매도 알고리즘 실행
[ DEBUG      | Trader 0.4.3.py: 210		] 2018-09-30 02:09:18,039 > 거래량조회 알고리즘 실행
[ DEBUG      | Trader 0.4.3.py: 214		] 2018-09-30 02:09:33,043 > 매도 알고리즘 실행
[ DEBUG      | Trader 0.4.3.py: 210		] 2018-09-30 02:09:48,043 > 거래량조회 알고리즘 실행
[ DEBUG      | Trader 0.4.3.py: 214		] 2018-09-30 02:10:06,039 > 매도 알고리즘 실행
[ DEBUG      | Trader 0.4.3.py: 210		] 2018-09-30 02:10:18,035 > 거래량조회 알고리즘 실행
[ INFO       | Trader 0.4.3.py: 113		] 2018-09-30 02:10:24,249 > 프로그램이 종료되었습니다.
[ INFO       | Trader 0.4.3.py: 361		] 2018-09-30 02:10:24,249 > 매수전략1 실행/중지
