[ INFO       | Trader.py: 110		] 2018-10-02 09:40:10,560 > 프로그램이 시작되었습니다.
[ DEBUG      | Trader.py: 587		] 2018-10-02 09:40:12,941 > etf,etn리스트 저장
[ DEBUG      | Trader.py: 320		] 2018-10-02 09:40:18,434 > 잔고조회
[ DEBUG      | Trader.py: 320		] 2018-10-02 09:40:26,511 > 잔고조회
[ DEBUG      | Trader.py: 320		] 2018-10-02 09:40:26,795 > 잔고조회
[ INFO       | Trader.py: 365		] 2018-10-02 09:40:30,695 > 매수전략1 실행/중지
[ DEBUG      | Trader.py: 214		] 2018-10-02 09:40:40,548 > 거래량조회 알고리즘 실행
[ DEBUG      | Trader.py: 218		] 2018-10-02 09:40:43,550 > 매도 알고리즘 실행
[ DEBUG      | Trader.py: 542		] 2018-10-02 09:40:43,638 > 보유종목현황
[ DEBUG      | Trader.py: 214		] 2018-10-02 09:41:10,549 > 거래량조회 알고리즘 실행
[ DEBUG      | Trader.py: 218		] 2018-10-02 09:41:16,551 > 매도 알고리즘 실행
[ DEBUG      | Trader.py: 542		] 2018-10-02 09:41:16,643 > 보유종목현황
[ DEBUG      | Trader.py: 214		] 2018-10-02 09:41:40,548 > 거래량조회 알고리즘 실행
[ DEBUG      | Trader.py: 218		] 2018-10-02 09:41:49,552 > 매도 알고리즘 실행
[ DEBUG      | Trader.py: 542		] 2018-10-02 09:41:49,635 > 보유종목현황
[ DEBUG      | Trader.py: 214		] 2018-10-02 09:42:10,548 > 거래량조회 알고리즘 실행
[ DEBUG      | Trader.py: 218		] 2018-10-02 09:42:22,548 > 매도 알고리즘 실행
[ DEBUG      | Trader.py: 542		] 2018-10-02 09:42:22,633 > 보유종목현황
[ DEBUG      | Trader.py: 214		] 2018-10-02 09:42:40,551 > 거래량조회 알고리즘 실행
[ DEBUG      | Trader.py: 218		] 2018-10-02 09:42:55,548 > 매도 알고리즘 실행
[ DEBUG      | Trader.py: 542		] 2018-10-02 09:42:55,639 > 보유종목현황
[ DEBUG      | Trader.py: 214		] 2018-10-02 09:43:10,550 > 거래량조회 알고리즘 실행
[ DEBUG      | Trader.py: 218		] 2018-10-02 09:43:28,552 > 매도 알고리즘 실행
[ DEBUG      | Trader.py: 542		] 2018-10-02 09:43:28,639 > 보유종목현황
[ DEBUG      | Trader.py: 214		] 2018-10-02 09:43:40,548 > 거래량조회 알고리즘 실행
[ DEBUG      | Trader.py: 218		] 2018-10-02 09:44:01,557 > 매도 알고리즘 실행
[ DEBUG      | Trader.py: 542		] 2018-10-02 09:44:01,646 > 보유종목현황
[ DEBUG      | Trader.py: 214		] 2018-10-02 09:44:10,553 > 거래량조회 알고리즘 실행
[ DEBUG      | Trader.py: 218		] 2018-10-02 09:44:34,552 > 매도 알고리즘 실행
[ DEBUG      | Trader.py: 542		] 2018-10-02 09:44:34,641 > 보유종목현황
[ DEBUG      | Trader.py: 214		] 2018-10-02 09:44:40,550 > 거래량조회 알고리즘 실행
[ DEBUG      | Trader.py: 218		] 2018-10-02 09:45:07,549 > 매도 알고리즘 실행
[ DEBUG      | Trader.py: 542		] 2018-10-02 09:45:07,627 > 보유종목현황
[ DEBUG      | Trader.py: 214		] 2018-10-02 09:45:10,550 > 거래량조회 알고리즘 실행
[ DEBUG      | Trader.py: 218		] 2018-10-02 09:45:40,577 > 매도 알고리즘 실행
[ DEBUG      | Trader.py: 214		] 2018-10-02 09:45:40,577 > 거래량조회 알고리즘 실행
[ DEBUG      | Trader.py: 542		] 2018-10-02 09:45:41,499 > 보유종목현황
[ DEBUG      | Trader.py: 214		] 2018-10-02 09:46:10,572 > 거래량조회 알고리즘 실행
[ DEBUG      | Trader.py: 218		] 2018-10-02 09:46:13,574 > 매도 알고리즘 실행
[ DEBUG      | Trader.py: 542		] 2018-10-02 09:46:13,839 > 보유종목현황
[ DEBUG      | Trader.py: 214		] 2018-10-02 09:46:40,567 > 거래량조회 알고리즘 실행
[ DEBUG      | Trader.py: 218		] 2018-10-02 09:46:46,569 > 매도 알고리즘 실행
[ DEBUG      | Trader.py: 542		] 2018-10-02 09:46:46,647 > 보유종목현황
[ DEBUG      | Trader.py: 214		] 2018-10-02 09:47:10,578 > 거래량조회 알고리즘 실행
[ DEBUG      | Trader.py: 218		] 2018-10-02 09:47:19,565 > 매도 알고리즘 실행
[ DEBUG      | Trader.py: 542		] 2018-10-02 09:47:19,643 > 보유종목현황
[ DEBUG      | Trader.py: 214		] 2018-10-02 09:47:40,573 > 거래량조회 알고리즘 실행
[ DEBUG      | Trader.py: 218		] 2018-10-02 09:47:52,577 > 매도 알고리즘 실행
[ DEBUG      | Trader.py: 542		] 2018-10-02 09:47:52,796 > 보유종목현황
[ DEBUG      | Trader.py: 214		] 2018-10-02 09:48:10,574 > 거래량조회 알고리즘 실행
[ DEBUG      | Trader.py: 218		] 2018-10-02 09:48:25,564 > 매도 알고리즘 실행
[ DEBUG      | Trader.py: 542		] 2018-10-02 09:48:25,657 > 보유종목현황
[ DEBUG      | Trader.py: 214		] 2018-10-02 09:48:40,569 > 거래량조회 알고리즘 실행
[ DEBUG      | Trader.py: 218		] 2018-10-02 09:48:58,575 > 매도 알고리즘 실행
[ DEBUG      | Trader.py: 542		] 2018-10-02 09:48:58,684 > 보유종목현황
[ DEBUG      | Trader.py: 214		] 2018-10-02 09:49:10,564 > 거래량조회 알고리즘 실행
[ DEBUG      | Trader.py: 218		] 2018-10-02 09:49:31,571 > 매도 알고리즘 실행
[ DEBUG      | Trader.py: 542		] 2018-10-02 09:49:31,665 > 보유종목현황
[ DEBUG      | Trader.py: 214		] 2018-10-02 09:49:40,575 > 거래량조회 알고리즘 실행
[ DEBUG      | Trader.py: 218		] 2018-10-02 09:50:04,568 > 매도 알고리즘 실행
[ DEBUG      | Trader.py: 542		] 2018-10-02 09:50:05,193 > 보유종목현황
[ DEBUG      | Trader.py: 214		] 2018-10-02 09:50:10,570 > 거래량조회 알고리즘 실행
[ DEBUG      | Trader.py: 218		] 2018-10-02 09:50:37,563 > 매도 알고리즘 실행
[ DEBUG      | Trader.py: 542		] 2018-10-02 09:50:37,641 > 보유종목현황
[ DEBUG      | Trader.py: 214		] 2018-10-02 09:50:40,565 > 거래량조회 알고리즘 실행
[ DEBUG      | Trader.py: 218		] 2018-10-02 09:51:10,576 > 매도 알고리즘 실행
[ DEBUG      | Trader.py: 214		] 2018-10-02 09:51:10,576 > 거래량조회 알고리즘 실행
[ DEBUG      | Trader.py: 542		] 2018-10-02 09:51:11,482 > 보유종목현황
[ DEBUG      | Trader.py: 214		] 2018-10-02 09:51:40,570 > 거래량조회 알고리즘 실행
[ DEBUG      | Trader.py: 218		] 2018-10-02 09:51:43,571 > 매도 알고리즘 실행
[ DEBUG      | Trader.py: 542		] 2018-10-02 09:51:43,649 > 보유종목현황
[ DEBUG      | Trader.py: 214		] 2018-10-02 09:52:10,566 > 거래량조회 알고리즘 실행
[ DEBUG      | Trader.py: 218		] 2018-10-02 09:52:16,568 > 매도 알고리즘 실행
[ DEBUG      | Trader.py: 542		] 2018-10-02 09:52:16,740 > 보유종목현황
[ DEBUG      | Trader.py: 214		] 2018-10-02 09:52:40,577 > 거래량조회 알고리즘 실행
[ DEBUG      | Trader.py: 218		] 2018-10-02 09:52:49,564 > 매도 알고리즘 실행
[ DEBUG      | Trader.py: 542		] 2018-10-02 09:52:49,658 > 보유종목현황
[ DEBUG      | Trader.py: 214		] 2018-10-02 09:53:10,572 > 거래량조회 알고리즘 실행
[ DEBUG      | Trader.py: 218		] 2018-10-02 09:53:22,564 > 매도 알고리즘 실행
[ DEBUG      | Trader.py: 542		] 2018-10-02 09:53:22,657 > 보유종목현황
[ DEBUG      | Trader.py: 214		] 2018-10-02 09:53:40,570 > 거래량조회 알고리즘 실행
[ DEBUG      | Trader.py: 218		] 2018-10-02 09:53:55,576 > 매도 알고리즘 실행
[ DEBUG      | Trader.py: 542		] 2018-10-02 09:53:55,654 > 보유종목현황
[ DEBUG      | Trader.py: 214		] 2018-10-02 09:54:10,565 > 거래량조회 알고리즘 실행
[ DEBUG      | Trader.py: 218		] 2018-10-02 09:54:28,570 > 매도 알고리즘 실행
[ DEBUG      | Trader.py: 542		] 2018-10-02 09:54:28,649 > 보유종목현황
[ DEBUG      | Trader.py: 214		] 2018-10-02 09:54:40,575 > 거래량조회 알고리즘 실행
[ DEBUG      | Trader.py: 218		] 2018-10-02 09:55:01,566 > 매도 알고리즘 실행
[ DEBUG      | Trader.py: 542		] 2018-10-02 09:55:01,644 > 보유종목현황
[ DEBUG      | Trader.py: 214		] 2018-10-02 09:55:10,569 > 거래량조회 알고리즘 실행
[ DEBUG      | Trader.py: 218		] 2018-10-02 09:55:34,578 > 매도 알고리즘 실행
[ DEBUG      | Trader.py: 542		] 2018-10-02 09:55:34,671 > 보유종목현황
[ DEBUG      | Trader.py: 214		] 2018-10-02 09:55:40,564 > 거래량조회 알고리즘 실행
[ DEBUG      | Trader.py: 218		] 2018-10-02 09:56:07,574 > 매도 알고리즘 실행
[ DEBUG      | Trader.py: 542		] 2018-10-02 09:56:07,668 > 보유종목현황
[ DEBUG      | Trader.py: 214		] 2018-10-02 09:56:10,575 > 거래량조회 알고리즘 실행
[ DEBUG      | Trader.py: 218		] 2018-10-02 09:56:40,571 > 매도 알고리즘 실행
[ DEBUG      | Trader.py: 214		] 2018-10-02 09:56:40,571 > 거래량조회 알고리즘 실행
[ DEBUG      | Trader.py: 542		] 2018-10-02 09:56:41,462 > 보유종목현황
[ DEBUG      | Trader.py: 214		] 2018-10-02 09:57:10,565 > 거래량조회 알고리즘 실행
[ DEBUG      | Trader.py: 218		] 2018-10-02 09:57:13,566 > 매도 알고리즘 실행
[ DEBUG      | Trader.py: 542		] 2018-10-02 09:57:13,660 > 보유종목현황
[ DEBUG      | Trader.py: 214		] 2018-10-02 09:57:40,576 > 거래량조회 알고리즘 실행
[ DEBUG      | Trader.py: 218		] 2018-10-02 09:57:46,578 > 매도 알고리즘 실행
[ DEBUG      | Trader.py: 542		] 2018-10-02 09:57:46,672 > 보유종목현황
[ DEBUG      | Trader.py: 214		] 2018-10-02 09:58:10,571 > 거래량조회 알고리즘 실행
[ DEBUG      | Trader.py: 218		] 2018-10-02 09:58:19,574 > 매도 알고리즘 실행
[ DEBUG      | Trader.py: 542		] 2018-10-02 09:58:19,683 > 보유종목현황
[ DEBUG      | Trader.py: 214		] 2018-10-02 09:58:40,566 > 거래량조회 알고리즘 실행
[ DEBUG      | Trader.py: 218		] 2018-10-02 09:58:52,569 > 매도 알고리즘 실행
[ DEBUG      | Trader.py: 542		] 2018-10-02 09:58:52,882 > 보유종목현황
[ DEBUG      | Trader.py: 214		] 2018-10-02 09:59:10,575 > 거래량조회 알고리즘 실행
[ DEBUG      | Trader.py: 218		] 2018-10-02 09:59:25,565 > 매도 알고리즘 실행
[ DEBUG      | Trader.py: 542		] 2018-10-02 09:59:25,643 > 보유종목현황
[ DEBUG      | Trader.py: 214		] 2018-10-02 09:59:40,570 > 거래량조회 알고리즘 실행
[ DEBUG      | Trader.py: 218		] 2018-10-02 09:59:58,577 > 매도 알고리즘 실행
[ DEBUG      | Trader.py: 542		] 2018-10-02 09:59:58,671 > 보유종목현황
[ DEBUG      | Trader.py: 214		] 2018-10-02 10:00:10,565 > 거래량조회 알고리즘 실행
[ DEBUG      | Trader.py: 218		] 2018-10-02 10:00:31,574 > 매도 알고리즘 실행
[ DEBUG      | Trader.py: 542		] 2018-10-02 10:00:31,668 > 보유종목현황
[ DEBUG      | Trader.py: 214		] 2018-10-02 10:00:40,577 > 거래량조회 알고리즘 실행
[ DEBUG      | Trader.py: 218		] 2018-10-02 10:01:04,569 > 매도 알고리즘 실행
[ DEBUG      | Trader.py: 542		] 2018-10-02 10:01:04,679 > 보유종목현황
[ DEBUG      | Trader.py: 214		] 2018-10-02 10:01:10,571 > 거래량조회 알고리즘 실행
[ DEBUG      | Trader.py: 218		] 2018-10-02 10:01:37,566 > 매도 알고리즘 실행
[ DEBUG      | Trader.py: 542		] 2018-10-02 10:01:37,660 > 보유종목현황
[ DEBUG      | Trader.py: 214		] 2018-10-02 10:01:40,567 > 거래량조회 알고리즘 실행
[ DEBUG      | Trader.py: 218		] 2018-10-02 10:02:10,577 > 매도 알고리즘 실행
[ DEBUG      | Trader.py: 214		] 2018-10-02 10:02:10,577 > 거래량조회 알고리즘 실행
[ DEBUG      | Trader.py: 542		] 2018-10-02 10:02:11,514 > 보유종목현황
[ DEBUG      | Trader.py: 214		] 2018-10-02 10:02:40,571 > 거래량조회 알고리즘 실행
[ DEBUG      | Trader.py: 218		] 2018-10-02 10:02:43,572 > 매도 알고리즘 실행
[ DEBUG      | Trader.py: 542		] 2018-10-02 10:02:43,854 > 보유종목현황
[ DEBUG      | Trader.py: 214		] 2018-10-02 10:03:10,566 > 거래량조회 알고리즘 실행
[ DEBUG      | Trader.py: 483		] 2018-10-02 10:03:11,457 > 바이리스트 주문을 시작함
[ CRITICAL   | Trader.py: 496		] 2018-10-02 10:03:11,582 > 주문실행
[ CRITICAL   | Trader.py: 393		] 2018-10-02 10:03:13,114 > 주문실행
[ DEBUG      | Trader.py: 218		] 2018-10-02 10:03:16,569 > 매도 알고리즘 실행
[ DEBUG      | Trader.py: 542		] 2018-10-02 10:03:16,663 > 보유종목현황
[ DEBUG      | Trader.py: 214		] 2018-10-02 10:03:40,573 > 거래량조회 알고리즘 실행
[ DEBUG      | Trader.py: 218		] 2018-10-02 10:03:49,577 > 매도 알고리즘 실행
[ DEBUG      | Trader.py: 542		] 2018-10-02 10:03:49,670 > 보유종목현황
[ DEBUG      | Trader.py: 214		] 2018-10-02 10:04:10,568 > 거래량조회 알고리즘 실행
[ DEBUG      | Trader.py: 218		] 2018-10-02 10:04:22,572 > 매도 알고리즘 실행
[ DEBUG      | Trader.py: 542		] 2018-10-02 10:04:22,681 > 보유종목현황
[ DEBUG      | Trader.py: 214		] 2018-10-02 10:04:40,577 > 거래량조회 알고리즘 실행
[ DEBUG      | Trader.py: 218		] 2018-10-02 10:04:55,567 > 매도 알고리즘 실행
[ DEBUG      | Trader.py: 542		] 2018-10-02 10:04:55,661 > 보유종목현황
[ DEBUG      | Trader.py: 214		] 2018-10-02 10:05:10,572 > 거래량조회 알고리즘 실행
[ DEBUG      | Trader.py: 218		] 2018-10-02 10:05:28,578 > 매도 알고리즘 실행
[ DEBUG      | Trader.py: 542		] 2018-10-02 10:05:28,718 > 보유종목현황
[ DEBUG      | Trader.py: 214		] 2018-10-02 10:05:40,566 > 거래량조회 알고리즘 실행
[ DEBUG      | Trader.py: 218		] 2018-10-02 10:06:01,574 > 매도 알고리즘 실행
[ DEBUG      | Trader.py: 542		] 2018-10-02 10:06:01,934 > 보유종목현황
[ DEBUG      | Trader.py: 214		] 2018-10-02 10:06:10,577 > 거래량조회 알고리즘 실행
[ DEBUG      | Trader.py: 218		] 2018-10-02 10:06:34,570 > 매도 알고리즘 실행
[ DEBUG      | Trader.py: 542		] 2018-10-02 10:06:34,664 > 보유종목현황
[ DEBUG      | Trader.py: 214		] 2018-10-02 10:06:40,572 > 거래량조회 알고리즘 실행
[ DEBUG      | Trader.py: 218		] 2018-10-02 10:07:07,565 > 매도 알고리즘 실행
[ DEBUG      | Trader.py: 542		] 2018-10-02 10:07:07,971 > 보유종목현황
[ DEBUG      | Trader.py: 214		] 2018-10-02 10:07:10,566 > 거래량조회 알고리즘 실행
[ DEBUG      | Trader.py: 218		] 2018-10-02 10:07:40,576 > 매도 알고리즘 실행
[ DEBUG      | Trader.py: 214		] 2018-10-02 10:07:40,576 > 거래량조회 알고리즘 실행
[ DEBUG      | Trader.py: 542		] 2018-10-02 10:07:41,451 > 보유종목현황
[ DEBUG      | Trader.py: 214		] 2018-10-02 10:08:10,571 > 거래량조회 알고리즘 실행
[ DEBUG      | Trader.py: 218		] 2018-10-02 10:08:13,572 > 매도 알고리즘 실행
[ DEBUG      | Trader.py: 542		] 2018-10-02 10:08:13,931 > 보유종목현황
[ DEBUG      | Trader.py: 214		] 2018-10-02 10:08:40,564 > 거래량조회 알고리즘 실행
[ DEBUG      | Trader.py: 218		] 2018-10-02 10:08:46,567 > 매도 알고리즘 실행
[ DEBUG      | Trader.py: 542		] 2018-10-02 10:08:46,661 > 보유종목현황
[ DEBUG      | Trader.py: 214		] 2018-10-02 10:09:10,576 > 거래량조회 알고리즘 실행
[ DEBUG      | Trader.py: 218		] 2018-10-02 10:09:19,564 > 매도 알고리즘 실행
[ DEBUG      | Trader.py: 542		] 2018-10-02 10:09:19,689 > 보유종목현황
[ DEBUG      | Trader.py: 214		] 2018-10-02 10:09:40,570 > 거래량조회 알고리즘 실행
[ DEBUG      | Trader.py: 218		] 2018-10-02 10:09:52,575 > 매도 알고리즘 실행
[ DEBUG      | Trader.py: 542		] 2018-10-02 10:09:52,669 > 보유종목현황
[ DEBUG      | Trader.py: 255		] 2018-10-02 10:10:10,549 > 중간보고
[ DEBUG      | Trader.py: 214		] 2018-10-02 10:10:10,565 > 거래량조회 알고리즘 실행
[ DEBUG      | Trader.py: 218		] 2018-10-02 10:10:25,570 > 매도 알고리즘 실행
[ DEBUG      | Trader.py: 542		] 2018-10-02 10:10:25,680 > 보유종목현황
[ DEBUG      | Trader.py: 214		] 2018-10-02 10:10:40,575 > 거래량조회 알고리즘 실행
[ DEBUG      | Trader.py: 218		] 2018-10-02 10:10:58,565 > 매도 알고리즘 실행
[ DEBUG      | Trader.py: 542		] 2018-10-02 10:10:58,644 > 보유종목현황
[ DEBUG      | Trader.py: 214		] 2018-10-02 10:11:10,570 > 거래량조회 알고리즘 실행
[ DEBUG      | Trader.py: 218		] 2018-10-02 10:11:31,577 > 매도 알고리즘 실행
[ DEBUG      | Trader.py: 542		] 2018-10-02 10:11:31,671 > 보유종목현황
[ DEBUG      | Trader.py: 214		] 2018-10-02 10:11:40,564 > 거래량조회 알고리즘 실행
[ DEBUG      | Trader.py: 218		] 2018-10-02 10:12:04,573 > 매도 알고리즘 실행
[ DEBUG      | Trader.py: 542		] 2018-10-02 10:12:04,667 > 보유종목현황
[ DEBUG      | Trader.py: 214		] 2018-10-02 10:12:10,575 > 거래량조회 알고리즘 실행
[ DEBUG      | Trader.py: 218		] 2018-10-02 10:12:37,570 > 매도 알고리즘 실행
[ DEBUG      | Trader.py: 542		] 2018-10-02 10:12:37,680 > 보유종목현황
[ DEBUG      | Trader.py: 214		] 2018-10-02 10:12:40,571 > 거래량조회 알고리즘 실행
[ DEBUG      | Trader.py: 218		] 2018-10-02 10:13:10,565 > 매도 알고리즘 실행
[ DEBUG      | Trader.py: 214		] 2018-10-02 10:13:10,565 > 거래량조회 알고리즘 실행
[ DEBUG      | Trader.py: 542		] 2018-10-02 10:13:11,425 > 보유종목현황
[ DEBUG      | Trader.py: 214		] 2018-10-02 10:13:40,575 > 거래량조회 알고리즘 실행
[ DEBUG      | Trader.py: 218		] 2018-10-02 10:13:43,576 > 매도 알고리즘 실행
[ DEBUG      | Trader.py: 542		] 2018-10-02 10:13:43,826 > 보유종목현황
[ DEBUG      | Trader.py: 214		] 2018-10-02 10:14:10,569 > 거래량조회 알고리즘 실행
[ DEBUG      | Trader.py: 218		] 2018-10-02 10:14:16,570 > 매도 알고리즘 실행
[ DEBUG      | Trader.py: 542		] 2018-10-02 10:14:16,648 > 보유종목현황
[ DEBUG      | Trader.py: 214		] 2018-10-02 10:14:40,563 > 거래량조회 알고리즘 실행
[ DEBUG      | Trader.py: 218		] 2018-10-02 10:14:49,565 > 매도 알고리즘 실행
[ DEBUG      | Trader.py: 542		] 2018-10-02 10:14:49,659 > 보유종목현황
[ DEBUG      | Trader.py: 214		] 2018-10-02 10:15:10,572 > 거래량조회 알고리즘 실행
[ DEBUG      | Trader.py: 483		] 2018-10-02 10:15:11,494 > 바이리스트 주문을 시작함
[ CRITICAL   | Trader.py: 496		] 2018-10-02 10:15:11,635 > 주문실행
[ CRITICAL   | Trader.py: 393		] 2018-10-02 10:15:13,167 > 주문실행
[ DEBUG      | Trader.py: 218		] 2018-10-02 10:15:22,576 > 매도 알고리즘 실행
[ DEBUG      | Trader.py: 542		] 2018-10-02 10:15:22,732 > 보유종목현황
[ DEBUG      | Trader.py: 214		] 2018-10-02 10:15:40,566 > 거래량조회 알고리즘 실행
[ DEBUG      | Trader.py: 218		] 2018-10-02 10:15:55,572 > 매도 알고리즘 실행
[ DEBUG      | Trader.py: 542		] 2018-10-02 10:15:55,666 > 보유종목현황
[ DEBUG      | Trader.py: 214		] 2018-10-02 10:16:10,577 > 거래량조회 알고리즘 실행
[ DEBUG      | Trader.py: 218		] 2018-10-02 10:16:28,567 > 매도 알고리즘 실행
[ DEBUG      | Trader.py: 542		] 2018-10-02 10:16:28,661 > 보유종목현황
[ DEBUG      | Trader.py: 214		] 2018-10-02 10:16:40,571 > 거래량조회 알고리즘 실행
[ DEBUG      | Trader.py: 218		] 2018-10-02 10:17:01,563 > 매도 알고리즘 실행
[ DEBUG      | Trader.py: 542		] 2018-10-02 10:17:01,673 > 보유종목현황
[ DEBUG      | Trader.py: 572		] 2018-10-02 10:17:01,673 > 손절매도
[ CRITICAL   | Trader.py: 393		] 2018-10-02 10:17:01,673 > 주문실행
