[ INFO       | Trader 0.4.3.py: 106		] 2018-09-30 01:48:40,088 > 프로그램이 시작되었습니다.
[ DEBUG      | Trader 0.4.3.py: 569		] 2018-09-30 01:48:44,924 > etf,etn리스트 저장
[ DEBUG      | Trader 0.4.3.py: 316		] 2018-09-30 01:49:03,170 > 잔고조회
[ DEBUG      | Trader 0.4.3.py: 214		] 2018-09-30 01:49:13,089 > 매도 알고리즘 실행
[ DEBUG      | Trader 0.4.3.py: 538		] 2018-09-30 01:49:13,197 > 보유종목현황
[ DEBUG      | Trader 0.4.3.py: 214		] 2018-09-30 01:49:46,082 > 매도 알고리즘 실행
[ DEBUG      | Trader 0.4.3.py: 538		] 2018-09-30 01:49:46,193 > 보유종목현황
[ DEBUG      | Trader 0.4.3.py: 214		] 2018-09-30 01:50:19,087 > 매도 알고리즘 실행
[ DEBUG      | Trader 0.4.3.py: 538		] 2018-09-30 01:50:19,201 > 보유종목현황
[ DEBUG      | Trader 0.4.3.py: 214		] 2018-09-30 01:50:52,093 > 매도 알고리즘 실행
[ DEBUG      | Trader 0.4.3.py: 538		] 2018-09-30 01:50:52,204 > 보유종목현황
[ DEBUG      | Trader 0.4.3.py: 214		] 2018-09-30 01:51:25,080 > 매도 알고리즘 실행
[ DEBUG      | Trader 0.4.3.py: 538		] 2018-09-30 01:51:25,192 > 보유종목현황
[ DEBUG      | Trader 0.4.3.py: 214		] 2018-09-30 01:51:58,080 > 매도 알고리즘 실행
[ DEBUG      | Trader 0.4.3.py: 538		] 2018-09-30 01:51:58,186 > 보유종목현황
[ DEBUG      | Trader 0.4.3.py: 214		] 2018-09-30 01:52:31,094 > 매도 알고리즘 실행
[ DEBUG      | Trader 0.4.3.py: 538		] 2018-09-30 01:52:31,203 > 보유종목현황
[ DEBUG      | Trader 0.4.3.py: 214		] 2018-09-30 01:53:04,083 > 매도 알고리즘 실행
[ DEBUG      | Trader 0.4.3.py: 538		] 2018-09-30 01:53:04,190 > 보유종목현황
[ DEBUG      | Trader 0.4.3.py: 214		] 2018-09-30 01:53:37,086 > 매도 알고리즘 실행
[ DEBUG      | Trader 0.4.3.py: 538		] 2018-09-30 01:53:37,199 > 보유종목현황
[ DEBUG      | Trader 0.4.3.py: 214		] 2018-09-30 01:54:10,094 > 매도 알고리즘 실행
[ DEBUG      | Trader 0.4.3.py: 538		] 2018-09-30 01:54:10,205 > 보유종목현황
[ DEBUG      | Trader 0.4.3.py: 251		] 2018-09-30 01:54:42,872 > 중간보고
[ DEBUG      | Trader 0.4.3.py: 214		] 2018-09-30 01:54:44,568 > 매도 알고리즘 실행
[ DEBUG      | Trader 0.4.3.py: 538		] 2018-09-30 01:54:44,674 > 보유종목현황
[ DEBUG      | Trader 0.4.3.py: 316		] 2018-09-30 01:55:03,934 > 잔고조회
[ DEBUG      | Trader 0.4.3.py: 251		] 2018-09-30 01:55:09,326 > 중간보고
