[ INFO       | Trader.py: 110		] 2018-10-02 13:32:54,663 > 프로그램이 시작되었습니다.
[ DEBUG      | Trader.py: 587		] 2018-10-02 13:32:57,096 > etf,etn리스트 저장
[ DEBUG      | Trader.py: 320		] 2018-10-02 13:33:12,400 > 잔고조회
[ INFO       | Trader.py: 365		] 2018-10-02 13:33:14,752 > 매수전략1 실행/중지
[ DEBUG      | Trader.py: 214		] 2018-10-02 13:33:24,657 > 거래량조회 알고리즘 실행
[ DEBUG      | Trader.py: 218		] 2018-10-02 13:33:27,655 > 매도 알고리즘 실행
[ DEBUG      | Trader.py: 542		] 2018-10-02 13:33:27,762 > 보유종목현황
[ DEBUG      | Trader.py: 572		] 2018-10-02 13:33:27,763 > 손절매도
[ CRITICAL   | Trader.py: 393		] 2018-10-02 13:33:27,763 > 주문실행
[ DEBUG      | Trader.py: 214		] 2018-10-02 13:33:54,655 > 거래량조회 알고리즘 실행
[ DEBUG      | Trader.py: 218		] 2018-10-02 13:34:00,659 > 매도 알고리즘 실행
[ DEBUG      | Trader.py: 542		] 2018-10-02 13:34:00,752 > 보유종목현황
[ DEBUG      | Trader.py: 583		] 2018-10-02 13:34:00,753 > 이미 접수된 주문
[ DEBUG      | Trader.py: 214		] 2018-10-02 13:34:24,660 > 거래량조회 알고리즘 실행
[ DEBUG      | Trader.py: 218		] 2018-10-02 13:34:33,656 > 매도 알고리즘 실행
[ DEBUG      | Trader.py: 542		] 2018-10-02 13:34:33,774 > 보유종목현황
[ DEBUG      | Trader.py: 583		] 2018-10-02 13:34:33,774 > 이미 접수된 주문
[ DEBUG      | Trader.py: 214		] 2018-10-02 13:34:54,658 > 거래량조회 알고리즘 실행
[ DEBUG      | Trader.py: 218		] 2018-10-02 13:35:06,655 > 매도 알고리즘 실행
[ DEBUG      | Trader.py: 542		] 2018-10-02 13:35:06,846 > 보유종목현황
[ DEBUG      | Trader.py: 583		] 2018-10-02 13:35:06,847 > 이미 접수된 주문
[ DEBUG      | Trader.py: 214		] 2018-10-02 13:35:24,657 > 거래량조회 알고리즘 실행
[ DEBUG      | Trader.py: 483		] 2018-10-02 13:35:25,484 > 바이리스트 주문을 시작함
[ CRITICAL   | Trader.py: 496		] 2018-10-02 13:35:25,870 > 주문실행
[ CRITICAL   | Trader.py: 393		] 2018-10-02 13:35:27,393 > 주문실행
[ DEBUG      | Trader.py: 218		] 2018-10-02 13:35:39,660 > 매도 알고리즘 실행
[ DEBUG      | Trader.py: 542		] 2018-10-02 13:35:39,745 > 보유종목현황
[ DEBUG      | Trader.py: 583		] 2018-10-02 13:35:39,745 > 이미 접수된 주문
[ DEBUG      | Trader.py: 214		] 2018-10-02 13:35:54,660 > 거래량조회 알고리즘 실행
[ DEBUG      | Trader.py: 218		] 2018-10-02 13:36:12,659 > 매도 알고리즘 실행
[ DEBUG      | Trader.py: 542		] 2018-10-02 13:36:12,831 > 보유종목현황
[ DEBUG      | Trader.py: 583		] 2018-10-02 13:36:12,831 > 이미 접수된 주문
[ DEBUG      | Trader.py: 214		] 2018-10-02 13:36:24,664 > 거래량조회 알고리즘 실행
[ DEBUG      | Trader.py: 483		] 2018-10-02 13:36:25,555 > 바이리스트 주문을 시작함
[ CRITICAL   | Trader.py: 496		] 2018-10-02 13:36:25,680 > 주문실행
[ CRITICAL   | Trader.py: 393		] 2018-10-02 13:36:27,212 > 주문실행
[ DEBUG      | Trader.py: 218		] 2018-10-02 13:36:45,656 > 매도 알고리즘 실행
[ DEBUG      | Trader.py: 542		] 2018-10-02 13:36:45,750 > 보유종목현황
[ DEBUG      | Trader.py: 583		] 2018-10-02 13:36:45,750 > 이미 접수된 주문
[ DEBUG      | Trader.py: 214		] 2018-10-02 13:36:54,659 > 거래량조회 알고리즘 실행
[ DEBUG      | Trader.py: 218		] 2018-10-02 13:37:18,667 > 매도 알고리즘 실행
[ DEBUG      | Trader.py: 542		] 2018-10-02 13:37:18,761 > 보유종목현황
[ DEBUG      | Trader.py: 583		] 2018-10-02 13:37:18,761 > 이미 접수된 주문
[ DEBUG      | Trader.py: 214		] 2018-10-02 13:37:24,685 > 거래량조회 알고리즘 실행
[ DEBUG      | Trader.py: 218		] 2018-10-02 13:37:51,679 > 매도 알고리즘 실행
[ DEBUG      | Trader.py: 542		] 2018-10-02 13:37:51,804 > 보유종목현황
[ DEBUG      | Trader.py: 583		] 2018-10-02 13:37:51,804 > 이미 접수된 주문
[ DEBUG      | Trader.py: 214		] 2018-10-02 13:37:54,680 > 거래량조회 알고리즘 실행
[ DEBUG      | Trader.py: 218		] 2018-10-02 13:38:24,675 > 매도 알고리즘 실행
[ DEBUG      | Trader.py: 214		] 2018-10-02 13:38:24,675 > 거래량조회 알고리즘 실행
[ DEBUG      | Trader.py: 542		] 2018-10-02 13:38:25,551 > 보유종목현황
[ DEBUG      | Trader.py: 583		] 2018-10-02 13:38:25,551 > 이미 접수된 주문
[ DEBUG      | Trader.py: 214		] 2018-10-02 13:38:54,686 > 거래량조회 알고리즘 실행
[ DEBUG      | Trader.py: 218		] 2018-10-02 13:38:57,671 > 매도 알고리즘 실행
[ DEBUG      | Trader.py: 542		] 2018-10-02 13:38:57,765 > 보유종목현황
[ DEBUG      | Trader.py: 583		] 2018-10-02 13:38:57,765 > 이미 접수된 주문
[ DEBUG      | Trader.py: 214		] 2018-10-02 13:39:24,681 > 거래량조회 알고리즘 실행
[ DEBUG      | Trader.py: 218		] 2018-10-02 13:39:30,683 > 매도 알고리즘 실행
[ DEBUG      | Trader.py: 542		] 2018-10-02 13:39:30,777 > 보유종목현황
[ DEBUG      | Trader.py: 583		] 2018-10-02 13:39:30,777 > 이미 접수된 주문
[ DEBUG      | Trader.py: 214		] 2018-10-02 13:39:54,677 > 거래량조회 알고리즘 실행
[ DEBUG      | Trader.py: 218		] 2018-10-02 13:40:03,695 > 매도 알고리즘 실행
[ DEBUG      | Trader.py: 542		] 2018-10-02 13:40:03,804 > 보유종목현황
[ DEBUG      | Trader.py: 583		] 2018-10-02 13:40:03,804 > 이미 접수된 주문
[ DEBUG      | Trader.py: 214		] 2018-10-02 13:40:24,702 > 거래량조회 알고리즘 실행
[ DEBUG      | Trader.py: 218		] 2018-10-02 13:40:36,690 > 매도 알고리즘 실행
[ DEBUG      | Trader.py: 542		] 2018-10-02 13:40:36,784 > 보유종목현황
[ DEBUG      | Trader.py: 214		] 2018-10-02 13:40:54,696 > 거래량조회 알고리즘 실행
[ DEBUG      | Trader.py: 218		] 2018-10-02 13:41:09,701 > 매도 알고리즘 실행
[ DEBUG      | Trader.py: 542		] 2018-10-02 13:41:09,857 > 보유종목현황
[ DEBUG      | Trader.py: 214		] 2018-10-02 13:41:24,691 > 거래량조회 알고리즘 실행
[ DEBUG      | Trader.py: 218		] 2018-10-02 13:41:42,697 > 매도 알고리즘 실행
[ DEBUG      | Trader.py: 542		] 2018-10-02 13:41:42,932 > 보유종목현황
[ DEBUG      | Trader.py: 214		] 2018-10-02 13:41:54,702 > 거래량조회 알고리즘 실행
[ DEBUG      | Trader.py: 218		] 2018-10-02 13:42:15,694 > 매도 알고리즘 실행
[ DEBUG      | Trader.py: 542		] 2018-10-02 13:42:15,788 > 보유종목현황
[ DEBUG      | Trader.py: 214		] 2018-10-02 13:42:24,697 > 거래량조회 알고리즘 실행
[ DEBUG      | Trader.py: 218		] 2018-10-02 13:42:48,689 > 매도 알고리즘 실행
[ DEBUG      | Trader.py: 542		] 2018-10-02 13:42:48,783 > 보유종목현황
[ DEBUG      | Trader.py: 214		] 2018-10-02 13:42:54,692 > 거래량조회 알고리즘 실행
[ DEBUG      | Trader.py: 218		] 2018-10-02 13:43:21,701 > 매도 알고리즘 실행
[ DEBUG      | Trader.py: 542		] 2018-10-02 13:43:21,795 > 보유종목현황
[ DEBUG      | Trader.py: 214		] 2018-10-02 13:43:24,686 > 거래량조회 알고리즘 실행
[ DEBUG      | Trader.py: 218		] 2018-10-02 13:43:54,696 > 매도 알고리즘 실행
[ DEBUG      | Trader.py: 214		] 2018-10-02 13:43:54,696 > 거래량조회 알고리즘 실행
[ DEBUG      | Trader.py: 542		] 2018-10-02 13:43:55,618 > 보유종목현황
[ DEBUG      | Trader.py: 320		] 2018-10-02 13:44:23,242 > 잔고조회
[ DEBUG      | Trader.py: 214		] 2018-10-02 13:44:24,687 > 거래량조회 알고리즘 실행
[ DEBUG      | Trader.py: 218		] 2018-10-02 13:44:27,688 > 매도 알고리즘 실행
[ DEBUG      | Trader.py: 542		] 2018-10-02 13:44:27,784 > 보유종목현황
[ DEBUG      | Trader.py: 214		] 2018-10-02 13:44:54,688 > 거래량조회 알고리즘 실행
[ DEBUG      | Trader.py: 218		] 2018-10-02 13:45:00,688 > 매도 알고리즘 실행
[ DEBUG      | Trader.py: 542		] 2018-10-02 13:45:00,865 > 보유종목현황
[ DEBUG      | Trader.py: 214		] 2018-10-02 13:45:24,688 > 거래량조회 알고리즘 실행
[ DEBUG      | Trader.py: 218		] 2018-10-02 13:45:33,686 > 매도 알고리즘 실행
[ DEBUG      | Trader.py: 542		] 2018-10-02 13:45:33,773 > 보유종목현황
[ DEBUG      | Trader.py: 214		] 2018-10-02 13:45:54,688 > 거래량조회 알고리즘 실행
[ DEBUG      | Trader.py: 218		] 2018-10-02 13:46:06,688 > 매도 알고리즘 실행
[ DEBUG      | Trader.py: 542		] 2018-10-02 13:46:07,536 > 보유종목현황
[ DEBUG      | Trader.py: 214		] 2018-10-02 13:46:24,687 > 거래량조회 알고리즘 실행
[ DEBUG      | Trader.py: 218		] 2018-10-02 13:46:39,687 > 매도 알고리즘 실행
[ DEBUG      | Trader.py: 542		] 2018-10-02 13:46:39,774 > 보유종목현황
[ DEBUG      | Trader.py: 214		] 2018-10-02 13:46:54,687 > 거래량조회 알고리즘 실행
[ DEBUG      | Trader.py: 218		] 2018-10-02 13:47:12,688 > 매도 알고리즘 실행
[ DEBUG      | Trader.py: 542		] 2018-10-02 13:47:12,779 > 보유종목현황
[ DEBUG      | Trader.py: 214		] 2018-10-02 13:47:24,689 > 거래량조회 알고리즘 실행
[ DEBUG      | Trader.py: 218		] 2018-10-02 13:47:45,688 > 매도 알고리즘 실행
[ DEBUG      | Trader.py: 542		] 2018-10-02 13:47:45,775 > 보유종목현황
[ DEBUG      | Trader.py: 214		] 2018-10-02 13:47:54,687 > 거래량조회 알고리즘 실행
[ DEBUG      | Trader.py: 218		] 2018-10-02 13:48:18,689 > 매도 알고리즘 실행
[ DEBUG      | Trader.py: 542		] 2018-10-02 13:48:18,783 > 보유종목현황
[ DEBUG      | Trader.py: 214		] 2018-10-02 13:48:24,688 > 거래량조회 알고리즘 실행
[ DEBUG      | Trader.py: 218		] 2018-10-02 13:48:51,687 > 매도 알고리즘 실행
[ DEBUG      | Trader.py: 542		] 2018-10-02 13:48:51,775 > 보유종목현황
[ DEBUG      | Trader.py: 214		] 2018-10-02 13:48:54,688 > 거래량조회 알고리즘 실행
[ DEBUG      | Trader.py: 218		] 2018-10-02 13:49:24,688 > 매도 알고리즘 실행
[ DEBUG      | Trader.py: 214		] 2018-10-02 13:49:24,690 > 거래량조회 알고리즘 실행
[ DEBUG      | Trader.py: 542		] 2018-10-02 13:49:25,578 > 보유종목현황
[ DEBUG      | Trader.py: 214		] 2018-10-02 13:49:54,687 > 거래량조회 알고리즘 실행
[ DEBUG      | Trader.py: 218		] 2018-10-02 13:49:57,687 > 매도 알고리즘 실행
[ DEBUG      | Trader.py: 542		] 2018-10-02 13:49:57,770 > 보유종목현황
[ DEBUG      | Trader.py: 214		] 2018-10-02 13:50:24,688 > 거래량조회 알고리즘 실행
[ DEBUG      | Trader.py: 218		] 2018-10-02 13:50:30,687 > 매도 알고리즘 실행
[ DEBUG      | Trader.py: 542		] 2018-10-02 13:50:30,788 > 보유종목현황
[ DEBUG      | Trader.py: 214		] 2018-10-02 13:50:54,688 > 거래량조회 알고리즘 실행
[ DEBUG      | Trader.py: 483		] 2018-10-02 13:50:55,528 > 바이리스트 주문을 시작함
[ CRITICAL   | Trader.py: 496		] 2018-10-02 13:50:55,656 > 주문실행
[ CRITICAL   | Trader.py: 393		] 2018-10-02 13:50:57,177 > 주문실행
[ DEBUG      | Trader.py: 218		] 2018-10-02 13:51:03,690 > 매도 알고리즘 실행
[ DEBUG      | Trader.py: 542		] 2018-10-02 13:51:03,790 > 보유종목현황
[ DEBUG      | Trader.py: 214		] 2018-10-02 13:51:24,688 > 거래량조회 알고리즘 실행
[ DEBUG      | Trader.py: 483		] 2018-10-02 13:51:25,608 > 바이리스트 주문을 시작함
[ CRITICAL   | Trader.py: 496		] 2018-10-02 13:51:25,822 > 주문실행
[ CRITICAL   | Trader.py: 393		] 2018-10-02 13:51:27,341 > 주문실행
[ DEBUG      | Trader.py: 218		] 2018-10-02 13:51:36,689 > 매도 알고리즘 실행
[ DEBUG      | Trader.py: 542		] 2018-10-02 13:51:36,944 > 보유종목현황
[ DEBUG      | Trader.py: 214		] 2018-10-02 13:51:54,688 > 거래량조회 알고리즘 실행
[ DEBUG      | Trader.py: 218		] 2018-10-02 13:52:09,688 > 매도 알고리즘 실행
[ DEBUG      | Trader.py: 542		] 2018-10-02 13:52:09,784 > 보유종목현황
[ DEBUG      | Trader.py: 214		] 2018-10-02 13:52:24,686 > 거래량조회 알고리즘 실행
[ DEBUG      | Trader.py: 218		] 2018-10-02 13:52:42,687 > 매도 알고리즘 실행
[ DEBUG      | Trader.py: 542		] 2018-10-02 13:52:42,786 > 보유종목현황
[ DEBUG      | Trader.py: 214		] 2018-10-02 13:52:54,688 > 거래량조회 알고리즘 실행
[ DEBUG      | Trader.py: 218		] 2018-10-02 13:53:15,687 > 매도 알고리즘 실행
[ DEBUG      | Trader.py: 542		] 2018-10-02 13:53:15,782 > 보유종목현황
[ DEBUG      | Trader.py: 214		] 2018-10-02 13:53:24,699 > 거래량조회 알고리즘 실행
[ DEBUG      | Trader.py: 218		] 2018-10-02 13:53:48,691 > 매도 알고리즘 실행
[ DEBUG      | Trader.py: 542		] 2018-10-02 13:53:48,785 > 보유종목현황
[ DEBUG      | Trader.py: 214		] 2018-10-02 13:53:54,693 > 거래량조회 알고리즘 실행
[ DEBUG      | Trader.py: 218		] 2018-10-02 13:54:21,687 > 매도 알고리즘 실행
[ DEBUG      | Trader.py: 542		] 2018-10-02 13:54:21,843 > 보유종목현황
[ DEBUG      | Trader.py: 214		] 2018-10-02 13:54:24,688 > 거래량조회 알고리즘 실행
[ DEBUG      | Trader.py: 218		] 2018-10-02 13:54:54,698 > 매도 알고리즘 실행
[ DEBUG      | Trader.py: 214		] 2018-10-02 13:54:54,698 > 거래량조회 알고리즘 실행
[ DEBUG      | Trader.py: 542		] 2018-10-02 13:54:55,699 > 보유종목현황
[ DEBUG      | Trader.py: 214		] 2018-10-02 13:55:24,693 > 거래량조회 알고리즘 실행
[ DEBUG      | Trader.py: 218		] 2018-10-02 13:55:27,694 > 매도 알고리즘 실행
[ DEBUG      | Trader.py: 542		] 2018-10-02 13:55:27,788 > 보유종목현황
[ DEBUG      | Trader.py: 214		] 2018-10-02 13:55:54,689 > 거래량조회 알고리즘 실행
[ DEBUG      | Trader.py: 218		] 2018-10-02 13:56:00,691 > 매도 알고리즘 실행
[ DEBUG      | Trader.py: 542		] 2018-10-02 13:56:00,785 > 보유종목현황
[ DEBUG      | Trader.py: 214		] 2018-10-02 13:56:24,700 > 거래량조회 알고리즘 실행
[ DEBUG      | Trader.py: 218		] 2018-10-02 13:56:33,687 > 매도 알고리즘 실행
[ DEBUG      | Trader.py: 542		] 2018-10-02 13:56:33,797 > 보유종목현황
[ DEBUG      | Trader.py: 214		] 2018-10-02 13:56:54,695 > 거래량조회 알고리즘 실행
[ DEBUG      | Trader.py: 218		] 2018-10-02 13:57:06,699 > 매도 알고리즘 실행
[ DEBUG      | Trader.py: 542		] 2018-10-02 13:57:06,902 > 보유종목현황
[ DEBUG      | Trader.py: 214		] 2018-10-02 13:57:24,690 > 거래량조회 알고리즘 실행
[ DEBUG      | Trader.py: 218		] 2018-10-02 13:57:39,696 > 매도 알고리즘 실행
[ DEBUG      | Trader.py: 542		] 2018-10-02 13:57:39,868 > 보유종목현황
[ DEBUG      | Trader.py: 214		] 2018-10-02 13:57:54,701 > 거래량조회 알고리즘 실행
[ DEBUG      | Trader.py: 218		] 2018-10-02 13:58:12,692 > 매도 알고리즘 실행
[ DEBUG      | Trader.py: 542		] 2018-10-02 13:58:12,786 > 보유종목현황
[ DEBUG      | Trader.py: 214		] 2018-10-02 13:58:24,696 > 거래량조회 알고리즘 실행
[ DEBUG      | Trader.py: 218		] 2018-10-02 13:58:45,689 > 매도 알고리즘 실행
[ DEBUG      | Trader.py: 542		] 2018-10-02 13:58:45,782 > 보유종목현황
[ DEBUG      | Trader.py: 553		] 2018-10-02 13:58:45,782 > 이익실현매도
[ CRITICAL   | Trader.py: 393		] 2018-10-02 13:58:45,782 > 주문실행
[ DEBUG      | Trader.py: 214		] 2018-10-02 13:58:54,692 > 거래량조회 알고리즘 실행
[ DEBUG      | Trader.py: 218		] 2018-10-02 13:59:18,700 > 매도 알고리즘 실행
[ DEBUG      | Trader.py: 542		] 2018-10-02 13:59:18,888 > 보유종목현황
[ DEBUG      | Trader.py: 214		] 2018-10-02 13:59:24,687 > 거래량조회 알고리즘 실행
[ DEBUG      | Trader.py: 218		] 2018-10-02 13:59:51,695 > 매도 알고리즘 실행
[ DEBUG      | Trader.py: 542		] 2018-10-02 13:59:51,789 > 보유종목현황
[ DEBUG      | Trader.py: 214		] 2018-10-02 13:59:54,696 > 거래량조회 알고리즘 실행
[ DEBUG      | Trader.py: 218		] 2018-10-02 14:00:24,690 > 매도 알고리즘 실행
[ DEBUG      | Trader.py: 214		] 2018-10-02 14:00:24,690 > 거래량조회 알고리즘 실행
[ DEBUG      | Trader.py: 542		] 2018-10-02 14:00:25,565 > 보유종목현황
[ DEBUG      | Trader.py: 214		] 2018-10-02 14:00:54,700 > 거래량조회 알고리즘 실행
[ DEBUG      | Trader.py: 218		] 2018-10-02 14:00:57,701 > 매도 알고리즘 실행
[ DEBUG      | Trader.py: 542		] 2018-10-02 14:00:57,795 > 보유종목현황
[ DEBUG      | Trader.py: 214		] 2018-10-02 14:01:24,695 > 거래량조회 알고리즘 실행
[ DEBUG      | Trader.py: 218		] 2018-10-02 14:01:30,697 > 매도 알고리즘 실행
[ DEBUG      | Trader.py: 542		] 2018-10-02 14:01:30,838 > 보유종목현황
[ DEBUG      | Trader.py: 214		] 2018-10-02 14:01:54,690 > 거래량조회 알고리즘 실행
[ DEBUG      | Trader.py: 218		] 2018-10-02 14:02:03,694 > 매도 알고리즘 실행
[ DEBUG      | Trader.py: 542		] 2018-10-02 14:02:03,788 > 보유종목현황
[ DEBUG      | Trader.py: 214		] 2018-10-02 14:02:24,701 > 거래량조회 알고리즘 실행
[ DEBUG      | Trader.py: 218		] 2018-10-02 14:02:36,689 > 매도 알고리즘 실행
[ DEBUG      | Trader.py: 542		] 2018-10-02 14:02:36,877 > 보유종목현황
[ DEBUG      | Trader.py: 572		] 2018-10-02 14:02:36,877 > 손절매도
[ CRITICAL   | Trader.py: 393		] 2018-10-02 14:02:36,877 > 주문실행
[ DEBUG      | Trader.py: 255		] 2018-10-02 14:02:54,664 > 중간보고
[ DEBUG      | Trader.py: 214		] 2018-10-02 14:02:54,695 > 거래량조회 알고리즘 실행
[ DEBUG      | Trader.py: 218		] 2018-10-02 14:03:09,700 > 매도 알고리즘 실행
[ DEBUG      | Trader.py: 542		] 2018-10-02 14:03:09,857 > 보유종목현황
[ DEBUG      | Trader.py: 583		] 2018-10-02 14:03:09,857 > 이미 접수된 주문
[ DEBUG      | Trader.py: 214		] 2018-10-02 14:03:24,691 > 거래량조회 알고리즘 실행
[ DEBUG      | Trader.py: 218		] 2018-10-02 14:03:42,697 > 매도 알고리즘 실행
[ DEBUG      | Trader.py: 542		] 2018-10-02 14:03:42,853 > 보유종목현황
[ DEBUG      | Trader.py: 572		] 2018-10-02 14:03:42,853 > 손절매도
[ CRITICAL   | Trader.py: 393		] 2018-10-02 14:03:42,853 > 주문실행
[ DEBUG      | Trader.py: 583		] 2018-10-02 14:03:44,385 > 이미 접수된 주문
[ DEBUG      | Trader.py: 214		] 2018-10-02 14:03:54,701 > 거래량조회 알고리즘 실행
[ DEBUG      | Trader.py: 218		] 2018-10-02 14:04:15,693 > 매도 알고리즘 실행
[ DEBUG      | Trader.py: 542		] 2018-10-02 14:04:15,881 > 보유종목현황
[ DEBUG      | Trader.py: 583		] 2018-10-02 14:04:15,881 > 이미 접수된 주문
[ DEBUG      | Trader.py: 214		] 2018-10-02 14:04:24,696 > 거래량조회 알고리즘 실행
[ DEBUG      | Trader.py: 218		] 2018-10-02 14:04:48,688 > 매도 알고리즘 실행
[ DEBUG      | Trader.py: 542		] 2018-10-02 14:04:48,891 > 보유종목현황
[ DEBUG      | Trader.py: 214		] 2018-10-02 14:04:54,690 > 거래량조회 알고리즘 실행
[ DEBUG      | Trader.py: 483		] 2018-10-02 14:04:55,581 > 바이리스트 주문을 시작함
[ CRITICAL   | Trader.py: 496		] 2018-10-02 14:04:55,706 > 주문실행
[ CRITICAL   | Trader.py: 393		] 2018-10-02 14:04:57,238 > 주문실행
[ DEBUG      | Trader.py: 218		] 2018-10-02 14:05:21,699 > 매도 알고리즘 실행
[ DEBUG      | Trader.py: 542		] 2018-10-02 14:05:21,793 > 보유종목현황
[ DEBUG      | Trader.py: 214		] 2018-10-02 14:05:24,701 > 거래량조회 알고리즘 실행
[ DEBUG      | Trader.py: 218		] 2018-10-02 14:05:54,696 > 매도 알고리즘 실행
[ DEBUG      | Trader.py: 214		] 2018-10-02 14:05:54,696 > 거래량조회 알고리즘 실행
[ DEBUG      | Trader.py: 542		] 2018-10-02 14:05:55,634 > 보유종목현황
[ DEBUG      | Trader.py: 214		] 2018-10-02 14:06:24,691 > 거래량조회 알고리즘 실행
[ DEBUG      | Trader.py: 218		] 2018-10-02 14:06:27,692 > 매도 알고리즘 실행
[ DEBUG      | Trader.py: 542		] 2018-10-02 14:06:27,785 > 보유종목현황
[ DEBUG      | Trader.py: 214		] 2018-10-02 14:06:54,696 > 거래량조회 알고리즘 실행
[ DEBUG      | Trader.py: 218		] 2018-10-02 14:07:00,699 > 매도 알고리즘 실행
[ DEBUG      | Trader.py: 542		] 2018-10-02 14:07:00,793 > 보유종목현황
[ DEBUG      | Trader.py: 214		] 2018-10-02 14:07:24,692 > 거래량조회 알고리즘 실행
[ DEBUG      | Trader.py: 218		] 2018-10-02 14:07:33,695 > 매도 알고리즘 실행
[ DEBUG      | Trader.py: 542		] 2018-10-02 14:07:33,789 > 보유종목현황
[ DEBUG      | Trader.py: 214		] 2018-10-02 14:07:54,688 > 거래량조회 알고리즘 실행
[ DEBUG      | Trader.py: 218		] 2018-10-02 14:08:06,692 > 매도 알고리즘 실행
[ DEBUG      | Trader.py: 542		] 2018-10-02 14:08:06,801 > 보유종목현황
[ DEBUG      | Trader.py: 214		] 2018-10-02 14:08:24,698 > 거래량조회 알고리즘 실행
[ DEBUG      | Trader.py: 218		] 2018-10-02 14:08:39,687 > 매도 알고리즘 실행
[ DEBUG      | Trader.py: 542		] 2018-10-02 14:08:39,859 > 보유종목현황
[ DEBUG      | Trader.py: 214		] 2018-10-02 14:08:54,693 > 거래량조회 알고리즘 실행
[ DEBUG      | Trader.py: 218		] 2018-10-02 14:09:12,700 > 매도 알고리즘 실행
[ DEBUG      | Trader.py: 542		] 2018-10-02 14:09:12,794 > 보유종목현황
[ DEBUG      | Trader.py: 214		] 2018-10-02 14:09:24,688 > 거래량조회 알고리즘 실행
[ DEBUG      | Trader.py: 218		] 2018-10-02 14:09:45,695 > 매도 알고리즘 실행
[ DEBUG      | Trader.py: 542		] 2018-10-02 14:09:45,789 > 보유종목현황
[ DEBUG      | Trader.py: 214		] 2018-10-02 14:09:54,698 > 거래량조회 알고리즘 실행
[ DEBUG      | Trader.py: 218		] 2018-10-02 14:10:18,691 > 매도 알고리즘 실행
[ DEBUG      | Trader.py: 542		] 2018-10-02 14:10:18,816 > 보유종목현황
[ DEBUG      | Trader.py: 214		] 2018-10-02 14:10:24,692 > 거래량조회 알고리즘 실행
[ DEBUG      | Trader.py: 218		] 2018-10-02 14:10:51,701 > 매도 알고리즘 실행
[ DEBUG      | Trader.py: 542		] 2018-10-02 14:10:51,858 > 보유종목현황
[ DEBUG      | Trader.py: 214		] 2018-10-02 14:10:54,687 > 거래량조회 알고리즘 실행
[ DEBUG      | Trader.py: 218		] 2018-10-02 14:11:24,696 > 매도 알고리즘 실행
[ DEBUG      | Trader.py: 214		] 2018-10-02 14:11:24,696 > 거래량조회 알고리즘 실행
[ DEBUG      | Trader.py: 542		] 2018-10-02 14:11:25,618 > 보유종목현황
[ DEBUG      | Trader.py: 214		] 2018-10-02 14:11:54,694 > 거래량조회 알고리즘 실행
[ DEBUG      | Trader.py: 218		] 2018-10-02 14:11:57,696 > 매도 알고리즘 실행
[ DEBUG      | Trader.py: 542		] 2018-10-02 14:11:57,789 > 보유종목현황
[ DEBUG      | Trader.py: 214		] 2018-10-02 14:12:24,690 > 거래량조회 알고리즘 실행
[ DEBUG      | Trader.py: 483		] 2018-10-02 14:12:25,549 > 바이리스트 주문을 시작함
[ CRITICAL   | Trader.py: 496		] 2018-10-02 14:12:25,675 > 주문실행
[ CRITICAL   | Trader.py: 393		] 2018-10-02 14:12:27,206 > 주문실행
[ DEBUG      | Trader.py: 218		] 2018-10-02 14:12:30,692 > 매도 알고리즘 실행
[ DEBUG      | Trader.py: 542		] 2018-10-02 14:12:30,786 > 보유종목현황
[ DEBUG      | Trader.py: 214		] 2018-10-02 14:12:54,699 > 거래량조회 알고리즘 실행
[ DEBUG      | Trader.py: 218		] 2018-10-02 14:13:03,687 > 매도 알고리즘 실행
[ DEBUG      | Trader.py: 542		] 2018-10-02 14:13:03,780 > 보유종목현황
[ DEBUG      | Trader.py: 214		] 2018-10-02 14:13:24,694 > 거래량조회 알고리즘 실행
[ DEBUG      | Trader.py: 218		] 2018-10-02 14:13:36,698 > 매도 알고리즘 실행
[ DEBUG      | Trader.py: 542		] 2018-10-02 14:13:36,870 > 보유종목현황
[ DEBUG      | Trader.py: 214		] 2018-10-02 14:13:54,689 > 거래량조회 알고리즘 실행
[ DEBUG      | Trader.py: 218		] 2018-10-02 14:14:09,694 > 매도 알고리즘 실행
[ DEBUG      | Trader.py: 542		] 2018-10-02 14:14:09,850 > 보유종목현황
[ DEBUG      | Trader.py: 214		] 2018-10-02 14:14:24,699 > 거래량조회 알고리즘 실행
[ DEBUG      | Trader.py: 218		] 2018-10-02 14:14:42,690 > 매도 알고리즘 실행
[ DEBUG      | Trader.py: 542		] 2018-10-02 14:14:42,784 > 보유종목현황
[ DEBUG      | Trader.py: 572		] 2018-10-02 14:14:42,784 > 손절매도
[ CRITICAL   | Trader.py: 393		] 2018-10-02 14:14:42,784 > 주문실행
[ DEBUG      | Trader.py: 214		] 2018-10-02 14:14:54,694 > 거래량조회 알고리즘 실행
[ DEBUG      | Trader.py: 218		] 2018-10-02 14:15:15,701 > 매도 알고리즘 실행
[ DEBUG      | Trader.py: 542		] 2018-10-02 14:15:15,795 > 보유종목현황
[ DEBUG      | Trader.py: 214		] 2018-10-02 14:15:24,689 > 거래량조회 알고리즘 실행
[ DEBUG      | Trader.py: 218		] 2018-10-02 14:15:48,697 > 매도 알고리즘 실행
[ DEBUG      | Trader.py: 542		] 2018-10-02 14:15:48,790 > 보유종목현황
[ DEBUG      | Trader.py: 214		] 2018-10-02 14:15:54,699 > 거래량조회 알고리즘 실행
[ DEBUG      | Trader.py: 218		] 2018-10-02 14:16:21,692 > 매도 알고리즘 실행
[ DEBUG      | Trader.py: 542		] 2018-10-02 14:16:21,786 > 보유종목현황
[ DEBUG      | Trader.py: 214		] 2018-10-02 14:16:24,694 > 거래량조회 알고리즘 실행
[ DEBUG      | Trader.py: 218		] 2018-10-02 14:16:54,691 > 매도 알고리즘 실행
[ DEBUG      | Trader.py: 214		] 2018-10-02 14:16:54,691 > 거래량조회 알고리즘 실행
[ DEBUG      | Trader.py: 542		] 2018-10-02 14:16:55,628 > 보유종목현황
[ DEBUG      | Trader.py: 214		] 2018-10-02 14:17:24,700 > 거래량조회 알고리즘 실행
[ DEBUG      | Trader.py: 218		] 2018-10-02 14:17:27,701 > 매도 알고리즘 실행
[ DEBUG      | Trader.py: 542		] 2018-10-02 14:17:27,795 > 보유종목현황
[ DEBUG      | Trader.py: 214		] 2018-10-02 14:17:54,696 > 거래량조회 알고리즘 실행
[ DEBUG      | Trader.py: 218		] 2018-10-02 14:18:00,697 > 매도 알고리즘 실행
[ DEBUG      | Trader.py: 542		] 2018-10-02 14:18:00,791 > 보유종목현황
[ DEBUG      | Trader.py: 214		] 2018-10-02 14:18:24,690 > 거래량조회 알고리즘 실행
[ DEBUG      | Trader.py: 218		] 2018-10-02 14:18:33,693 > 매도 알고리즘 실행
[ DEBUG      | Trader.py: 542		] 2018-10-02 14:18:33,786 > 보유종목현황
[ DEBUG      | Trader.py: 214		] 2018-10-02 14:18:54,699 > 거래량조회 알고리즘 실행
[ DEBUG      | Trader.py: 218		] 2018-10-02 14:19:06,687 > 매도 알고리즘 실행
[ DEBUG      | Trader.py: 542		] 2018-10-02 14:19:06,859 > 보유종목현황
[ DEBUG      | Trader.py: 214		] 2018-10-02 14:19:24,694 > 거래량조회 알고리즘 실행
[ DEBUG      | Trader.py: 218		] 2018-10-02 14:19:39,698 > 매도 알고리즘 실행
[ DEBUG      | Trader.py: 542		] 2018-10-02 14:19:39,917 > 보유종목현황
[ DEBUG      | Trader.py: 214		] 2018-10-02 14:19:54,688 > 거래량조회 알고리즘 실행
[ DEBUG      | Trader.py: 218		] 2018-10-02 14:20:12,694 > 매도 알고리즘 실행
[ DEBUG      | Trader.py: 542		] 2018-10-02 14:20:12,787 > 보유종목현황
[ DEBUG      | Trader.py: 214		] 2018-10-02 14:20:24,698 > 거래량조회 알고리즘 실행
[ DEBUG      | Trader.py: 218		] 2018-10-02 14:20:45,690 > 매도 알고리즘 실행
[ DEBUG      | Trader.py: 542		] 2018-10-02 14:20:45,784 > 보유종목현황
[ DEBUG      | Trader.py: 214		] 2018-10-02 14:20:54,693 > 거래량조회 알고리즘 실행
[ DEBUG      | Trader.py: 218		] 2018-10-02 14:21:18,701 > 매도 알고리즘 실행
[ DEBUG      | Trader.py: 542		] 2018-10-02 14:21:18,810 > 보유종목현황
[ DEBUG      | Trader.py: 214		] 2018-10-02 14:21:24,687 > 거래량조회 알고리즘 실행
[ DEBUG      | Trader.py: 218		] 2018-10-02 14:21:51,696 > 매도 알고리즘 실행
[ DEBUG      | Trader.py: 542		] 2018-10-02 14:21:51,789 > 보유종목현황
[ DEBUG      | Trader.py: 214		] 2018-10-02 14:21:54,697 > 거래량조회 알고리즘 실행
[ DEBUG      | Trader.py: 218		] 2018-10-02 14:22:24,695 > 매도 알고리즘 실행
[ DEBUG      | Trader.py: 214		] 2018-10-02 14:22:24,695 > 거래량조회 알고리즘 실행
[ DEBUG      | Trader.py: 542		] 2018-10-02 14:22:25,601 > 보유종목현황
[ DEBUG      | Trader.py: 214		] 2018-10-02 14:22:54,689 > 거래량조회 알고리즘 실행
[ DEBUG      | Trader.py: 218		] 2018-10-02 14:22:57,691 > 매도 알고리즘 실행
[ DEBUG      | Trader.py: 542		] 2018-10-02 14:22:57,894 > 보유종목현황
[ DEBUG      | Trader.py: 214		] 2018-10-02 14:23:24,699 > 거래량조회 알고리즘 실행
[ DEBUG      | Trader.py: 218		] 2018-10-02 14:23:30,702 > 매도 알고리즘 실행
[ DEBUG      | Trader.py: 542		] 2018-10-02 14:23:30,795 > 보유종목현황
[ DEBUG      | Trader.py: 214		] 2018-10-02 14:23:54,693 > 거래량조회 알고리즘 실행
[ DEBUG      | Trader.py: 218		] 2018-10-02 14:24:03,696 > 매도 알고리즘 실행
[ DEBUG      | Trader.py: 542		] 2018-10-02 14:24:03,790 > 보유종목현황
[ DEBUG      | Trader.py: 214		] 2018-10-02 14:24:24,687 > 거래량조회 알고리즘 실행
[ DEBUG      | Trader.py: 218		] 2018-10-02 14:24:36,691 > 매도 알고리즘 실행
[ DEBUG      | Trader.py: 542		] 2018-10-02 14:24:36,785 > 보유종목현황
[ DEBUG      | Trader.py: 214		] 2018-10-02 14:24:54,698 > 거래량조회 알고리즘 실행
[ DEBUG      | Trader.py: 218		] 2018-10-02 14:25:09,689 > 매도 알고리즘 실행
[ DEBUG      | Trader.py: 542		] 2018-10-02 14:25:09,861 > 보유종목현황
[ DEBUG      | Trader.py: 214		] 2018-10-02 14:25:24,697 > 거래량조회 알고리즘 실행
[ DEBUG      | Trader.py: 218		] 2018-10-02 14:25:42,690 > 매도 알고리즘 실행
[ DEBUG      | Trader.py: 542		] 2018-10-02 14:25:42,783 > 보유종목현황
[ DEBUG      | Trader.py: 214		] 2018-10-02 14:25:54,694 > 거래량조회 알고리즘 실행
[ DEBUG      | Trader.py: 218		] 2018-10-02 14:26:15,686 > 매도 알고리즘 실행
[ DEBUG      | Trader.py: 542		] 2018-10-02 14:26:15,843 > 보유종목현황
[ DEBUG      | Trader.py: 214		] 2018-10-02 14:26:24,690 > 거래량조회 알고리즘 실행
[ DEBUG      | Trader.py: 218		] 2018-10-02 14:26:48,700 > 매도 알고리즘 실행
[ DEBUG      | Trader.py: 542		] 2018-10-02 14:26:48,793 > 보유종목현황
[ DEBUG      | Trader.py: 214		] 2018-10-02 14:26:54,687 > 거래량조회 알고리즘 실행
[ DEBUG      | Trader.py: 218		] 2018-10-02 14:27:21,696 > 매도 알고리즘 실행
[ DEBUG      | Trader.py: 542		] 2018-10-02 14:27:21,790 > 보유종목현황
[ DEBUG      | Trader.py: 214		] 2018-10-02 14:27:24,698 > 거래량조회 알고리즘 실행
[ DEBUG      | Trader.py: 218		] 2018-10-02 14:27:54,694 > 매도 알고리즘 실행
[ DEBUG      | Trader.py: 214		] 2018-10-02 14:27:54,694 > 거래량조회 알고리즘 실행
[ DEBUG      | Trader.py: 542		] 2018-10-02 14:27:55,631 > 보유종목현황
[ DEBUG      | Trader.py: 214		] 2018-10-02 14:28:24,689 > 거래량조회 알고리즘 실행
[ DEBUG      | Trader.py: 218		] 2018-10-02 14:28:27,690 > 매도 알고리즘 실행
[ DEBUG      | Trader.py: 542		] 2018-10-02 14:28:27,784 > 보유종목현황
[ DEBUG      | Trader.py: 214		] 2018-10-02 14:28:54,700 > 거래량조회 알고리즘 실행
[ DEBUG      | Trader.py: 218		] 2018-10-02 14:29:00,686 > 매도 알고리즘 실행
[ DEBUG      | Trader.py: 542		] 2018-10-02 14:29:00,780 > 보유종목현황
[ DEBUG      | Trader.py: 214		] 2018-10-02 14:29:24,695 > 거래량조회 알고리즘 실행
[ DEBUG      | Trader.py: 218		] 2018-10-02 14:29:33,698 > 매도 알고리즘 실행
[ DEBUG      | Trader.py: 542		] 2018-10-02 14:29:33,792 > 보유종목현황
[ DEBUG      | Trader.py: 214		] 2018-10-02 14:29:54,689 > 거래량조회 알고리즘 실행
[ DEBUG      | Trader.py: 218		] 2018-10-02 14:30:06,692 > 매도 알고리즘 실행
[ DEBUG      | Trader.py: 542		] 2018-10-02 14:30:07,005 > 보유종목현황
[ DEBUG      | Trader.py: 214		] 2018-10-02 14:30:24,700 > 거래량조회 알고리즘 실행
[ DEBUG      | Trader.py: 218		] 2018-10-02 14:30:39,690 > 매도 알고리즘 실행
[ DEBUG      | Trader.py: 542		] 2018-10-02 14:30:39,862 > 보유종목현황
[ DEBUG      | Trader.py: 214		] 2018-10-02 14:30:54,695 > 거래량조회 알고리즘 실행
[ DEBUG      | Trader.py: 218		] 2018-10-02 14:31:12,701 > 매도 알고리즘 실행
[ DEBUG      | Trader.py: 542		] 2018-10-02 14:31:12,795 > 보유종목현황
[ DEBUG      | Trader.py: 214		] 2018-10-02 14:31:24,690 > 거래량조회 알고리즘 실행
[ DEBUG      | Trader.py: 218		] 2018-10-02 14:31:45,697 > 매도 알고리즘 실행
[ DEBUG      | Trader.py: 542		] 2018-10-02 14:31:45,791 > 보유종목현황
[ DEBUG      | Trader.py: 214		] 2018-10-02 14:31:54,700 > 거래량조회 알고리즘 실행
[ DEBUG      | Trader.py: 218		] 2018-10-02 14:32:18,693 > 매도 알고리즘 실행
[ DEBUG      | Trader.py: 542		] 2018-10-02 14:32:18,787 > 보유종목현황
[ DEBUG      | Trader.py: 214		] 2018-10-02 14:32:24,695 > 거래량조회 알고리즘 실행
[ DEBUG      | Trader.py: 218		] 2018-10-02 14:32:51,690 > 매도 알고리즘 실행
[ DEBUG      | Trader.py: 542		] 2018-10-02 14:32:51,830 > 보유종목현황
[ DEBUG      | Trader.py: 255		] 2018-10-02 14:32:54,675 > 중간보고
[ DEBUG      | Trader.py: 214		] 2018-10-02 14:32:54,691 > 거래량조회 알고리즘 실행
[ DEBUG      | Trader.py: 218		] 2018-10-02 14:33:24,688 > 매도 알고리즘 실행
[ DEBUG      | Trader.py: 214		] 2018-10-02 14:33:24,688 > 거래량조회 알고리즘 실행
[ DEBUG      | Trader.py: 542		] 2018-10-02 14:33:25,642 > 보유종목현황
[ DEBUG      | Trader.py: 214		] 2018-10-02 14:33:54,688 > 거래량조회 알고리즘 실행
[ DEBUG      | Trader.py: 218		] 2018-10-02 14:33:57,689 > 매도 알고리즘 실행
[ DEBUG      | Trader.py: 542		] 2018-10-02 14:33:57,783 > 보유종목현황
[ DEBUG      | Trader.py: 214		] 2018-10-02 14:34:24,699 > 거래량조회 알고리즘 실행
[ DEBUG      | Trader.py: 218		] 2018-10-02 14:34:30,701 > 매도 알고리즘 실행
[ DEBUG      | Trader.py: 542		] 2018-10-02 14:34:30,795 > 보유종목현황
[ DEBUG      | Trader.py: 214		] 2018-10-02 14:34:54,693 > 거래량조회 알고리즘 실행
[ DEBUG      | Trader.py: 218		] 2018-10-02 14:35:03,696 > 매도 알고리즘 실행
[ DEBUG      | Trader.py: 542		] 2018-10-02 14:35:03,790 > 보유종목현황
[ DEBUG      | Trader.py: 214		] 2018-10-02 14:35:24,687 > 거래량조회 알고리즘 실행
[ DEBUG      | Trader.py: 218		] 2018-10-02 14:35:36,691 > 매도 알고리즘 실행
[ DEBUG      | Trader.py: 542		] 2018-10-02 14:35:36,863 > 보유종목현황
[ DEBUG      | Trader.py: 214		] 2018-10-02 14:35:54,697 > 거래량조회 알고리즘 실행
[ DEBUG      | Trader.py: 218		] 2018-10-02 14:36:09,687 > 매도 알고리즘 실행
[ DEBUG      | Trader.py: 542		] 2018-10-02 14:36:09,859 > 보유종목현황
[ DEBUG      | Trader.py: 214		] 2018-10-02 14:36:24,692 > 거래량조회 알고리즘 실행
[ DEBUG      | Trader.py: 218		] 2018-10-02 14:36:42,698 > 매도 알고리즘 실행
[ DEBUG      | Trader.py: 542		] 2018-10-02 14:36:42,792 > 보유종목현황
[ DEBUG      | Trader.py: 214		] 2018-10-02 14:36:54,687 > 거래량조회 알고리즘 실행
[ DEBUG      | Trader.py: 218		] 2018-10-02 14:37:15,694 > 매도 알고리즘 실행
[ DEBUG      | Trader.py: 542		] 2018-10-02 14:37:15,787 > 보유종목현황
[ DEBUG      | Trader.py: 214		] 2018-10-02 14:37:24,696 > 거래량조회 알고리즘 실행
[ DEBUG      | Trader.py: 218		] 2018-10-02 14:37:48,692 > 매도 알고리즘 실행
[ DEBUG      | Trader.py: 542		] 2018-10-02 14:37:48,785 > 보유종목현황
[ DEBUG      | Trader.py: 214		] 2018-10-02 14:37:54,694 > 거래량조회 알고리즘 실행
[ DEBUG      | Trader.py: 218		] 2018-10-02 14:38:21,688 > 매도 알고리즘 실행
[ DEBUG      | Trader.py: 542		] 2018-10-02 14:38:22,188 > 보유종목현황
[ DEBUG      | Trader.py: 214		] 2018-10-02 14:38:24,689 > 거래량조회 알고리즘 실행
[ DEBUG      | Trader.py: 218		] 2018-10-02 14:38:54,699 > 매도 알고리즘 실행
[ DEBUG      | Trader.py: 214		] 2018-10-02 14:38:54,699 > 거래량조회 알고리즘 실행
[ DEBUG      | Trader.py: 542		] 2018-10-02 14:38:55,652 > 보유종목현황
[ DEBUG      | Trader.py: 214		] 2018-10-02 14:39:24,695 > 거래량조회 알고리즘 실행
[ DEBUG      | Trader.py: 218		] 2018-10-02 14:39:27,696 > 매도 알고리즘 실행
[ DEBUG      | Trader.py: 542		] 2018-10-02 14:39:27,790 > 보유종목현황
[ DEBUG      | Trader.py: 214		] 2018-10-02 14:39:54,690 > 거래량조회 알고리즘 실행
[ DEBUG      | Trader.py: 218		] 2018-10-02 14:40:00,694 > 매도 알고리즘 실행
[ DEBUG      | Trader.py: 542		] 2018-10-02 14:40:00,787 > 보유종목현황
[ DEBUG      | Trader.py: 214		] 2018-10-02 14:40:24,691 > 거래량조회 알고리즘 실행
[ DEBUG      | Trader.py: 218		] 2018-10-02 14:40:33,695 > 매도 알고리즘 실행
[ DEBUG      | Trader.py: 542		] 2018-10-02 14:40:33,788 > 보유종목현황
[ DEBUG      | Trader.py: 214		] 2018-10-02 14:40:54,690 > 거래량조회 알고리즘 실행
[ DEBUG      | Trader.py: 218		] 2018-10-02 14:41:06,698 > 매도 알고리즘 실행
[ DEBUG      | Trader.py: 542		] 2018-10-02 14:41:06,839 > 보유종목현황
[ DEBUG      | Trader.py: 214		] 2018-10-02 14:41:24,691 > 거래량조회 알고리즘 실행
[ DEBUG      | Trader.py: 218		] 2018-10-02 14:41:39,697 > 매도 알고리즘 실행
[ DEBUG      | Trader.py: 542		] 2018-10-02 14:41:39,838 > 보유종목현황
[ DEBUG      | Trader.py: 214		] 2018-10-02 14:41:54,688 > 거래량조회 알고리즘 실행
[ DEBUG      | Trader.py: 218		] 2018-10-02 14:42:12,695 > 매도 알고리즘 실행
[ DEBUG      | Trader.py: 542		] 2018-10-02 14:42:12,789 > 보유종목현황
[ DEBUG      | Trader.py: 214		] 2018-10-02 14:42:24,699 > 거래량조회 알고리즘 실행
[ DEBUG      | Trader.py: 218		] 2018-10-02 14:42:45,697 > 매도 알고리즘 실행
[ DEBUG      | Trader.py: 542		] 2018-10-02 14:42:45,791 > 보유종목현황
[ DEBUG      | Trader.py: 214		] 2018-10-02 14:42:54,700 > 거래량조회 알고리즘 실행
[ DEBUG      | Trader.py: 218		] 2018-10-02 14:43:18,693 > 매도 알고리즘 실행
[ DEBUG      | Trader.py: 542		] 2018-10-02 14:43:18,833 > 보유종목현황
[ DEBUG      | Trader.py: 214		] 2018-10-02 14:43:24,695 > 거래량조회 알고리즘 실행
[ DEBUG      | Trader.py: 218		] 2018-10-02 14:43:51,691 > 매도 알고리즘 실행
[ DEBUG      | Trader.py: 542		] 2018-10-02 14:43:51,784 > 보유종목현황
[ DEBUG      | Trader.py: 214		] 2018-10-02 14:43:54,691 > 거래량조회 알고리즘 실행
[ DEBUG      | Trader.py: 218		] 2018-10-02 14:44:24,686 > 매도 알고리즘 실행
[ DEBUG      | Trader.py: 214		] 2018-10-02 14:44:24,686 > 거래량조회 알고리즘 실행
[ DEBUG      | Trader.py: 542		] 2018-10-02 14:44:25,608 > 보유종목현황
[ DEBUG      | Trader.py: 214		] 2018-10-02 14:44:54,698 > 거래량조회 알고리즘 실행
[ DEBUG      | Trader.py: 218		] 2018-10-02 14:44:57,699 > 매도 알고리즘 실행
[ DEBUG      | Trader.py: 542		] 2018-10-02 14:44:57,793 > 보유종목현황
[ DEBUG      | Trader.py: 214		] 2018-10-02 14:45:24,695 > 거래량조회 알고리즘 실행
[ DEBUG      | Trader.py: 218		] 2018-10-02 14:45:30,698 > 매도 알고리즘 실행
[ DEBUG      | Trader.py: 542		] 2018-10-02 14:45:30,807 > 보유종목현황
[ DEBUG      | Trader.py: 214		] 2018-10-02 14:45:54,692 > 거래량조회 알고리즘 실행
[ DEBUG      | Trader.py: 218		] 2018-10-02 14:46:03,696 > 매도 알고리즘 실행
[ DEBUG      | Trader.py: 542		] 2018-10-02 14:46:03,790 > 보유종목현황
[ DEBUG      | Trader.py: 214		] 2018-10-02 14:46:24,689 > 거래량조회 알고리즘 실행
[ DEBUG      | Trader.py: 218		] 2018-10-02 14:46:36,694 > 매도 알고리즘 실행
[ DEBUG      | Trader.py: 542		] 2018-10-02 14:46:36,866 > 보유종목현황
[ DEBUG      | Trader.py: 214		] 2018-10-02 14:46:54,701 > 거래량조회 알고리즘 실행
[ DEBUG      | Trader.py: 218		] 2018-10-02 14:47:09,691 > 매도 알고리즘 실행
[ DEBUG      | Trader.py: 542		] 2018-10-02 14:47:09,832 > 보유종목현황
[ DEBUG      | Trader.py: 214		] 2018-10-02 14:47:24,696 > 거래량조회 알고리즘 실행
[ DEBUG      | Trader.py: 218		] 2018-10-02 14:47:42,687 > 매도 알고리즘 실행
[ DEBUG      | Trader.py: 542		] 2018-10-02 14:47:42,780 > 보유종목현황
[ DEBUG      | Trader.py: 214		] 2018-10-02 14:47:54,692 > 거래량조회 알고리즘 실행
[ DEBUG      | Trader.py: 218		] 2018-10-02 14:48:15,700 > 매도 알고리즘 실행
[ DEBUG      | Trader.py: 542		] 2018-10-02 14:48:15,810 > 보유종목현황
[ DEBUG      | Trader.py: 214		] 2018-10-02 14:48:24,688 > 거래량조회 알고리즘 실행
[ DEBUG      | Trader.py: 218		] 2018-10-02 14:48:48,697 > 매도 알고리즘 실행
[ DEBUG      | Trader.py: 542		] 2018-10-02 14:48:48,791 > 보유종목현황
[ DEBUG      | Trader.py: 214		] 2018-10-02 14:48:54,700 > 거래량조회 알고리즘 실행
[ DEBUG      | Trader.py: 218		] 2018-10-02 14:49:21,695 > 매도 알고리즘 실행
[ DEBUG      | Trader.py: 542		] 2018-10-02 14:49:21,852 > 보유종목현황
[ DEBUG      | Trader.py: 214		] 2018-10-02 14:49:24,696 > 거래량조회 알고리즘 실행
[ DEBUG      | Trader.py: 218		] 2018-10-02 14:49:54,693 > 매도 알고리즘 실행
[ DEBUG      | Trader.py: 214		] 2018-10-02 14:49:54,693 > 거래량조회 알고리즘 실행
[ DEBUG      | Trader.py: 542		] 2018-10-02 14:49:55,647 > 보유종목현황
[ DEBUG      | Trader.py: 214		] 2018-10-02 14:50:24,689 > 거래량조회 알고리즘 실행
[ DEBUG      | Trader.py: 218		] 2018-10-02 14:50:27,690 > 매도 알고리즘 실행
[ DEBUG      | Trader.py: 542		] 2018-10-02 14:50:27,783 > 보유종목현황
[ DEBUG      | Trader.py: 214		] 2018-10-02 14:50:54,700 > 거래량조회 알고리즘 실행
[ DEBUG      | Trader.py: 218		] 2018-10-02 14:51:00,686 > 매도 알고리즘 실행
[ DEBUG      | Trader.py: 542		] 2018-10-02 14:51:00,827 > 보유종목현황
[ DEBUG      | Trader.py: 214		] 2018-10-02 14:51:24,697 > 거래량조회 알고리즘 실행
[ DEBUG      | Trader.py: 218		] 2018-10-02 14:51:33,699 > 매도 알고리즘 실행
[ DEBUG      | Trader.py: 542		] 2018-10-02 14:51:33,809 > 보유종목현황
[ DEBUG      | Trader.py: 214		] 2018-10-02 14:51:54,700 > 거래량조회 알고리즘 실행
[ DEBUG      | Trader.py: 218		] 2018-10-02 14:52:06,689 > 매도 알고리즘 실행
[ DEBUG      | Trader.py: 542		] 2018-10-02 14:52:06,782 > 보유종목현황
[ DEBUG      | Trader.py: 214		] 2018-10-02 14:52:24,696 > 거래량조회 알고리즘 실행
[ DEBUG      | Trader.py: 218		] 2018-10-02 14:52:39,701 > 매도 알고리즘 실행
[ DEBUG      | Trader.py: 542		] 2018-10-02 14:52:39,904 > 보유종목현황
[ DEBUG      | Trader.py: 214		] 2018-10-02 14:52:54,696 > 거래량조회 알고리즘 실행
[ DEBUG      | Trader.py: 218		] 2018-10-02 14:53:12,689 > 매도 알고리즘 실행
[ DEBUG      | Trader.py: 542		] 2018-10-02 14:53:12,814 > 보유종목현황
[ DEBUG      | Trader.py: 214		] 2018-10-02 14:53:24,694 > 거래량조회 알고리즘 실행
[ DEBUG      | Trader.py: 218		] 2018-10-02 14:53:45,701 > 매도 알고리즘 실행
[ DEBUG      | Trader.py: 542		] 2018-10-02 14:53:45,795 > 보유종목현황
[ DEBUG      | Trader.py: 214		] 2018-10-02 14:53:54,690 > 거래량조회 알고리즘 실행
[ DEBUG      | Trader.py: 218		] 2018-10-02 14:54:18,698 > 매도 알고리즘 실행
[ DEBUG      | Trader.py: 542		] 2018-10-02 14:54:18,808 > 보유종목현황
[ DEBUG      | Trader.py: 214		] 2018-10-02 14:54:24,701 > 거래량조회 알고리즘 실행
[ DEBUG      | Trader.py: 218		] 2018-10-02 14:54:51,696 > 매도 알고리즘 실행
[ DEBUG      | Trader.py: 542		] 2018-10-02 14:54:51,931 > 보유종목현황
[ DEBUG      | Trader.py: 214		] 2018-10-02 14:54:54,697 > 거래량조회 알고리즘 실행
[ DEBUG      | Trader.py: 218		] 2018-10-02 14:55:24,692 > 매도 알고리즘 실행
[ DEBUG      | Trader.py: 214		] 2018-10-02 14:55:24,692 > 거래량조회 알고리즘 실행
[ DEBUG      | Trader.py: 542		] 2018-10-02 14:55:25,645 > 보유종목현황
[ DEBUG      | Trader.py: 214		] 2018-10-02 14:55:54,688 > 거래량조회 알고리즘 실행
[ DEBUG      | Trader.py: 483		] 2018-10-02 14:55:55,626 > 바이리스트 주문을 시작함
[ CRITICAL   | Trader.py: 496		] 2018-10-02 14:55:55,767 > 주문실행
[ CRITICAL   | Trader.py: 393		] 2018-10-02 14:55:57,314 > 주문실행
[ DEBUG      | Trader.py: 218		] 2018-10-02 14:55:58,705 > 매도 알고리즘 실행
[ DEBUG      | Trader.py: 542		] 2018-10-02 14:55:58,815 > 보유종목현황
[ DEBUG      | Trader.py: 214		] 2018-10-02 14:56:24,700 > 거래량조회 알고리즘 실행
[ DEBUG      | Trader.py: 218		] 2018-10-02 14:56:30,687 > 매도 알고리즘 실행
[ DEBUG      | Trader.py: 542		] 2018-10-02 14:56:30,781 > 보유종목현황
[ DEBUG      | Trader.py: 214		] 2018-10-02 14:56:54,696 > 거래량조회 알고리즘 실행
[ DEBUG      | Trader.py: 218		] 2018-10-02 14:57:03,700 > 매도 알고리즘 실행
[ DEBUG      | Trader.py: 542		] 2018-10-02 14:57:03,794 > 보유종목현황
[ DEBUG      | Trader.py: 214		] 2018-10-02 14:57:24,692 > 거래량조회 알고리즘 실행
[ DEBUG      | Trader.py: 218		] 2018-10-02 14:57:36,696 > 매도 알고리즘 실행
[ DEBUG      | Trader.py: 542		] 2018-10-02 14:57:36,790 > 보유종목현황
[ DEBUG      | Trader.py: 214		] 2018-10-02 14:57:54,688 > 거래량조회 알고리즘 실행
[ DEBUG      | Trader.py: 218		] 2018-10-02 14:58:09,687 > 매도 알고리즘 실행
[ DEBUG      | Trader.py: 542		] 2018-10-02 14:58:09,828 > 보유종목현황
[ DEBUG      | Trader.py: 214		] 2018-10-02 14:58:24,693 > 거래량조회 알고리즘 실행
[ DEBUG      | Trader.py: 218		] 2018-10-02 14:58:42,700 > 매도 알고리즘 실행
[ DEBUG      | Trader.py: 542		] 2018-10-02 14:58:42,794 > 보유종목현황
[ DEBUG      | Trader.py: 214		] 2018-10-02 14:58:54,689 > 거래량조회 알고리즘 실행
[ DEBUG      | Trader.py: 218		] 2018-10-02 14:59:15,697 > 매도 알고리즘 실행
[ DEBUG      | Trader.py: 542		] 2018-10-02 14:59:15,791 > 보유종목현황
[ DEBUG      | Trader.py: 214		] 2018-10-02 14:59:24,701 > 거래량조회 알고리즘 실행
[ DEBUG      | Trader.py: 218		] 2018-10-02 14:59:48,694 > 매도 알고리즘 실행
[ DEBUG      | Trader.py: 542		] 2018-10-02 14:59:48,991 > 보유종목현황
[ DEBUG      | Trader.py: 214		] 2018-10-02 14:59:54,697 > 거래량조회 알고리즘 실행
[ DEBUG      | Trader.py: 218		] 2018-10-02 15:00:21,691 > 매도 알고리즘 실행
[ DEBUG      | Trader.py: 542		] 2018-10-02 15:00:21,785 > 보유종목현황
[ DEBUG      | Trader.py: 214		] 2018-10-02 15:00:24,692 > 거래량조회 알고리즘 실행
[ DEBUG      | Trader.py: 218		] 2018-10-02 15:00:54,687 > 매도 알고리즘 실행
[ DEBUG      | Trader.py: 214		] 2018-10-02 15:00:54,687 > 거래량조회 알고리즘 실행
[ DEBUG      | Trader.py: 542		] 2018-10-02 15:00:55,625 > 보유종목현황
[ DEBUG      | Trader.py: 214		] 2018-10-02 15:01:24,699 > 거래량조회 알고리즘 실행
[ DEBUG      | Trader.py: 218		] 2018-10-02 15:01:27,701 > 매도 알고리즘 실행
[ DEBUG      | Trader.py: 542		] 2018-10-02 15:01:27,795 > 보유종목현황
[ DEBUG      | Trader.py: 214		] 2018-10-02 15:01:54,696 > 거래량조회 알고리즘 실행
[ DEBUG      | Trader.py: 218		] 2018-10-02 15:02:00,699 > 매도 알고리즘 실행
[ DEBUG      | Trader.py: 542		] 2018-10-02 15:02:00,793 > 보유종목현황
[ DEBUG      | Trader.py: 214		] 2018-10-02 15:02:24,694 > 거래량조회 알고리즘 실행
[ DEBUG      | Trader.py: 218		] 2018-10-02 15:02:33,697 > 매도 알고리즘 실행
[ DEBUG      | Trader.py: 542		] 2018-10-02 15:02:33,791 > 보유종목현황
[ DEBUG      | Trader.py: 255		] 2018-10-02 15:02:54,690 > 중간보고
[ DEBUG      | Trader.py: 214		] 2018-10-02 15:02:54,690 > 거래량조회 알고리즘 실행
[ DEBUG      | Trader.py: 218		] 2018-10-02 15:03:06,695 > 매도 알고리즘 실행
[ DEBUG      | Trader.py: 542		] 2018-10-02 15:03:06,788 > 보유종목현황
[ DEBUG      | Trader.py: 214		] 2018-10-02 15:03:24,693 > 거래량조회 알고리즘 실행
[ DEBUG      | Trader.py: 218		] 2018-10-02 15:03:39,699 > 매도 알고리즘 실행
[ DEBUG      | Trader.py: 542		] 2018-10-02 15:03:39,902 > 보유종목현황
[ DEBUG      | Trader.py: 214		] 2018-10-02 15:03:54,689 > 거래량조회 알고리즘 실행
[ DEBUG      | Trader.py: 218		] 2018-10-02 15:04:12,696 > 매도 알고리즘 실행
[ DEBUG      | Trader.py: 542		] 2018-10-02 15:04:12,789 > 보유종목현황
[ DEBUG      | Trader.py: 214		] 2018-10-02 15:04:24,700 > 거래량조회 알고리즘 실행
[ DEBUG      | Trader.py: 218		] 2018-10-02 15:04:45,693 > 매도 알고리즘 실행
[ DEBUG      | Trader.py: 542		] 2018-10-02 15:04:45,787 > 보유종목현황
[ DEBUG      | Trader.py: 214		] 2018-10-02 15:04:54,696 > 거래량조회 알고리즘 실행
[ DEBUG      | Trader.py: 218		] 2018-10-02 15:05:18,690 > 매도 알고리즘 실행
[ DEBUG      | Trader.py: 542		] 2018-10-02 15:05:18,784 > 보유종목현황
[ DEBUG      | Trader.py: 214		] 2018-10-02 15:05:24,693 > 거래량조회 알고리즘 실행
[ DEBUG      | Trader.py: 218		] 2018-10-02 15:05:51,688 > 매도 알고리즘 실행
[ DEBUG      | Trader.py: 542		] 2018-10-02 15:05:51,922 > 보유종목현황
[ DEBUG      | Trader.py: 214		] 2018-10-02 15:05:54,689 > 거래량조회 알고리즘 실행
[ DEBUG      | Trader.py: 218		] 2018-10-02 15:06:24,701 > 매도 알고리즘 실행
[ DEBUG      | Trader.py: 214		] 2018-10-02 15:06:24,701 > 거래량조회 알고리즘 실행
[ DEBUG      | Trader.py: 542		] 2018-10-02 15:06:25,592 > 보유종목현황
[ DEBUG      | Trader.py: 214		] 2018-10-02 15:06:54,696 > 거래량조회 알고리즘 실행
[ DEBUG      | Trader.py: 218		] 2018-10-02 15:06:57,697 > 매도 알고리즘 실행
[ DEBUG      | Trader.py: 542		] 2018-10-02 15:06:57,806 > 보유종목현황
[ DEBUG      | Trader.py: 214		] 2018-10-02 15:07:24,691 > 거래량조회 알고리즘 실행
[ DEBUG      | Trader.py: 218		] 2018-10-02 15:07:30,694 > 매도 알고리즘 실행
[ DEBUG      | Trader.py: 542		] 2018-10-02 15:07:30,788 > 보유종목현황
[ DEBUG      | Trader.py: 214		] 2018-10-02 15:07:54,688 > 거래량조회 알고리즘 실행
[ DEBUG      | Trader.py: 218		] 2018-10-02 15:08:03,691 > 매도 알고리즘 실행
[ DEBUG      | Trader.py: 542		] 2018-10-02 15:08:03,785 > 보유종목현황
[ DEBUG      | Trader.py: 572		] 2018-10-02 15:08:03,785 > 손절매도
[ CRITICAL   | Trader.py: 393		] 2018-10-02 15:08:03,785 > 주문실행
[ DEBUG      | Trader.py: 214		] 2018-10-02 15:08:24,699 > 거래량조회 알고리즘 실행
[ DEBUG      | Trader.py: 218		] 2018-10-02 15:08:36,694 > 매도 알고리즘 실행
[ DEBUG      | Trader.py: 542		] 2018-10-02 15:08:36,788 > 보유종목현황
[ DEBUG      | Trader.py: 214		] 2018-10-02 15:08:54,700 > 거래량조회 알고리즘 실행
[ DEBUG      | Trader.py: 218		] 2018-10-02 15:09:09,690 > 매도 알고리즘 실행
[ DEBUG      | Trader.py: 542		] 2018-10-02 15:09:09,831 > 보유종목현황
[ DEBUG      | Trader.py: 214		] 2018-10-02 15:09:24,694 > 거래량조회 알고리즘 실행
[ DEBUG      | Trader.py: 218		] 2018-10-02 15:09:42,701 > 매도 알고리즘 실행
[ DEBUG      | Trader.py: 542		] 2018-10-02 15:09:42,795 > 보유종목현황
[ DEBUG      | Trader.py: 214		] 2018-10-02 15:09:54,690 > 거래량조회 알고리즘 실행
[ DEBUG      | Trader.py: 218		] 2018-10-02 15:10:15,697 > 매도 알고리즘 실행
[ DEBUG      | Trader.py: 542		] 2018-10-02 15:10:15,790 > 보유종목현황
[ DEBUG      | Trader.py: 214		] 2018-10-02 15:10:24,699 > 거래량조회 알고리즘 실행
[ DEBUG      | Trader.py: 218		] 2018-10-02 15:10:48,692 > 매도 알고리즘 실행
[ DEBUG      | Trader.py: 542		] 2018-10-02 15:10:48,786 > 보유종목현황
[ DEBUG      | Trader.py: 214		] 2018-10-02 15:10:54,694 > 거래량조회 알고리즘 실행
[ DEBUG      | Trader.py: 218		] 2018-10-02 15:11:21,687 > 매도 알고리즘 실행
[ DEBUG      | Trader.py: 542		] 2018-10-02 15:11:21,796 > 보유종목현황
[ DEBUG      | Trader.py: 214		] 2018-10-02 15:11:24,688 > 거래량조회 알고리즘 실행
[ DEBUG      | Trader.py: 218		] 2018-10-02 15:11:54,698 > 매도 알고리즘 실행
[ DEBUG      | Trader.py: 214		] 2018-10-02 15:11:54,698 > 거래량조회 알고리즘 실행
[ DEBUG      | Trader.py: 542		] 2018-10-02 15:11:55,651 > 보유종목현황
[ DEBUG      | Trader.py: 214		] 2018-10-02 15:12:24,693 > 거래량조회 알고리즘 실행
[ DEBUG      | Trader.py: 218		] 2018-10-02 15:12:27,694 > 매도 알고리즘 실행
[ DEBUG      | Trader.py: 542		] 2018-10-02 15:12:27,788 > 보유종목현황
[ DEBUG      | Trader.py: 214		] 2018-10-02 15:12:54,688 > 거래량조회 알고리즘 실행
[ DEBUG      | Trader.py: 218		] 2018-10-02 15:13:00,689 > 매도 알고리즘 실행
[ DEBUG      | Trader.py: 542		] 2018-10-02 15:13:00,799 > 보유종목현황
[ DEBUG      | Trader.py: 214		] 2018-10-02 15:13:24,698 > 거래량조회 알고리즘 실행
[ DEBUG      | Trader.py: 218		] 2018-10-02 15:13:33,700 > 매도 알고리즘 실행
[ DEBUG      | Trader.py: 542		] 2018-10-02 15:13:34,186 > 보유종목현황
[ DEBUG      | Trader.py: 214		] 2018-10-02 15:13:54,693 > 거래량조회 알고리즘 실행
[ DEBUG      | Trader.py: 218		] 2018-10-02 15:14:06,697 > 매도 알고리즘 실행
[ DEBUG      | Trader.py: 542		] 2018-10-02 15:14:06,791 > 보유종목현황
[ DEBUG      | Trader.py: 214		] 2018-10-02 15:14:24,688 > 거래량조회 알고리즘 실행
[ DEBUG      | Trader.py: 218		] 2018-10-02 15:14:39,693 > 매도 알고리즘 실행
[ DEBUG      | Trader.py: 542		] 2018-10-02 15:14:39,834 > 보유종목현황
[ DEBUG      | Trader.py: 214		] 2018-10-02 15:14:54,698 > 거래량조회 알고리즘 실행
[ DEBUG      | Trader.py: 218		] 2018-10-02 15:15:12,688 > 매도 알고리즘 실행
[ DEBUG      | Trader.py: 542		] 2018-10-02 15:15:13,048 > 보유종목현황
[ DEBUG      | Trader.py: 214		] 2018-10-02 15:15:24,692 > 거래량조회 알고리즘 실행
[ DEBUG      | Trader.py: 218		] 2018-10-02 15:15:45,699 > 매도 알고리즘 실행
[ DEBUG      | Trader.py: 542		] 2018-10-02 15:15:45,839 > 보유종목현황
[ DEBUG      | Trader.py: 214		] 2018-10-02 15:15:54,686 > 거래량조회 알고리즘 실행
[ DEBUG      | Trader.py: 483		] 2018-10-02 15:15:55,577 > 바이리스트 주문을 시작함
[ CRITICAL   | Trader.py: 496		] 2018-10-02 15:15:55,733 > 주문실행
[ CRITICAL   | Trader.py: 393		] 2018-10-02 15:15:57,265 > 주문실행
[ DEBUG      | Trader.py: 218		] 2018-10-02 15:16:18,694 > 매도 알고리즘 실행
[ DEBUG      | Trader.py: 542		] 2018-10-02 15:16:18,788 > 보유종목현황
[ DEBUG      | Trader.py: 214		] 2018-10-02 15:16:24,696 > 거래량조회 알고리즘 실행
[ DEBUG      | Trader.py: 218		] 2018-10-02 15:16:51,690 > 매도 알고리즘 실행
[ DEBUG      | Trader.py: 542		] 2018-10-02 15:16:51,830 > 보유종목현황
[ DEBUG      | Trader.py: 214		] 2018-10-02 15:16:54,691 > 거래량조회 알고리즘 실행
[ DEBUG      | Trader.py: 218		] 2018-10-02 15:17:24,701 > 매도 알고리즘 실행
[ DEBUG      | Trader.py: 214		] 2018-10-02 15:17:24,701 > 거래량조회 알고리즘 실행
[ DEBUG      | Trader.py: 542		] 2018-10-02 15:17:25,607 > 보유종목현황
[ DEBUG      | Trader.py: 214		] 2018-10-02 15:17:54,697 > 거래량조회 알고리즘 실행
[ DEBUG      | Trader.py: 483		] 2018-10-02 15:17:55,666 > 바이리스트 주문을 시작함
[ CRITICAL   | Trader.py: 496		] 2018-10-02 15:17:55,806 > 주문실행
[ CRITICAL   | Trader.py: 393		] 2018-10-02 15:17:57,339 > 주문실행
[ DEBUG      | Trader.py: 218		] 2018-10-02 15:17:57,855 > 매도 알고리즘 실행
[ DEBUG      | Trader.py: 542		] 2018-10-02 15:17:57,964 > 보유종목현황
[ DEBUG      | Trader.py: 214		] 2018-10-02 15:18:24,692 > 거래량조회 알고리즘 실행
[ DEBUG      | Trader.py: 218		] 2018-10-02 15:18:30,694 > 매도 알고리즘 실행
[ DEBUG      | Trader.py: 542		] 2018-10-02 15:18:30,788 > 보유종목현황
[ DEBUG      | Trader.py: 214		] 2018-10-02 15:18:54,687 > 거래량조회 알고리즘 실행
[ DEBUG      | Trader.py: 218		] 2018-10-02 15:19:03,690 > 매도 알고리즘 실행
[ DEBUG      | Trader.py: 542		] 2018-10-02 15:19:03,783 > 보유종목현황
[ DEBUG      | Trader.py: 214		] 2018-10-02 15:19:24,697 > 거래량조회 알고리즘 실행
[ DEBUG      | Trader.py: 218		] 2018-10-02 15:19:36,701 > 매도 알고리즘 실행
[ DEBUG      | Trader.py: 542		] 2018-10-02 15:19:36,810 > 보유종목현황
[ DEBUG      | Trader.py: 214		] 2018-10-02 15:19:54,691 > 거래량조회 알고리즘 실행
[ DEBUG      | Trader.py: 218		] 2018-10-02 15:20:09,696 > 매도 알고리즘 실행
[ DEBUG      | Trader.py: 542		] 2018-10-02 15:20:09,946 > 보유종목현황
[ DEBUG      | Trader.py: 214		] 2018-10-02 15:20:24,701 > 거래량조회 알고리즘 실행
[ DEBUG      | Trader.py: 218		] 2018-10-02 15:20:42,692 > 매도 알고리즘 실행
[ DEBUG      | Trader.py: 542		] 2018-10-02 15:20:43,036 > 보유종목현황
[ DEBUG      | Trader.py: 214		] 2018-10-02 15:20:54,697 > 거래량조회 알고리즘 실행
[ DEBUG      | Trader.py: 218		] 2018-10-02 15:21:15,688 > 매도 알고리즘 실행
[ DEBUG      | Trader.py: 542		] 2018-10-02 15:21:15,813 > 보유종목현황
[ DEBUG      | Trader.py: 214		] 2018-10-02 15:21:24,690 > 거래량조회 알고리즘 실행
[ DEBUG      | Trader.py: 218		] 2018-10-02 15:21:48,698 > 매도 알고리즘 실행
[ DEBUG      | Trader.py: 542		] 2018-10-02 15:21:48,823 > 보유종목현황
[ DEBUG      | Trader.py: 214		] 2018-10-02 15:21:54,700 > 거래량조회 알고리즘 실행
[ DEBUG      | Trader.py: 218		] 2018-10-02 15:22:21,694 > 매도 알고리즘 실행
[ DEBUG      | Trader.py: 542		] 2018-10-02 15:22:21,788 > 보유종목현황
[ DEBUG      | Trader.py: 214		] 2018-10-02 15:22:24,695 > 거래량조회 알고리즘 실행
[ DEBUG      | Trader.py: 218		] 2018-10-02 15:22:54,689 > 매도 알고리즘 실행
[ DEBUG      | Trader.py: 214		] 2018-10-02 15:22:54,689 > 거래량조회 알고리즘 실행
[ DEBUG      | Trader.py: 542		] 2018-10-02 15:22:55,674 > 보유종목현황
[ DEBUG      | Trader.py: 214		] 2018-10-02 15:23:24,699 > 거래량조회 알고리즘 실행
[ DEBUG      | Trader.py: 218		] 2018-10-02 15:23:27,700 > 매도 알고리즘 실행
[ DEBUG      | Trader.py: 542		] 2018-10-02 15:23:27,793 > 보유종목현황
[ DEBUG      | Trader.py: 214		] 2018-10-02 15:23:54,694 > 거래량조회 알고리즘 실행
[ DEBUG      | Trader.py: 218		] 2018-10-02 15:24:00,692 > 매도 알고리즘 실행
[ DEBUG      | Trader.py: 542		] 2018-10-02 15:24:00,786 > 보유종목현황
[ DEBUG      | Trader.py: 214		] 2018-10-02 15:24:24,701 > 거래량조회 알고리즘 실행
[ DEBUG      | Trader.py: 218		] 2018-10-02 15:24:33,689 > 매도 알고리즘 실행
[ DEBUG      | Trader.py: 542		] 2018-10-02 15:24:33,892 > 보유종목현황
[ DEBUG      | Trader.py: 214		] 2018-10-02 15:24:54,695 > 거래량조회 알고리즘 실행
[ DEBUG      | Trader.py: 218		] 2018-10-02 15:25:06,699 > 매도 알고리즘 실행
[ DEBUG      | Trader.py: 542		] 2018-10-02 15:25:06,793 > 보유종목현황
[ DEBUG      | Trader.py: 214		] 2018-10-02 15:25:24,689 > 거래량조회 알고리즘 실행
[ DEBUG      | Trader.py: 218		] 2018-10-02 15:25:39,694 > 매도 알고리즘 실행
[ DEBUG      | Trader.py: 542		] 2018-10-02 15:25:39,835 > 보유종목현황
[ DEBUG      | Trader.py: 214		] 2018-10-02 15:25:54,699 > 거래량조회 알고리즘 실행
[ DEBUG      | Trader.py: 218		] 2018-10-02 15:26:12,689 > 매도 알고리즘 실행
[ DEBUG      | Trader.py: 542		] 2018-10-02 15:26:12,783 > 보유종목현황
[ DEBUG      | Trader.py: 214		] 2018-10-02 15:26:24,693 > 거래량조회 알고리즘 실행
[ DEBUG      | Trader.py: 218		] 2018-10-02 15:26:45,701 > 매도 알고리즘 실행
[ DEBUG      | Trader.py: 542		] 2018-10-02 15:26:45,873 > 보유종목현황
[ DEBUG      | Trader.py: 214		] 2018-10-02 15:26:54,688 > 거래량조회 알고리즘 실행
[ DEBUG      | Trader.py: 218		] 2018-10-02 15:27:18,696 > 매도 알고리즘 실행
[ DEBUG      | Trader.py: 542		] 2018-10-02 15:27:18,789 > 보유종목현황
[ DEBUG      | Trader.py: 214		] 2018-10-02 15:27:24,698 > 거래량조회 알고리즘 실행
[ DEBUG      | Trader.py: 218		] 2018-10-02 15:27:51,691 > 매도 알고리즘 실행
[ DEBUG      | Trader.py: 542		] 2018-10-02 15:27:51,800 > 보유종목현황
[ DEBUG      | Trader.py: 214		] 2018-10-02 15:27:54,692 > 거래량조회 알고리즘 실행
[ DEBUG      | Trader.py: 218		] 2018-10-02 15:28:24,686 > 매도 알고리즘 실행
[ DEBUG      | Trader.py: 214		] 2018-10-02 15:28:24,686 > 거래량조회 알고리즘 실행
[ DEBUG      | Trader.py: 542		] 2018-10-02 15:28:25,592 > 보유종목현황
[ DEBUG      | Trader.py: 214		] 2018-10-02 15:28:54,696 > 거래량조회 알고리즘 실행
[ DEBUG      | Trader.py: 218		] 2018-10-02 15:28:57,697 > 매도 알고리즘 실행
[ DEBUG      | Trader.py: 542		] 2018-10-02 15:28:57,791 > 보유종목현황
[ DEBUG      | Trader.py: 214		] 2018-10-02 15:29:24,694 > 거래량조회 알고리즘 실행
[ DEBUG      | Trader.py: 218		] 2018-10-02 15:29:30,696 > 매도 알고리즘 실행
[ DEBUG      | Trader.py: 542		] 2018-10-02 15:29:30,805 > 보유종목현황
[ DEBUG      | Trader.py: 214		] 2018-10-02 15:29:54,688 > 거래량조회 알고리즘 실행
[ INFO       | Trader.py: 189		] 2018-10-02 15:30:00,486 > 장 종료알림
[ DEBUG      | Trader.py: 218		] 2018-10-02 15:30:03,691 > 매도 알고리즘 실행
[ DEBUG      | Trader.py: 542		] 2018-10-02 15:30:03,894 > 보유종목현황
[ DEBUG      | Trader.py: 214		] 2018-10-02 15:30:24,698 > 거래량조회 알고리즘 실행
[ DEBUG      | Trader.py: 218		] 2018-10-02 15:30:36,686 > 매도 알고리즘 실행
[ DEBUG      | Trader.py: 542		] 2018-10-02 15:30:36,780 > 보유종목현황
[ DEBUG      | Trader.py: 214		] 2018-10-02 15:30:54,692 > 거래량조회 알고리즘 실행
[ DEBUG      | Trader.py: 218		] 2018-10-02 15:31:09,697 > 매도 알고리즘 실행
[ DEBUG      | Trader.py: 542		] 2018-10-02 15:31:09,838 > 보유종목현황
[ DEBUG      | Trader.py: 214		] 2018-10-02 15:31:24,687 > 거래량조회 알고리즘 실행
[ DEBUG      | Trader.py: 483		] 2018-10-02 15:31:25,625 > 바이리스트 주문을 시작함
[ CRITICAL   | Trader.py: 496		] 2018-10-02 15:31:25,750 > 주문실행
[ CRITICAL   | Trader.py: 393		] 2018-10-02 15:31:27,282 > 주문실행
[ DEBUG      | Trader.py: 218		] 2018-10-02 15:31:42,693 > 매도 알고리즘 실행
[ DEBUG      | Trader.py: 542		] 2018-10-02 15:31:42,787 > 보유종목현황
[ DEBUG      | Trader.py: 214		] 2018-10-02 15:31:54,697 > 거래량조회 알고리즘 실행
[ DEBUG      | Trader.py: 218		] 2018-10-02 15:32:15,689 > 매도 알고리즘 실행
[ DEBUG      | Trader.py: 542		] 2018-10-02 15:32:15,783 > 보유종목현황
[ DEBUG      | Trader.py: 214		] 2018-10-02 15:32:24,692 > 거래량조회 알고리즘 실행
[ DEBUG      | Trader.py: 218		] 2018-10-02 15:32:48,700 > 매도 알고리즘 실행
[ DEBUG      | Trader.py: 542		] 2018-10-02 15:32:48,794 > 보유종목현황
[ DEBUG      | Trader.py: 255		] 2018-10-02 15:32:54,687 > 중간보고
[ DEBUG      | Trader.py: 214		] 2018-10-02 15:32:54,687 > 거래량조회 알고리즘 실행
[ DEBUG      | Trader.py: 218		] 2018-10-02 15:33:21,695 > 매도 알고리즘 실행
[ DEBUG      | Trader.py: 542		] 2018-10-02 15:33:21,804 > 보유종목현황
[ DEBUG      | Trader.py: 214		] 2018-10-02 15:33:24,696 > 거래량조회 알고리즘 실행
[ DEBUG      | Trader.py: 218		] 2018-10-02 15:33:54,691 > 매도 알고리즘 실행
[ DEBUG      | Trader.py: 214		] 2018-10-02 15:33:54,691 > 거래량조회 알고리즘 실행
[ DEBUG      | Trader.py: 542		] 2018-10-02 15:33:55,582 > 보유종목현황
[ DEBUG      | Trader.py: 214		] 2018-10-02 15:34:24,701 > 거래량조회 알고리즘 실행
[ DEBUG      | Trader.py: 218		] 2018-10-02 15:34:27,687 > 매도 알고리즘 실행
[ DEBUG      | Trader.py: 542		] 2018-10-02 15:34:27,780 > 보유종목현황
[ DEBUG      | Trader.py: 214		] 2018-10-02 15:34:54,695 > 거래량조회 알고리즘 실행
[ DEBUG      | Trader.py: 218		] 2018-10-02 15:35:00,697 > 매도 알고리즘 실행
[ DEBUG      | Trader.py: 542		] 2018-10-02 15:35:00,791 > 보유종목현황
[ DEBUG      | Trader.py: 214		] 2018-10-02 15:35:24,689 > 거래량조회 알고리즘 실행
[ DEBUG      | Trader.py: 218		] 2018-10-02 15:35:33,692 > 매도 알고리즘 실행
[ DEBUG      | Trader.py: 542		] 2018-10-02 15:35:33,817 > 보유종목현황
[ DEBUG      | Trader.py: 214		] 2018-10-02 15:35:54,699 > 거래량조회 알고리즘 실행
[ DEBUG      | Trader.py: 218		] 2018-10-02 15:36:06,688 > 매도 알고리즘 실행
[ DEBUG      | Trader.py: 542		] 2018-10-02 15:36:06,781 > 보유종목현황
[ DEBUG      | Trader.py: 214		] 2018-10-02 15:36:24,693 > 거래량조회 알고리즘 실행
[ DEBUG      | Trader.py: 218		] 2018-10-02 15:36:39,698 > 매도 알고리즘 실행
[ DEBUG      | Trader.py: 542		] 2018-10-02 15:36:39,838 > 보유종목현황
[ DEBUG      | Trader.py: 214		] 2018-10-02 15:36:54,688 > 거래량조회 알고리즘 실행
[ DEBUG      | Trader.py: 218		] 2018-10-02 15:37:12,694 > 매도 알고리즘 실행
[ DEBUG      | Trader.py: 542		] 2018-10-02 15:37:12,788 > 보유종목현황
[ DEBUG      | Trader.py: 214		] 2018-10-02 15:37:24,698 > 거래량조회 알고리즘 실행
[ DEBUG      | Trader.py: 218		] 2018-10-02 15:37:45,690 > 매도 알고리즘 실행
[ DEBUG      | Trader.py: 542		] 2018-10-02 15:37:45,830 > 보유종목현황
[ DEBUG      | Trader.py: 214		] 2018-10-02 15:37:54,693 > 거래량조회 알고리즘 실행
[ DEBUG      | Trader.py: 218		] 2018-10-02 15:38:18,687 > 매도 알고리즘 실행
[ DEBUG      | Trader.py: 542		] 2018-10-02 15:38:18,781 > 보유종목현황
[ DEBUG      | Trader.py: 214		] 2018-10-02 15:38:24,689 > 거래량조회 알고리즘 실행
[ DEBUG      | Trader.py: 218		] 2018-10-02 15:38:51,698 > 매도 알고리즘 실행
[ DEBUG      | Trader.py: 542		] 2018-10-02 15:38:51,839 > 보유종목현황
[ DEBUG      | Trader.py: 214		] 2018-10-02 15:38:54,699 > 거래량조회 알고리즘 실행
[ DEBUG      | Trader.py: 218		] 2018-10-02 15:39:24,693 > 매도 알고리즘 실행
[ DEBUG      | Trader.py: 214		] 2018-10-02 15:39:24,693 > 거래량조회 알고리즘 실행
[ DEBUG      | Trader.py: 542		] 2018-10-02 15:39:25,506 > 보유종목현황
[ DEBUG      | Trader.py: 214		] 2018-10-02 15:39:54,688 > 거래량조회 알고리즘 실행
[ DEBUG      | Trader.py: 218		] 2018-10-02 15:39:57,690 > 매도 알고리즘 실행
[ DEBUG      | Trader.py: 542		] 2018-10-02 15:39:57,784 > 보유종목현황
[ INFO       | Trader.py: 240		] 2018-10-02 15:40:09,694 > 장이 종료되어 알고리즘 중지
[ INFO       | Trader.py: 365		] 2018-10-02 15:40:09,694 > 매수전략1 실행/중지
[ CRITICAL   | Trader.py: 247		] 2018-10-02 15:40:11,727 > 컴퓨터 종료 카운트 시작
[ INFO       | Trader.py: 117		] 2018-10-02 15:40:11,727 > 프로그램이 종료되었습니다.
