[ INFO       | Trader 0.4.7.py: 120		] 2018-10-06 02:44:00,708 > 프로그램이 시작되었습니다.
[ DEBUG      | Trader 0.4.7.py: 632		] 2018-10-06 02:44:03,543 > etf,etn리스트 저장
[ DEBUG      | Trader 0.4.7.py: 332		] 2018-10-06 02:44:09,212 > 잔고조회
[ DEBUG      | Trader 0.4.7.py: 332		] 2018-10-06 02:44:14,682 > 잔고조회
[ DEBUG      | Trader 0.4.7.py: 228		] 2018-10-06 02:44:33,699 > 매도 알고리즘 실행
[ DEBUG      | Trader 0.4.7.py: 579		] 2018-10-06 02:44:33,799 > 보유종목현황
[ DEBUG      | Trader 0.4.7.py: 613		] 2018-10-06 02:44:33,800 > 손절매도
[ DEBUG      | Trader 0.4.7.py: 428		] 2018-10-06 02:44:33,800 > 장이 닫혀있어 주문하지 않았습니다.
[ DEBUG      | Trader 0.4.7.py: 228		] 2018-10-06 02:45:06,700 > 매도 알고리즘 실행
[ DEBUG      | Trader 0.4.7.py: 579		] 2018-10-06 02:45:06,784 > 보유종목현황
[ DEBUG      | Trader 0.4.7.py: 628		] 2018-10-06 02:45:06,785 > 이미 접수된 주문
[ DEBUG      | Trader 0.4.7.py: 228		] 2018-10-06 02:45:39,699 > 매도 알고리즘 실행
[ DEBUG      | Trader 0.4.7.py: 579		] 2018-10-06 02:45:39,805 > 보유종목현황
[ DEBUG      | Trader 0.4.7.py: 628		] 2018-10-06 02:45:39,805 > 이미 접수된 주문
[ DEBUG      | Trader 0.4.7.py: 228		] 2018-10-06 02:46:12,709 > 매도 알고리즘 실행
[ DEBUG      | Trader 0.4.7.py: 579		] 2018-10-06 02:46:12,806 > 보유종목현황
[ DEBUG      | Trader 0.4.7.py: 628		] 2018-10-06 02:46:12,807 > 이미 접수된 주문
[ DEBUG      | Trader 0.4.7.py: 228		] 2018-10-06 02:46:45,709 > 매도 알고리즘 실행
[ DEBUG      | Trader 0.4.7.py: 579		] 2018-10-06 02:46:45,803 > 보유종목현황
[ DEBUG      | Trader 0.4.7.py: 628		] 2018-10-06 02:46:45,803 > 이미 접수된 주문
[ DEBUG      | Trader 0.4.7.py: 228		] 2018-10-06 02:47:18,698 > 매도 알고리즘 실행
[ DEBUG      | Trader 0.4.7.py: 579		] 2018-10-06 02:47:18,798 > 보유종목현황
[ DEBUG      | Trader 0.4.7.py: 628		] 2018-10-06 02:47:18,799 > 이미 접수된 주문
[ DEBUG      | Trader 0.4.7.py: 228		] 2018-10-06 02:47:51,706 > 매도 알고리즘 실행
[ DEBUG      | Trader 0.4.7.py: 579		] 2018-10-06 02:47:51,806 > 보유종목현황
[ DEBUG      | Trader 0.4.7.py: 628		] 2018-10-06 02:47:51,806 > 이미 접수된 주문
[ DEBUG      | Trader 0.4.7.py: 228		] 2018-10-06 02:48:24,710 > 매도 알고리즘 실행
[ DEBUG      | Trader 0.4.7.py: 579		] 2018-10-06 02:48:24,795 > 보유종목현황
[ DEBUG      | Trader 0.4.7.py: 628		] 2018-10-06 02:48:24,795 > 이미 접수된 주문
[ INFO       | Trader 0.4.7.py: 376		] 2018-10-06 02:48:30,761 > 매수전략1 실행/중지
[ DEBUG      | Trader 0.4.7.py: 513		] 2018-10-06 02:48:33,615 > buy_list 저장완료
[ DEBUG      | Trader 0.4.7.py: 561		] 2018-10-06 02:48:33,616 > 거래량급증조회완료
[ DEBUG      | Trader 0.4.7.py: 228		] 2018-10-06 02:48:57,708 > 매도 알고리즘 실행
[ DEBUG      | Trader 0.4.7.py: 579		] 2018-10-06 02:48:57,809 > 보유종목현황
[ DEBUG      | Trader 0.4.7.py: 628		] 2018-10-06 02:48:57,809 > 이미 접수된 주문
[ DEBUG      | Trader 0.4.7.py: 224		] 2018-10-06 02:49:00,705 > 거래량조회 알고리즘 실행
[ DEBUG      | Trader 0.4.7.py: 513		] 2018-10-06 02:49:01,911 > buy_list 저장완료
[ DEBUG      | Trader 0.4.7.py: 561		] 2018-10-06 02:49:01,911 > 거래량급증조회완료
[ DEBUG      | Trader 0.4.7.py: 228		] 2018-10-06 02:49:30,709 > 매도 알고리즘 실행
[ DEBUG      | Trader 0.4.7.py: 224		] 2018-10-06 02:49:30,719 > 거래량조회 알고리즘 실행
[ DEBUG      | Trader 0.4.7.py: 513		] 2018-10-06 02:49:31,958 > buy_list 저장완료
[ DEBUG      | Trader 0.4.7.py: 561		] 2018-10-06 02:49:31,958 > 거래량급증조회완료
[ DEBUG      | Trader 0.4.7.py: 579		] 2018-10-06 02:49:31,966 > 보유종목현황
[ DEBUG      | Trader 0.4.7.py: 628		] 2018-10-06 02:49:31,967 > 이미 접수된 주문
[ INFO       | Trader 0.4.7.py: 128		] 2018-10-06 02:49:53,064 > 프로그램이 종료되었습니다.
[ INFO       | Trader 0.4.7.py: 376		] 2018-10-06 02:49:53,064 > 매수전략1 실행/중지
